# JRE version: Java(TM) SE Runtime Environment (7.0_55-b14) (build 1.7.0_55-b14)
# Java VM: Java HotSpot(TM) Client VM (24.55-b03 mixed mode windows-x86 )
Heap
 def new generation   total 4992K, used 373K [0x03960000, 0x03ec0000, 0x08eb0000)
  eden space 4480K,   3% used [0x03960000, 0x039880c0, 0x03dc0000)
  from space 512K,  41% used [0x03dc0000, 0x03df54e8, 0x03e40000)
  to   space 512K,   0% used [0x03e40000, 0x03e40000, 0x03ec0000)
 tenured generation   total 10944K, used 8965K [0x08eb0000, 0x09960000, 0x13960000)
   the space 10944K,  81% used [0x08eb0000, 0x097717c0, 0x09771800, 0x09960000)
 compacting perm gen  total 12288K, used 5933K [0x13960000, 0x14560000, 0x17960000)
   the space 12288K,  48% used [0x13960000, 0x13f2b648, 0x13f2b800, 0x14560000)
GC Heap History (10 events):
Event: 276.417 GC heap before
{Heap before GC invocations=31 (full 1):
 def new generation   total 4992K, used 4710K [0x03960000, 0x03ec0000, 0x08eb0000)
  eden space 4480K,  99% used [0x03960000, 0x03dbed00, 0x03dc0000)
  from space 512K,  45% used [0x03e40000, 0x03e7acd0, 0x03ec0000)
  to   space 512K,   0% used [0x03dc0000, 0x03dc0000, 0x03e40000)
 tenured generation   total 10944K, used 5422K [0x08eb0000, 0x09960000, 0x13960000)
   the space 10944K,  49% used [0x08eb0000, 0x093fb998, 0x093fba00, 0x09960000)
 compacting perm gen  total 12288K, used 5933K [0x13960000, 0x14560000, 0x17960000)
   the space 12288K,  48% used [0x13960000, 0x13f2b648, 0x13f2b800, 0x14560000)
No shared spaces configured.
Event: 276.419 GC heap after
Heap after GC invocations=32 (full 1):
 def new generation   total 4992K, used 512K [0x03960000, 0x03ec0000, 0x08eb0000)
  eden space 4480K,   0% used [0x03960000, 0x03960000, 0x03dc0000)
  from space 512K, 100% used [0x03dc0000, 0x03e40000, 0x03e40000)
  to   space 512K,   0% used [0x03e40000, 0x03e40000, 0x03ec0000)
 tenured generation   total 10944K, used 5803K [0x08eb0000, 0x09960000, 0x13960000)
   the space 10944K,  53% used [0x08eb0000, 0x0945ad68, 0x0945ae00, 0x09960000)
 compacting perm gen  total 12288K, used 5933K [0x13960000, 0x14560000, 0x17960000)
   the space 12288K,  48% used [0x13960000, 0x13f2b648, 0x13f2b800, 0x14560000)
No shared spaces configured.
}
Event: 276.617 GC heap before
{Heap before GC invocations=32 (full 1):
 def new generation   total 4992K, used 4954K [0x03960000, 0x03ec0000, 0x08eb0000)
  eden space 4480K,  99% used [0x03960000, 0x03db6bf0, 0x03dc0000)
  from space 512K, 100% used [0x03dc0000, 0x03e40000, 0x03e40000)
  to   space 512K,   0% used [0x03e40000, 0x03e40000, 0x03ec0000)
 tenured generation   total 10944K, used 5803K [0x08eb0000, 0x09960000, 0x13960000)
   the space 10944K,  53% used [0x08eb0000, 0x0945ad68, 0x0945ae00, 0x09960000)
 compacting perm gen  total 12288K, used 5933K [0x13960000, 0x14560000, 0x17960000)
   the space 12288K,  48% used [0x13960000, 0x13f2b648, 0x13f2b800, 0x14560000)
No shared spaces configured.
Event: 276.627 GC heap after
Heap after GC invocations=33 (full 1):
 def new generation   total 4992K, used 512K [0x03960000, 0x03ec0000, 0x08eb0000)
  eden space 4480K,   0% used [0x03960000, 0x03960000, 0x03dc0000)
  from space 512K, 100% used [0x03e40000, 0x03ec0000, 0x03ec0000)
  to   space 512K,   0% used [0x03dc0000, 0x03dc0000, 0x03e40000)
 tenured generation   total 10944K, used 8514K [0x08eb0000, 0x09960000, 0x13960000)
   the space 10944K,  77% used [0x08eb0000, 0x09700ac8, 0x09700c00, 0x09960000)
 compacting perm gen  total 12288K, used 5933K [0x13960000, 0x14560000, 0x17960000)
   the space 12288K,  48% used [0x13960000, 0x13f2b648, 0x13f2b800, 0x14560000)
No shared spaces configured.
}
Event: 280.818 GC heap before
{Heap before GC invocations=33 (full 1):
 def new generation   total 4992K, used 4992K [0x03960000, 0x03ec0000, 0x08eb0000)
  eden space 4480K, 100% used [0x03960000, 0x03dc0000, 0x03dc0000)
  from space 512K, 100% used [0x03e40000, 0x03ec0000, 0x03ec0000)
  to   space 512K,   0% used [0x03dc0000, 0x03dc0000, 0x03e40000)
 tenured generation   total 10944K, used 8514K [0x08eb0000, 0x09960000, 0x13960000)
   the space 10944K,  77% used [0x08eb0000, 0x09700ac8, 0x09700c00, 0x09960000)
 compacting perm gen  total 12288K, used 5933K [0x13960000, 0x14560000, 0x17960000)
   the space 12288K,  48% used [0x13960000, 0x13f2b648, 0x13f2b800, 0x14560000)
No shared spaces configured.
Event: 280.820 GC heap after
Heap after GC invocations=34 (full 1):
 def new generation   total 4992K, used 199K [0x03960000, 0x03ec0000, 0x08eb0000)
  eden space 4480K,   0% used [0x03960000, 0x03960000, 0x03dc0000)
  from space 512K,  39% used [0x03dc0000, 0x03df1f30, 0x03e40000)
  to   space 512K,   0% used [0x03e40000, 0x03e40000, 0x03ec0000)
 tenured generation   total 10944K, used 8965K [0x08eb0000, 0x09960000, 0x13960000)
   the space 10944K,  81% used [0x08eb0000, 0x097717c0, 0x09771800, 0x09960000)
 compacting perm gen  total 12288K, used 5933K [0x13960000, 0x14560000, 0x17960000)
   the space 12288K,  48% used [0x13960000, 0x13f2b648, 0x13f2b800, 0x14560000)
No shared spaces configured.
}
Event: 288.963 GC heap before
{Heap before GC invocations=34 (full 1):
 def new generation   total 4992K, used 4679K [0x03960000, 0x03ec0000, 0x08eb0000)
  eden space 4480K, 100% used [0x03960000, 0x03dc0000, 0x03dc0000)
  from space 512K,  39% used [0x03dc0000, 0x03df1f30, 0x03e40000)
  to   space 512K,   0% used [0x03e40000, 0x03e40000, 0x03ec0000)
 tenured generation   total 10944K, used 8965K [0x08eb0000, 0x09960000, 0x13960000)
   the space 10944K,  81% used [0x08eb0000, 0x097717c0, 0x09771800, 0x09960000)
 compacting perm gen  total 12288K, used 5933K [0x13960000, 0x14560000, 0x17960000)
   the space 12288K,  48% used [0x13960000, 0x13f2b648, 0x13f2b800, 0x14560000)
No shared spaces configured.
Event: 288.963 GC heap after
Heap after GC invocations=35 (full 1):
 def new generation   total 4992K, used 182K [0x03960000, 0x03ec0000, 0x08eb0000)
  eden space 4480K,   0% used [0x03960000, 0x03960000, 0x03dc0000)
  from space 512K,  35% used [0x03e40000, 0x03e6da70, 0x03ec0000)
  to   space 512K,   0% used [0x03dc0000, 0x03dc0000, 0x03e40000)
 tenured generation   total 10944K, used 8965K [0x08eb0000, 0x09960000, 0x13960000)
   the space 10944K,  81% used [0x08eb0000, 0x097717c0, 0x09771800, 0x09960000)
 compacting perm gen  total 12288K, used 5933K [0x13960000, 0x14560000, 0x17960000)
   the space 12288K,  48% used [0x13960000, 0x13f2b648, 0x13f2b800, 0x14560000)
No shared spaces configured.
}
Event: 298.914 GC heap before
{Heap before GC invocations=35 (full 1):
 def new generation   total 4992K, used 4662K [0x03960000, 0x03ec0000, 0x08eb0000)
  eden space 4480K, 100% used [0x03960000, 0x03dc0000, 0x03dc0000)
  from space 512K,  35% used [0x03e40000, 0x03e6da70, 0x03ec0000)
  to   space 512K,   0% used [0x03dc0000, 0x03dc0000, 0x03e40000)
 tenured generation   total 10944K, used 8965K [0x08eb0000, 0x09960000, 0x13960000)
   the space 10944K,  81% used [0x08eb0000, 0x097717c0, 0x09771800, 0x09960000)
 compacting perm gen  total 12288K, used 5933K [0x13960000, 0x14560000, 0x17960000)
   the space 12288K,  48% used [0x13960000, 0x13f2b648, 0x13f2b800, 0x14560000)
No shared spaces configured.
Event: 298.915 GC heap after
Heap after GC invocations=36 (full 1):
 def new generation   total 4992K, used 213K [0x03960000, 0x03ec0000, 0x08eb0000)
  eden space 4480K,   0% used [0x03960000, 0x03960000, 0x03dc0000)
  from space 512K,  41% used [0x03dc0000, 0x03df54e8, 0x03e40000)
  to   space 512K,   0% used [0x03e40000, 0x03e40000, 0x03ec0000)
 tenured generation   total 10944K, used 8965K [0x08eb0000, 0x09960000, 0x13960000)
   the space 10944K,  81% used [0x08eb0000, 0x097717c0, 0x09771800, 0x09960000)
 compacting perm gen  total 12288K, used 5933K [0x13960000, 0x14560000, 0x17960000)
   the space 12288K,  48% used [0x13960000, 0x13f2b648, 0x13f2b800, 0x14560000)
No shared spaces configured.
}

