# JRE version: Java(TM) SE Runtime Environment (7.0_55-b14) (build 1.7.0_55-b14)
# Java VM: Java HotSpot(TM) Client VM (24.55-b03 mixed mode windows-x86 )
Heap
 def new generation   total 4928K, used 3255K [0x03ce0000, 0x04230000, 0x09230000)
  eden space 4416K,  62% used [0x03ce0000, 0x03f8dd90, 0x04130000)
  from space 512K, 100% used [0x04130000, 0x041b0000, 0x041b0000)
  to   space 512K,   0% used [0x041b0000, 0x041b0000, 0x04230000)
 tenured generation   total 10944K, used 6431K [0x09230000, 0x09ce0000, 0x13ce0000)
   the space 10944K,  58% used [0x09230000, 0x09877ff8, 0x09878000, 0x09ce0000)
 compacting perm gen  total 12288K, used 6102K [0x13ce0000, 0x148e0000, 0x17ce0000)
   the space 12288K,  49% used [0x13ce0000, 0x142d5b20, 0x142d5c00, 0x148e0000)
GC Heap History (10 events):
Event: 2.340 GC heap before
{Heap before GC invocations=3 (full 0):
 def new generation   total 4928K, used 4581K [0x03ce0000, 0x04230000, 0x09230000)
  eden space 4416K,  92% used [0x03ce0000, 0x040d97d0, 0x04130000)
  from space 512K, 100% used [0x041b0000, 0x04230000, 0x04230000)
  to   space 512K,   0% used [0x04130000, 0x04130000, 0x041b0000)
 tenured generation   total 10944K, used 2681K [0x09230000, 0x09ce0000, 0x13ce0000)
   the space 10944K,  24% used [0x09230000, 0x094ce648, 0x094ce800, 0x09ce0000)
 compacting perm gen  total 12288K, used 5297K [0x13ce0000, 0x148e0000, 0x17ce0000)
   the space 12288K,  43% used [0x13ce0000, 0x1420c4e8, 0x1420c600, 0x148e0000)
No shared spaces configured.
Event: 2.343 GC heap after
Heap after GC invocations=4 (full 0):
 def new generation   total 4928K, used 324K [0x03ce0000, 0x04230000, 0x09230000)
  eden space 4416K,   0% used [0x03ce0000, 0x03ce0000, 0x04130000)
  from space 512K,  63% used [0x04130000, 0x04181138, 0x041b0000)
  to   space 512K,   0% used [0x041b0000, 0x041b0000, 0x04230000)
 tenured generation   total 10944K, used 2961K [0x09230000, 0x09ce0000, 0x13ce0000)
   the space 10944K,  27% used [0x09230000, 0x095144a0, 0x09514600, 0x09ce0000)
 compacting perm gen  total 12288K, used 5297K [0x13ce0000, 0x148e0000, 0x17ce0000)
   the space 12288K,  43% used [0x13ce0000, 0x1420c4e8, 0x1420c600, 0x148e0000)
No shared spaces configured.
}
Event: 4.551 GC heap before
{Heap before GC invocations=4 (full 0):
 def new generation   total 4928K, used 4723K [0x03ce0000, 0x04230000, 0x09230000)
  eden space 4416K,  99% used [0x03ce0000, 0x0412bcd8, 0x04130000)
  from space 512K,  63% used [0x04130000, 0x04181138, 0x041b0000)
  to   space 512K,   0% used [0x041b0000, 0x041b0000, 0x04230000)
 tenured generation   total 10944K, used 2961K [0x09230000, 0x09ce0000, 0x13ce0000)
   the space 10944K,  27% used [0x09230000, 0x095144a0, 0x09514600, 0x09ce0000)
 compacting perm gen  total 12288K, used 5672K [0x13ce0000, 0x148e0000, 0x17ce0000)
   the space 12288K,  46% used [0x13ce0000, 0x1426a330, 0x1426a400, 0x148e0000)
No shared spaces configured.
Event: 4.554 GC heap after
Heap after GC invocations=5 (full 0):
 def new generation   total 4928K, used 512K [0x03ce0000, 0x04230000, 0x09230000)
  eden space 4416K,   0% used [0x03ce0000, 0x03ce0000, 0x04130000)
  from space 512K, 100% used [0x041b0000, 0x04230000, 0x04230000)
  to   space 512K,   0% used [0x04130000, 0x04130000, 0x041b0000)
 tenured generation   total 10944K, used 3154K [0x09230000, 0x09ce0000, 0x13ce0000)
   the space 10944K,  28% used [0x09230000, 0x09544a98, 0x09544c00, 0x09ce0000)
 compacting perm gen  total 12288K, used 5672K [0x13ce0000, 0x148e0000, 0x17ce0000)
   the space 12288K,  46% used [0x13ce0000, 0x1426a330, 0x1426a400, 0x148e0000)
No shared spaces configured.
}
Event: 5.725 GC heap before
{Heap before GC invocations=5 (full 0):
 def new generation   total 4928K, used 4928K [0x03ce0000, 0x04230000, 0x09230000)
  eden space 4416K, 100% used [0x03ce0000, 0x04130000, 0x04130000)
  from space 512K, 100% used [0x041b0000, 0x04230000, 0x04230000)
  to   space 512K,   0% used [0x04130000, 0x04130000, 0x041b0000)
 tenured generation   total 10944K, used 3154K [0x09230000, 0x09ce0000, 0x13ce0000)
   the space 10944K,  28% used [0x09230000, 0x09544a98, 0x09544c00, 0x09ce0000)
 compacting perm gen  total 12288K, used 5768K [0x13ce0000, 0x148e0000, 0x17ce0000)
   the space 12288K,  46% used [0x13ce0000, 0x14282120, 0x14282200, 0x148e0000)
No shared spaces configured.
Event: 5.729 GC heap after
Heap after GC invocations=6 (full 0):
 def new generation   total 4928K, used 512K [0x03ce0000, 0x04230000, 0x09230000)
  eden space 4416K,   0% used [0x03ce0000, 0x03ce0000, 0x04130000)
  from space 512K, 100% used [0x04130000, 0x041b0000, 0x041b0000)
  to   space 512K,   0% used [0x041b0000, 0x041b0000, 0x04230000)
 tenured generation   total 10944K, used 3529K [0x09230000, 0x09ce0000, 0x13ce0000)
   the space 10944K,  32% used [0x09230000, 0x095a2440, 0x095a2600, 0x09ce0000)
 compacting perm gen  total 12288K, used 5768K [0x13ce0000, 0x148e0000, 0x17ce0000)
   the space 12288K,  46% used [0x13ce0000, 0x14282120, 0x14282200, 0x148e0000)
No shared spaces configured.
}
Event: 6.019 GC heap before
{Heap before GC invocations=6 (full 0):
 def new generation   total 4928K, used 4928K [0x03ce0000, 0x04230000, 0x09230000)
  eden space 4416K, 100% used [0x03ce0000, 0x04130000, 0x04130000)
  from space 512K, 100% used [0x04130000, 0x041b0000, 0x041b0000)
  to   space 512K,   0% used [0x041b0000, 0x041b0000, 0x04230000)
 tenured generation   total 10944K, used 3529K [0x09230000, 0x09ce0000, 0x13ce0000)
   the space 10944K,  32% used [0x09230000, 0x095a2440, 0x095a2600, 0x09ce0000)
 compacting perm gen  total 12288K, used 5951K [0x13ce0000, 0x148e0000, 0x17ce0000)
   the space 12288K,  48% used [0x13ce0000, 0x142afde8, 0x142afe00, 0x148e0000)
No shared spaces configured.
Event: 6.033 GC heap after
Heap after GC invocations=7 (full 0):
 def new generation   total 4928K, used 512K [0x03ce0000, 0x04230000, 0x09230000)
  eden space 4416K,   0% used [0x03ce0000, 0x03ce0000, 0x04130000)
  from space 512K, 100% used [0x041b0000, 0x04230000, 0x04230000)
  to   space 512K,   0% used [0x04130000, 0x04130000, 0x041b0000)
 tenured generation   total 10944K, used 5800K [0x09230000, 0x09ce0000, 0x13ce0000)
   the space 10944K,  53% used [0x09230000, 0x097da1d8, 0x097da200, 0x09ce0000)
 compacting perm gen  total 12288K, used 5951K [0x13ce0000, 0x148e0000, 0x17ce0000)
   the space 12288K,  48% used [0x13ce0000, 0x142afde8, 0x142afe00, 0x148e0000)
No shared spaces configured.
}
Event: 11.662 GC heap before
{Heap before GC invocations=7 (full 0):
 def new generation   total 4928K, used 4928K [0x03ce0000, 0x04230000, 0x09230000)
  eden space 4416K, 100% used [0x03ce0000, 0x04130000, 0x04130000)
  from space 512K, 100% used [0x041b0000, 0x04230000, 0x04230000)
  to   space 512K,   0% used [0x04130000, 0x04130000, 0x041b0000)
 tenured generation   total 10944K, used 5800K [0x09230000, 0x09ce0000, 0x13ce0000)
   the space 10944K,  53% used [0x09230000, 0x097da1d8, 0x097da200, 0x09ce0000)
 compacting perm gen  total 12288K, used 6102K [0x13ce0000, 0x148e0000, 0x17ce0000)
   the space 12288K,  49% used [0x13ce0000, 0x142d5ad0, 0x142d5c00, 0x148e0000)
No shared spaces configured.
Event: 11.668 GC heap after
Heap after GC invocations=8 (full 0):
 def new generation   total 4928K, used 512K [0x03ce0000, 0x04230000, 0x09230000)
  eden space 4416K,   0% used [0x03ce0000, 0x03ce0000, 0x04130000)
  from space 512K, 100% used [0x04130000, 0x041b0000, 0x041b0000)
  to   space 512K,   0% used [0x041b0000, 0x041b0000, 0x04230000)
 tenured generation   total 10944K, used 6431K [0x09230000, 0x09ce0000, 0x13ce0000)
   the space 10944K,  58% used [0x09230000, 0x09877ff8, 0x09878000, 0x09ce0000)
 compacting perm gen  total 12288K, used 6102K [0x13ce0000, 0x148e0000, 0x17ce0000)
   the space 12288K,  49% used [0x13ce0000, 0x142d5ad0, 0x142d5c00, 0x148e0000)
No shared spaces configured.
}

