# JRE version: Java(TM) SE Runtime Environment (7.0_55-b14) (build 1.7.0_55-b14)
# Java VM: Java HotSpot(TM) Client VM (24.55-b03 mixed mode windows-x86 )
Heap
 def new generation   total 4928K, used 2737K [0x03970000, 0x03ec0000, 0x08ec0000)
  eden space 4416K,  50% used [0x03970000, 0x03b9c4f8, 0x03dc0000)
  from space 512K, 100% used [0x03e40000, 0x03ec0000, 0x03ec0000)
  to   space 512K,   0% used [0x03dc0000, 0x03dc0000, 0x03e40000)
 tenured generation   total 10944K, used 8990K [0x08ec0000, 0x09970000, 0x13970000)
   the space 10944K,  82% used [0x08ec0000, 0x09787b48, 0x09787c00, 0x09970000)
 compacting perm gen  total 12288K, used 5418K [0x13970000, 0x14570000, 0x17970000)
   the space 12288K,  44% used [0x13970000, 0x13ebab70, 0x13ebac00, 0x14570000)
GC Heap History (10 events):
Event: 14.162 GC heap before
{Heap before GC invocations=6 (full 0):
 def new generation   total 4928K, used 2450K [0x03970000, 0x03ec0000, 0x08ec0000)
  eden space 4416K,  52% used [0x03970000, 0x03bb77a8, 0x03dc0000)
  from space 512K,  22% used [0x03dc0000, 0x03ddd100, 0x03e40000)
  to   space 512K,   0% used [0x03e40000, 0x03e40000, 0x03ec0000)
 tenured generation   total 10944K, used 3230K [0x08ec0000, 0x09970000, 0x13970000)
   the space 10944K,  29% used [0x08ec0000, 0x091e7bf8, 0x091e7c00, 0x09970000)
 compacting perm gen  total 12288K, used 4873K [0x13970000, 0x14570000, 0x17970000)
   the space 12288K,  39% used [0x13970000, 0x13e32568, 0x13e32600, 0x14570000)
No shared spaces configured.
Event: 14.163 GC heap after
Heap after GC invocations=7 (full 0):
 def new generation   total 4928K, used 44K [0x03970000, 0x03ec0000, 0x08ec0000)
  eden space 4416K,   0% used [0x03970000, 0x03970000, 0x03dc0000)
  from space 512K,   8% used [0x03e40000, 0x03e4b1b0, 0x03ec0000)
  to   space 512K,   0% used [0x03dc0000, 0x03dc0000, 0x03e40000)
 tenured generation   total 10944K, used 3230K [0x08ec0000, 0x09970000, 0x13970000)
   the space 10944K,  29% used [0x08ec0000, 0x091e7bf8, 0x091e7c00, 0x09970000)
 compacting perm gen  total 12288K, used 4873K [0x13970000, 0x14570000, 0x17970000)
   the space 12288K,  39% used [0x13970000, 0x13e32568, 0x13e32600, 0x14570000)
No shared spaces configured.
}
Event: 14.572 GC heap before
{Heap before GC invocations=7 (full 0):
 def new generation   total 4928K, used 4430K [0x03970000, 0x03ec0000, 0x08ec0000)
  eden space 4416K,  99% used [0x03970000, 0x03db8a10, 0x03dc0000)
  from space 512K,   8% used [0x03e40000, 0x03e4b1b0, 0x03ec0000)
  to   space 512K,   0% used [0x03dc0000, 0x03dc0000, 0x03e40000)
 tenured generation   total 10944K, used 3230K [0x08ec0000, 0x09970000, 0x13970000)
   the space 10944K,  29% used [0x08ec0000, 0x091e7bf8, 0x091e7c00, 0x09970000)
 compacting perm gen  total 12288K, used 4995K [0x13970000, 0x14570000, 0x17970000)
   the space 12288K,  40% used [0x13970000, 0x13e50ec0, 0x13e51000, 0x14570000)
No shared spaces configured.
Event: 14.574 GC heap after
Heap after GC invocations=8 (full 0):
 def new generation   total 4928K, used 495K [0x03970000, 0x03ec0000, 0x08ec0000)
  eden space 4416K,   0% used [0x03970000, 0x03970000, 0x03dc0000)
  from space 512K,  96% used [0x03dc0000, 0x03e3bc80, 0x03e40000)
  to   space 512K,   0% used [0x03e40000, 0x03e40000, 0x03ec0000)
 tenured generation   total 10944K, used 3230K [0x08ec0000, 0x09970000, 0x13970000)
   the space 10944K,  29% used [0x08ec0000, 0x091e7bf8, 0x091e7c00, 0x09970000)
 compacting perm gen  total 12288K, used 4995K [0x13970000, 0x14570000, 0x17970000)
   the space 12288K,  40% used [0x13970000, 0x13e50ec0, 0x13e51000, 0x14570000)
No shared spaces configured.
}
Event: 15.539 GC heap before
{Heap before GC invocations=8 (full 0):
 def new generation   total 4928K, used 4892K [0x03970000, 0x03ec0000, 0x08ec0000)
  eden space 4416K,  99% used [0x03970000, 0x03dbb750, 0x03dc0000)
  from space 512K,  96% used [0x03dc0000, 0x03e3bc80, 0x03e40000)
  to   space 512K,   0% used [0x03e40000, 0x03e40000, 0x03ec0000)
 tenured generation   total 10944K, used 3230K [0x08ec0000, 0x09970000, 0x13970000)
   the space 10944K,  29% used [0x08ec0000, 0x091e7bf8, 0x091e7c00, 0x09970000)
 compacting perm gen  total 12288K, used 5114K [0x13970000, 0x14570000, 0x17970000)
   the space 12288K,  41% used [0x13970000, 0x13e6eb40, 0x13e6ec00, 0x14570000)
No shared spaces configured.
Event: 15.550 GC heap after
Heap after GC invocations=9 (full 0):
 def new generation   total 4928K, used 512K [0x03970000, 0x03ec0000, 0x08ec0000)
  eden space 4416K,   0% used [0x03970000, 0x03970000, 0x03dc0000)
  from space 512K, 100% used [0x03e40000, 0x03ec0000, 0x03ec0000)
  to   space 512K,   0% used [0x03dc0000, 0x03dc0000, 0x03e40000)
 tenured generation   total 10944K, used 4635K [0x08ec0000, 0x09970000, 0x13970000)
   the space 10944K,  42% used [0x08ec0000, 0x09346c98, 0x09346e00, 0x09970000)
 compacting perm gen  total 12288K, used 5114K [0x13970000, 0x14570000, 0x17970000)
   the space 12288K,  41% used [0x13970000, 0x13e6eb40, 0x13e6ec00, 0x14570000)
No shared spaces configured.
}
Event: 16.172 GC heap before
{Heap before GC invocations=9 (full 0):
 def new generation   total 4928K, used 4928K [0x03970000, 0x03ec0000, 0x08ec0000)
  eden space 4416K, 100% used [0x03970000, 0x03dc0000, 0x03dc0000)
  from space 512K, 100% used [0x03e40000, 0x03ec0000, 0x03ec0000)
  to   space 512K,   0% used [0x03dc0000, 0x03dc0000, 0x03e40000)
 tenured generation   total 10944K, used 4635K [0x08ec0000, 0x09970000, 0x13970000)
   the space 10944K,  42% used [0x08ec0000, 0x09346c98, 0x09346e00, 0x09970000)
 compacting perm gen  total 12288K, used 5153K [0x13970000, 0x14570000, 0x17970000)
   the space 12288K,  41% used [0x13970000, 0x13e78480, 0x13e78600, 0x14570000)
No shared spaces configured.
Event: 16.186 GC heap after
Heap after GC invocations=10 (full 0):
 def new generation   total 4928K, used 512K [0x03970000, 0x03ec0000, 0x08ec0000)
  eden space 4416K,   0% used [0x03970000, 0x03970000, 0x03dc0000)
  from space 512K, 100% used [0x03dc0000, 0x03e40000, 0x03e40000)
  to   space 512K,   0% used [0x03e40000, 0x03e40000, 0x03ec0000)
 tenured generation   total 10944K, used 7558K [0x08ec0000, 0x09970000, 0x13970000)
   the space 10944K,  69% used [0x08ec0000, 0x096218d8, 0x09621a00, 0x09970000)
 compacting perm gen  total 12288K, used 5153K [0x13970000, 0x14570000, 0x17970000)
   the space 12288K,  41% used [0x13970000, 0x13e78480, 0x13e78600, 0x14570000)
No shared spaces configured.
}
Event: 16.462 GC heap before
{Heap before GC invocations=10 (full 0):
 def new generation   total 4928K, used 4928K [0x03970000, 0x03ec0000, 0x08ec0000)
  eden space 4416K, 100% used [0x03970000, 0x03dc0000, 0x03dc0000)
  from space 512K, 100% used [0x03dc0000, 0x03e40000, 0x03e40000)
  to   space 512K,   0% used [0x03e40000, 0x03e40000, 0x03ec0000)
 tenured generation   total 10944K, used 7558K [0x08ec0000, 0x09970000, 0x13970000)
   the space 10944K,  69% used [0x08ec0000, 0x096218d8, 0x09621a00, 0x09970000)
 compacting perm gen  total 12288K, used 5388K [0x13970000, 0x14570000, 0x17970000)
   the space 12288K,  43% used [0x13970000, 0x13eb31d0, 0x13eb3200, 0x14570000)
No shared spaces configured.
Event: 16.471 GC heap after
Heap after GC invocations=11 (full 0):
 def new generation   total 4928K, used 512K [0x03970000, 0x03ec0000, 0x08ec0000)
  eden space 4416K,   0% used [0x03970000, 0x03970000, 0x03dc0000)
  from space 512K, 100% used [0x03e40000, 0x03ec0000, 0x03ec0000)
  to   space 512K,   0% used [0x03dc0000, 0x03dc0000, 0x03e40000)
 tenured generation   total 10944K, used 8990K [0x08ec0000, 0x09970000, 0x13970000)
   the space 10944K,  82% used [0x08ec0000, 0x09787b48, 0x09787c00, 0x09970000)
 compacting perm gen  total 12288K, used 5388K [0x13970000, 0x14570000, 0x17970000)
   the space 12288K,  43% used [0x13970000, 0x13eb31d0, 0x13eb3200, 0x14570000)
No shared spaces configured.
}

