# JRE version: Java(TM) SE Runtime Environment (7.0_55-b14) (build 1.7.0_55-b14)
# Java VM: Java HotSpot(TM) Client VM (24.55-b03 mixed mode windows-x86 )
Heap
 def new generation   total 8640K, used 4549K [0x03920000, 0x04270000, 0x08e70000)
  eden space 7744K,  58% used [0x03920000, 0x03d915b8, 0x040b0000)
  from space 896K,   0% used [0x040b0000, 0x040b0000, 0x04190000)
  to   space 896K,   0% used [0x04190000, 0x04190000, 0x04270000)
 tenured generation   total 19056K, used 11433K [0x08e70000, 0x0a10c000, 0x13920000)
   the space 19056K,  59% used [0x08e70000, 0x0999a588, 0x0999a600, 0x0a10c000)
 compacting perm gen  total 12288K, used 5443K [0x13920000, 0x14520000, 0x17920000)
   the space 12288K,  44% used [0x13920000, 0x13e70fb8, 0x13e71000, 0x14520000)
GC Heap History (10 events):
Event: 35.294 GC heap before
{Heap before GC invocations=11 (full 0):
 def new generation   total 4928K, used 4925K [0x03920000, 0x03e70000, 0x08e70000)
  eden space 4416K,  99% used [0x03920000, 0x03d6f510, 0x03d70000)
  from space 512K, 100% used [0x03df0000, 0x03e70000, 0x03e70000)
  to   space 512K,   0% used [0x03d70000, 0x03d70000, 0x03df0000)
 tenured generation   total 10944K, used 9535K [0x08e70000, 0x09920000, 0x13920000)
   the space 10944K,  87% used [0x08e70000, 0x097bfd18, 0x097bfe00, 0x09920000)
 compacting perm gen  total 12288K, used 5420K [0x13920000, 0x14520000, 0x17920000)
   the space 12288K,  44% used [0x13920000, 0x13e6b1b0, 0x13e6b200, 0x14520000)
No shared spaces configured.
Event: 35.299 GC heap after
Heap after GC invocations=12 (full 0):
 def new generation   total 4928K, used 286K [0x03920000, 0x03e70000, 0x08e70000)
  eden space 4416K,   0% used [0x03920000, 0x03920000, 0x03d70000)
  from space 512K,  56% used [0x03d70000, 0x03db7b48, 0x03df0000)
  to   space 512K,   0% used [0x03df0000, 0x03df0000, 0x03e70000)
 tenured generation   total 10944K, used 10046K [0x08e70000, 0x09920000, 0x13920000)
   the space 10944K,  91% used [0x08e70000, 0x0983fbc8, 0x0983fc00, 0x09920000)
 compacting perm gen  total 12288K, used 5420K [0x13920000, 0x14520000, 0x17920000)
   the space 12288K,  44% used [0x13920000, 0x13e6b1b0, 0x13e6b200, 0x14520000)
No shared spaces configured.
}
Event: 36.713 GC heap before
{Heap before GC invocations=12 (full 0):
 def new generation   total 4928K, used 4643K [0x03920000, 0x03e70000, 0x08e70000)
  eden space 4416K,  98% used [0x03920000, 0x03d614b0, 0x03d70000)
  from space 512K,  56% used [0x03d70000, 0x03db7b48, 0x03df0000)
  to   space 512K,   0% used [0x03df0000, 0x03df0000, 0x03e70000)
 tenured generation   total 10944K, used 10046K [0x08e70000, 0x09920000, 0x13920000)
   the space 10944K,  91% used [0x08e70000, 0x0983fbc8, 0x0983fc00, 0x09920000)
 compacting perm gen  total 12288K, used 5420K [0x13920000, 0x14520000, 0x17920000)
   the space 12288K,  44% used [0x13920000, 0x13e6b260, 0x13e6b400, 0x14520000)
No shared spaces configured.
Event: 36.774 GC heap after
Heap after GC invocations=13 (full 1):
 def new generation   total 6848K, used 0K [0x03920000, 0x04080000, 0x08e70000)
  eden space 6144K,   0% used [0x03920000, 0x03920000, 0x03f20000)
  from space 704K,   0% used [0x03f20000, 0x03f20000, 0x03fd0000)
  to   space 704K,   0% used [0x03fd0000, 0x03fd0000, 0x04080000)
 tenured generation   total 15028K, used 9014K [0x08e70000, 0x09d1d000, 0x13920000)
   the space 15028K,  59% used [0x08e70000, 0x0973daf8, 0x0973dc00, 0x09d1d000)
 compacting perm gen  total 12288K, used 5420K [0x13920000, 0x14520000, 0x17920000)
   the space 12288K,  44% used [0x13920000, 0x13e6b260, 0x13e6b400, 0x14520000)
No shared spaces configured.
}
Event: 39.670 GC heap before
{Heap before GC invocations=13 (full 1):
 def new generation   total 6848K, used 6144K [0x03920000, 0x04080000, 0x08e70000)
  eden space 6144K, 100% used [0x03920000, 0x03f20000, 0x03f20000)
  from space 704K,   0% used [0x03f20000, 0x03f20000, 0x03fd0000)
  to   space 704K,   0% used [0x03fd0000, 0x03fd0000, 0x04080000)
 tenured generation   total 15028K, used 9014K [0x08e70000, 0x09d1d000, 0x13920000)
   the space 15028K,  59% used [0x08e70000, 0x0973daf8, 0x0973dc00, 0x09d1d000)
 compacting perm gen  total 12288K, used 5424K [0x13920000, 0x14520000, 0x17920000)
   the space 12288K,  44% used [0x13920000, 0x13e6c158, 0x13e6c200, 0x14520000)
No shared spaces configured.
Event: 39.682 GC heap after
Heap after GC invocations=14 (full 1):
 def new generation   total 6848K, used 704K [0x03920000, 0x04080000, 0x08e70000)
  eden space 6144K,   0% used [0x03920000, 0x03920000, 0x03f20000)
  from space 704K, 100% used [0x03fd0000, 0x04080000, 0x04080000)
  to   space 704K,   0% used [0x03f20000, 0x03f20000, 0x03fd0000)
 tenured generation   total 15028K, used 11891K [0x08e70000, 0x09d1d000, 0x13920000)
   the space 15028K,  79% used [0x08e70000, 0x09a0cd78, 0x09a0ce00, 0x09d1d000)
 compacting perm gen  total 12288K, used 5424K [0x13920000, 0x14520000, 0x17920000)
   the space 12288K,  44% used [0x13920000, 0x13e6c158, 0x13e6c200, 0x14520000)
No shared spaces configured.
}
Event: 77.368 GC heap before
{Heap before GC invocations=14 (full 1):
 def new generation   total 6848K, used 6736K [0x03920000, 0x04080000, 0x08e70000)
  eden space 6144K,  98% used [0x03920000, 0x03f04190, 0x03f20000)
  from space 704K, 100% used [0x03fd0000, 0x04080000, 0x04080000)
  to   space 704K,   0% used [0x03f20000, 0x03f20000, 0x03fd0000)
 tenured generation   total 15028K, used 11891K [0x08e70000, 0x09d1d000, 0x13920000)
   the space 15028K,  79% used [0x08e70000, 0x09a0cd78, 0x09a0ce00, 0x09d1d000)
 compacting perm gen  total 12288K, used 5443K [0x13920000, 0x14520000, 0x17920000)
   the space 12288K,  44% used [0x13920000, 0x13e70f48, 0x13e71000, 0x14520000)
No shared spaces configured.
Event: 77.375 GC heap after
Heap after GC invocations=15 (full 1):
 def new generation   total 6848K, used 704K [0x03920000, 0x04080000, 0x08e70000)
  eden space 6144K,   0% used [0x03920000, 0x03920000, 0x03f20000)
  from space 704K, 100% used [0x03f20000, 0x03fd0000, 0x03fd0000)
  to   space 704K,   0% used [0x03fd0000, 0x03fd0000, 0x04080000)
 tenured generation   total 15028K, used 12720K [0x08e70000, 0x09d1d000, 0x13920000)
   the space 15028K,  84% used [0x08e70000, 0x09adc398, 0x09adc400, 0x09d1d000)
 compacting perm gen  total 12288K, used 5443K [0x13920000, 0x14520000, 0x17920000)
   the space 12288K,  44% used [0x13920000, 0x13e70f48, 0x13e71000, 0x14520000)
No shared spaces configured.
}
Event: 77.964 GC heap before
{Heap before GC invocations=15 (full 1):
 def new generation   total 6848K, used 6848K [0x03920000, 0x04080000, 0x08e70000)
  eden space 6144K, 100% used [0x03920000, 0x03f20000, 0x03f20000)
  from space 704K, 100% used [0x03f20000, 0x03fd0000, 0x03fd0000)
  to   space 704K,   0% used [0x03fd0000, 0x03fd0000, 0x04080000)
 tenured generation   total 15028K, used 12720K [0x08e70000, 0x09d1d000, 0x13920000)
   the space 15028K,  84% used [0x08e70000, 0x09adc398, 0x09adc400, 0x09d1d000)
 compacting perm gen  total 12288K, used 5443K [0x13920000, 0x14520000, 0x17920000)
   the space 12288K,  44% used [0x13920000, 0x13e70f58, 0x13e71000, 0x14520000)
No shared spaces configured.
Event: 78.041 GC heap after
Heap after GC invocations=16 (full 2):
 def new generation   total 8640K, used 0K [0x03920000, 0x04270000, 0x08e70000)
  eden space 7744K,   0% used [0x03920000, 0x03920000, 0x040b0000)
  from space 896K,   0% used [0x040b0000, 0x040b0000, 0x04190000)
  to   space 896K,   0% used [0x04190000, 0x04190000, 0x04270000)
 tenured generation   total 19056K, used 11433K [0x08e70000, 0x0a10c000, 0x13920000)
   the space 19056K,  59% used [0x08e70000, 0x0999a588, 0x0999a600, 0x0a10c000)
 compacting perm gen  total 12288K, used 5443K [0x13920000, 0x14520000, 0x17920000)
   the space 12288K,  44% used [0x13920000, 0x13e70f58, 0x13e71000, 0x14520000)
No shared spaces configured.
}

