# JRE version: Java(TM) SE Runtime Environment (7.0_55-b14) (build 1.7.0_55-b14)
# Java VM: Java HotSpot(TM) Client VM (24.55-b03 mixed mode windows-x86 )
Heap
 def new generation   total 5632K, used 2322K [0x03500000, 0x03b10000, 0x08a50000)
  eden space 5056K,  43% used [0x03500000, 0x0372b7f0, 0x039f0000)
  from space 576K,  17% used [0x039f0000, 0x03a093c0, 0x03a80000)
  to   space 576K,   0% used [0x03a80000, 0x03a80000, 0x03b10000)
 tenured generation   total 12340K, used 5514K [0x08a50000, 0x0965d000, 0x13500000)
   the space 12340K,  44% used [0x08a50000, 0x08fb2908, 0x08fb2a00, 0x0965d000)
 compacting perm gen  total 12288K, used 5486K [0x13500000, 0x14100000, 0x17500000)
   the space 12288K,  44% used [0x13500000, 0x13a5bb58, 0x13a5bc00, 0x14100000)
GC Heap History (10 events):
Event: 501.485 GC heap before
{Heap before GC invocations=122 (full 3):
 def new generation   total 5632K, used 5057K [0x03500000, 0x03b10000, 0x08a50000)
  eden space 5056K, 100% used [0x03500000, 0x039f0000, 0x039f0000)
  from space 576K,   0% used [0x03a80000, 0x03a80620, 0x03b10000)
  to   space 576K,   0% used [0x039f0000, 0x039f0000, 0x03a80000)
 tenured generation   total 12340K, used 5514K [0x08a50000, 0x0965d000, 0x13500000)
   the space 12340K,  44% used [0x08a50000, 0x08fb28f8, 0x08fb2a00, 0x0965d000)
 compacting perm gen  total 12288K, used 5465K [0x13500000, 0x14100000, 0x17500000)
   the space 12288K,  44% used [0x13500000, 0x13a565b0, 0x13a56600, 0x14100000)
No shared spaces configured.
Event: 501.485 GC heap after
Heap after GC invocations=123 (full 3):
 def new generation   total 5632K, used 1K [0x03500000, 0x03b10000, 0x08a50000)
  eden space 5056K,   0% used [0x03500000, 0x03500000, 0x039f0000)
  from space 576K,   0% used [0x039f0000, 0x039f0578, 0x03a80000)
  to   space 576K,   0% used [0x03a80000, 0x03a80000, 0x03b10000)
 tenured generation   total 12340K, used 5514K [0x08a50000, 0x0965d000, 0x13500000)
   the space 12340K,  44% used [0x08a50000, 0x08fb28f8, 0x08fb2a00, 0x0965d000)
 compacting perm gen  total 12288K, used 5465K [0x13500000, 0x14100000, 0x17500000)
   the space 12288K,  44% used [0x13500000, 0x13a565b0, 0x13a56600, 0x14100000)
No shared spaces configured.
}
Event: 505.568 GC heap before
{Heap before GC invocations=123 (full 3):
 def new generation   total 5632K, used 5057K [0x03500000, 0x03b10000, 0x08a50000)
  eden space 5056K, 100% used [0x03500000, 0x039f0000, 0x039f0000)
  from space 576K,   0% used [0x039f0000, 0x039f0578, 0x03a80000)
  to   space 576K,   0% used [0x03a80000, 0x03a80000, 0x03b10000)
 tenured generation   total 12340K, used 5514K [0x08a50000, 0x0965d000, 0x13500000)
   the space 12340K,  44% used [0x08a50000, 0x08fb28f8, 0x08fb2a00, 0x0965d000)
 compacting perm gen  total 12288K, used 5465K [0x13500000, 0x14100000, 0x17500000)
   the space 12288K,  44% used [0x13500000, 0x13a565b0, 0x13a56600, 0x14100000)
No shared spaces configured.
Event: 505.568 GC heap after
Heap after GC invocations=124 (full 3):
 def new generation   total 5632K, used 1K [0x03500000, 0x03b10000, 0x08a50000)
  eden space 5056K,   0% used [0x03500000, 0x03500000, 0x039f0000)
  from space 576K,   0% used [0x03a80000, 0x03a80418, 0x03b10000)
  to   space 576K,   0% used [0x039f0000, 0x039f0000, 0x03a80000)
 tenured generation   total 12340K, used 5514K [0x08a50000, 0x0965d000, 0x13500000)
   the space 12340K,  44% used [0x08a50000, 0x08fb28f8, 0x08fb2a00, 0x0965d000)
 compacting perm gen  total 12288K, used 5465K [0x13500000, 0x14100000, 0x17500000)
   the space 12288K,  44% used [0x13500000, 0x13a565b0, 0x13a56600, 0x14100000)
No shared spaces configured.
}
Event: 509.732 GC heap before
{Heap before GC invocations=124 (full 3):
 def new generation   total 5632K, used 5057K [0x03500000, 0x03b10000, 0x08a50000)
  eden space 5056K, 100% used [0x03500000, 0x039f0000, 0x039f0000)
  from space 576K,   0% used [0x03a80000, 0x03a80418, 0x03b10000)
  to   space 576K,   0% used [0x039f0000, 0x039f0000, 0x03a80000)
 tenured generation   total 12340K, used 5514K [0x08a50000, 0x0965d000, 0x13500000)
   the space 12340K,  44% used [0x08a50000, 0x08fb28f8, 0x08fb2a00, 0x0965d000)
 compacting perm gen  total 12288K, used 5465K [0x13500000, 0x14100000, 0x17500000)
   the space 12288K,  44% used [0x13500000, 0x13a565b0, 0x13a56600, 0x14100000)
No shared spaces configured.
Event: 509.733 GC heap after
Heap after GC invocations=125 (full 3):
 def new generation   total 5632K, used 1K [0x03500000, 0x03b10000, 0x08a50000)
  eden space 5056K,   0% used [0x03500000, 0x03500000, 0x039f0000)
  from space 576K,   0% used [0x039f0000, 0x039f0610, 0x03a80000)
  to   space 576K,   0% used [0x03a80000, 0x03a80000, 0x03b10000)
 tenured generation   total 12340K, used 5514K [0x08a50000, 0x0965d000, 0x13500000)
   the space 12340K,  44% used [0x08a50000, 0x08fb28f8, 0x08fb2a00, 0x0965d000)
 compacting perm gen  total 12288K, used 5465K [0x13500000, 0x14100000, 0x17500000)
   the space 12288K,  44% used [0x13500000, 0x13a565b0, 0x13a56600, 0x14100000)
No shared spaces configured.
}
Event: 513.799 GC heap before
{Heap before GC invocations=125 (full 3):
 def new generation   total 5632K, used 5057K [0x03500000, 0x03b10000, 0x08a50000)
  eden space 5056K, 100% used [0x03500000, 0x039f0000, 0x039f0000)
  from space 576K,   0% used [0x039f0000, 0x039f0610, 0x03a80000)
  to   space 576K,   0% used [0x03a80000, 0x03a80000, 0x03b10000)
 tenured generation   total 12340K, used 5514K [0x08a50000, 0x0965d000, 0x13500000)
   the space 12340K,  44% used [0x08a50000, 0x08fb28f8, 0x08fb2a00, 0x0965d000)
 compacting perm gen  total 12288K, used 5465K [0x13500000, 0x14100000, 0x17500000)
   the space 12288K,  44% used [0x13500000, 0x13a565b0, 0x13a56600, 0x14100000)
No shared spaces configured.
Event: 513.800 GC heap after
Heap after GC invocations=126 (full 3):
 def new generation   total 5632K, used 0K [0x03500000, 0x03b10000, 0x08a50000)
  eden space 5056K,   0% used [0x03500000, 0x03500000, 0x039f0000)
  from space 576K,   0% used [0x03a80000, 0x03a80380, 0x03b10000)
  to   space 576K,   0% used [0x039f0000, 0x039f0000, 0x03a80000)
 tenured generation   total 12340K, used 5514K [0x08a50000, 0x0965d000, 0x13500000)
   the space 12340K,  44% used [0x08a50000, 0x08fb28f8, 0x08fb2a00, 0x0965d000)
 compacting perm gen  total 12288K, used 5465K [0x13500000, 0x14100000, 0x17500000)
   the space 12288K,  44% used [0x13500000, 0x13a565b0, 0x13a56600, 0x14100000)
No shared spaces configured.
}
Event: 540.946 GC heap before
{Heap before GC invocations=126 (full 3):
 def new generation   total 5632K, used 5056K [0x03500000, 0x03b10000, 0x08a50000)
  eden space 5056K, 100% used [0x03500000, 0x039f0000, 0x039f0000)
  from space 576K,   0% used [0x03a80000, 0x03a80380, 0x03b10000)
  to   space 576K,   0% used [0x039f0000, 0x039f0000, 0x03a80000)
 tenured generation   total 12340K, used 5514K [0x08a50000, 0x0965d000, 0x13500000)
   the space 12340K,  44% used [0x08a50000, 0x08fb28f8, 0x08fb2a00, 0x0965d000)
 compacting perm gen  total 12288K, used 5465K [0x13500000, 0x14100000, 0x17500000)
   the space 12288K,  44% used [0x13500000, 0x13a565c0, 0x13a56600, 0x14100000)
No shared spaces configured.
Event: 540.947 GC heap after
Heap after GC invocations=127 (full 3):
 def new generation   total 5632K, used 100K [0x03500000, 0x03b10000, 0x08a50000)
  eden space 5056K,   0% used [0x03500000, 0x03500000, 0x039f0000)
  from space 576K,  17% used [0x039f0000, 0x03a093c0, 0x03a80000)
  to   space 576K,   0% used [0x03a80000, 0x03a80000, 0x03b10000)
 tenured generation   total 12340K, used 5514K [0x08a50000, 0x0965d000, 0x13500000)
   the space 12340K,  44% used [0x08a50000, 0x08fb2908, 0x08fb2a00, 0x0965d000)
 compacting perm gen  total 12288K, used 5465K [0x13500000, 0x14100000, 0x17500000)
   the space 12288K,  44% used [0x13500000, 0x13a565c0, 0x13a56600, 0x14100000)
No shared spaces configured.
}

