# JRE version: Java(TM) SE Runtime Environment (7.0_51-b13) (build 1.7.0_51-b13)
# Java VM: Java HotSpot(TM) Client VM (24.51-b03 mixed mode windows-x86 )
Heap
 def new generation   total 4928K, used 2741K [0x038f0000, 0x03e40000, 0x08e40000)
  eden space 4416K,  50% used [0x038f0000, 0x03b1d408, 0x03d40000)
  from space 512K, 100% used [0x03d40000, 0x03dc0000, 0x03dc0000)
  to   space 512K,   0% used [0x03dc0000, 0x03dc0000, 0x03e40000)
 tenured generation   total 10944K, used 1699K [0x08e40000, 0x098f0000, 0x138f0000)
   the space 10944K,  15% used [0x08e40000, 0x08fe8fe8, 0x08fe9000, 0x098f0000)
 compacting perm gen  total 12288K, used 4937K [0x138f0000, 0x144f0000, 0x178f0000)
   the space 12288K,  40% used [0x138f0000, 0x13dc26a8, 0x13dc2800, 0x144f0000)
GC Heap History (4 events):
Event: 0.960 GC heap before
{Heap before GC invocations=0 (full 0):
 def new generation   total 4928K, used 4416K [0x038f0000, 0x03e40000, 0x08e40000)
  eden space 4416K, 100% used [0x038f0000, 0x03d40000, 0x03d40000)
  from space 512K,   0% used [0x03d40000, 0x03d40000, 0x03dc0000)
  to   space 512K,   0% used [0x03dc0000, 0x03dc0000, 0x03e40000)
 tenured generation   total 10944K, used 0K [0x08e40000, 0x098f0000, 0x138f0000)
   the space 10944K,   0% used [0x08e40000, 0x08e40000, 0x08e40200, 0x098f0000)
 compacting perm gen  total 12288K, used 3516K [0x138f0000, 0x144f0000, 0x178f0000)
   the space 12288K,  28% used [0x138f0000, 0x13c5f368, 0x13c5f400, 0x144f0000)
No shared spaces configured.
Event: 0.966 GC heap after
Heap after GC invocations=1 (full 0):
 def new generation   total 4928K, used 512K [0x038f0000, 0x03e40000, 0x08e40000)
  eden space 4416K,   0% used [0x038f0000, 0x038f0000, 0x03d40000)
  from space 512K, 100% used [0x03dc0000, 0x03e40000, 0x03e40000)
  to   space 512K,   0% used [0x03d40000, 0x03d40000, 0x03dc0000)
 tenured generation   total 10944K, used 632K [0x08e40000, 0x098f0000, 0x138f0000)
   the space 10944K,   5% used [0x08e40000, 0x08ede348, 0x08ede400, 0x098f0000)
 compacting perm gen  total 12288K, used 3516K [0x138f0000, 0x144f0000, 0x178f0000)
   the space 12288K,  28% used [0x138f0000, 0x13c5f368, 0x13c5f400, 0x144f0000)
No shared spaces configured.
}
Event: 1.419 GC heap before
{Heap before GC invocations=1 (full 0):
 def new generation   total 4928K, used 4908K [0x038f0000, 0x03e40000, 0x08e40000)
  eden space 4416K,  99% used [0x038f0000, 0x03d3b308, 0x03d40000)
  from space 512K, 100% used [0x03dc0000, 0x03e40000, 0x03e40000)
  to   space 512K,   0% used [0x03d40000, 0x03d40000, 0x03dc0000)
 tenured generation   total 10944K, used 632K [0x08e40000, 0x098f0000, 0x138f0000)
   the space 10944K,   5% used [0x08e40000, 0x08ede348, 0x08ede400, 0x098f0000)
 compacting perm gen  total 12288K, used 4576K [0x138f0000, 0x144f0000, 0x178f0000)
   the space 12288K,  37% used [0x138f0000, 0x13d68148, 0x13d68200, 0x144f0000)
No shared spaces configured.
Event: 1.427 GC heap after
Heap after GC invocations=2 (full 0):
 def new generation   total 4928K, used 512K [0x038f0000, 0x03e40000, 0x08e40000)
  eden space 4416K,   0% used [0x038f0000, 0x038f0000, 0x03d40000)
  from space 512K, 100% used [0x03d40000, 0x03dc0000, 0x03dc0000)
  to   space 512K,   0% used [0x03dc0000, 0x03dc0000, 0x03e40000)
 tenured generation   total 10944K, used 1699K [0x08e40000, 0x098f0000, 0x138f0000)
   the space 10944K,  15% used [0x08e40000, 0x08fe8fe8, 0x08fe9000, 0x098f0000)
 compacting perm gen  total 12288K, used 4576K [0x138f0000, 0x144f0000, 0x178f0000)
   the space 12288K,  37% used [0x138f0000, 0x13d68148, 0x13d68200, 0x144f0000)
No shared spaces configured.
}

