# JRE version: Java(TM) SE Runtime Environment (7.0_55-b14) (build 1.7.0_55-b14)
# Java VM: Java HotSpot(TM) Client VM (24.55-b03 mixed mode windows-x86 )
Heap
 def new generation   total 4928K, used 3089K [0x03780000, 0x03cd0000, 0x08cd0000)
  eden space 4416K,  69% used [0x03780000, 0x03a84000, 0x03bd0000)
  from space 512K,   0% used [0x03bd0000, 0x03bd06b8, 0x03c50000)
  to   space 512K,   0% used [0x03c50000, 0x03c50000, 0x03cd0000)
 tenured generation   total 10944K, used 7665K [0x08cd0000, 0x09780000, 0x13780000)
   the space 10944K,  70% used [0x08cd0000, 0x0944c550, 0x0944c600, 0x09780000)
 compacting perm gen  total 12288K, used 5424K [0x13780000, 0x14380000, 0x17780000)
   the space 12288K,  44% used [0x13780000, 0x13ccc3f8, 0x13ccc400, 0x14380000)
GC Heap History (10 events):
Event: 15.810 GC heap before
{Heap before GC invocations=5 (full 0):
 def new generation   total 4928K, used 4848K [0x03780000, 0x03cd0000, 0x08cd0000)
  eden space 4416K,  99% used [0x03780000, 0x03bc9140, 0x03bd0000)
  from space 512K,  89% used [0x03c50000, 0x03cc2f60, 0x03cd0000)
  to   space 512K,   0% used [0x03bd0000, 0x03bd0000, 0x03c50000)
 tenured generation   total 10944K, used 3538K [0x08cd0000, 0x09780000, 0x13780000)
   the space 10944K,  32% used [0x08cd0000, 0x090449f0, 0x09044a00, 0x09780000)
 compacting perm gen  total 12288K, used 4958K [0x13780000, 0x14380000, 0x17780000)
   the space 12288K,  40% used [0x13780000, 0x13c578b0, 0x13c57a00, 0x14380000)
No shared spaces configured.
Event: 15.813 GC heap after
Heap after GC invocations=6 (full 0):
 def new generation   total 4928K, used 337K [0x03780000, 0x03cd0000, 0x08cd0000)
  eden space 4416K,   0% used [0x03780000, 0x03780000, 0x03bd0000)
  from space 512K,  65% used [0x03bd0000, 0x03c24538, 0x03c50000)
  to   space 512K,   0% used [0x03c50000, 0x03c50000, 0x03cd0000)
 tenured generation   total 10944K, used 3748K [0x08cd0000, 0x09780000, 0x13780000)
   the space 10944K,  34% used [0x08cd0000, 0x090792c8, 0x09079400, 0x09780000)
 compacting perm gen  total 12288K, used 4958K [0x13780000, 0x14380000, 0x17780000)
   the space 12288K,  40% used [0x13780000, 0x13c578b0, 0x13c57a00, 0x14380000)
No shared spaces configured.
}
Event: 16.903 GC heap before
{Heap before GC invocations=6 (full 0):
 def new generation   total 4928K, used 4748K [0x03780000, 0x03cd0000, 0x08cd0000)
  eden space 4416K,  99% used [0x03780000, 0x03bceca0, 0x03bd0000)
  from space 512K,  65% used [0x03bd0000, 0x03c24538, 0x03c50000)
  to   space 512K,   0% used [0x03c50000, 0x03c50000, 0x03cd0000)
 tenured generation   total 10944K, used 3748K [0x08cd0000, 0x09780000, 0x13780000)
   the space 10944K,  34% used [0x08cd0000, 0x090792c8, 0x09079400, 0x09780000)
 compacting perm gen  total 12288K, used 5105K [0x13780000, 0x14380000, 0x17780000)
   the space 12288K,  41% used [0x13780000, 0x13c7c4b8, 0x13c7c600, 0x14380000)
No shared spaces configured.
Event: 16.907 GC heap after
Heap after GC invocations=7 (full 0):
 def new generation   total 4928K, used 512K [0x03780000, 0x03cd0000, 0x08cd0000)
  eden space 4416K,   0% used [0x03780000, 0x03780000, 0x03bd0000)
  from space 512K, 100% used [0x03c50000, 0x03cd0000, 0x03cd0000)
  to   space 512K,   0% used [0x03bd0000, 0x03bd0000, 0x03c50000)
 tenured generation   total 10944K, used 4394K [0x08cd0000, 0x09780000, 0x13780000)
   the space 10944K,  40% used [0x08cd0000, 0x0911aa30, 0x0911ac00, 0x09780000)
 compacting perm gen  total 12288K, used 5105K [0x13780000, 0x14380000, 0x17780000)
   the space 12288K,  41% used [0x13780000, 0x13c7c4b8, 0x13c7c600, 0x14380000)
No shared spaces configured.
}
Event: 17.314 GC heap before
{Heap before GC invocations=7 (full 0):
 def new generation   total 4928K, used 4928K [0x03780000, 0x03cd0000, 0x08cd0000)
  eden space 4416K, 100% used [0x03780000, 0x03bd0000, 0x03bd0000)
  from space 512K, 100% used [0x03c50000, 0x03cd0000, 0x03cd0000)
  to   space 512K,   0% used [0x03bd0000, 0x03bd0000, 0x03c50000)
 tenured generation   total 10944K, used 4394K [0x08cd0000, 0x09780000, 0x13780000)
   the space 10944K,  40% used [0x08cd0000, 0x0911aa30, 0x0911ac00, 0x09780000)
 compacting perm gen  total 12288K, used 5171K [0x13780000, 0x14380000, 0x17780000)
   the space 12288K,  42% used [0x13780000, 0x13c8ce38, 0x13c8d000, 0x14380000)
No shared spaces configured.
Event: 17.325 GC heap after
Heap after GC invocations=8 (full 0):
 def new generation   total 4928K, used 512K [0x03780000, 0x03cd0000, 0x08cd0000)
  eden space 4416K,   0% used [0x03780000, 0x03780000, 0x03bd0000)
  from space 512K, 100% used [0x03bd0000, 0x03c50000, 0x03c50000)
  to   space 512K,   0% used [0x03c50000, 0x03c50000, 0x03cd0000)
 tenured generation   total 10944K, used 6552K [0x08cd0000, 0x09780000, 0x13780000)
   the space 10944K,  59% used [0x08cd0000, 0x09336178, 0x09336200, 0x09780000)
 compacting perm gen  total 12288K, used 5171K [0x13780000, 0x14380000, 0x17780000)
   the space 12288K,  42% used [0x13780000, 0x13c8ce38, 0x13c8d000, 0x14380000)
No shared spaces configured.
}
Event: 18.530 GC heap before
{Heap before GC invocations=8 (full 0):
 def new generation   total 4928K, used 4928K [0x03780000, 0x03cd0000, 0x08cd0000)
  eden space 4416K, 100% used [0x03780000, 0x03bd0000, 0x03bd0000)
  from space 512K, 100% used [0x03bd0000, 0x03c50000, 0x03c50000)
  to   space 512K,   0% used [0x03c50000, 0x03c50000, 0x03cd0000)
 tenured generation   total 10944K, used 6552K [0x08cd0000, 0x09780000, 0x13780000)
   the space 10944K,  59% used [0x08cd0000, 0x09336178, 0x09336200, 0x09780000)
 compacting perm gen  total 12288K, used 5424K [0x13780000, 0x14380000, 0x17780000)
   the space 12288K,  44% used [0x13780000, 0x13ccc3f8, 0x13ccc400, 0x14380000)
No shared spaces configured.
Event: 18.535 GC heap after
Heap after GC invocations=9 (full 0):
 def new generation   total 4928K, used 512K [0x03780000, 0x03cd0000, 0x08cd0000)
  eden space 4416K,   0% used [0x03780000, 0x03780000, 0x03bd0000)
  from space 512K, 100% used [0x03c50000, 0x03cd0000, 0x03cd0000)
  to   space 512K,   0% used [0x03bd0000, 0x03bd0000, 0x03c50000)
 tenured generation   total 10944K, used 7200K [0x08cd0000, 0x09780000, 0x13780000)
   the space 10944K,  65% used [0x08cd0000, 0x093d83a8, 0x093d8400, 0x09780000)
 compacting perm gen  total 12288K, used 5424K [0x13780000, 0x14380000, 0x17780000)
   the space 12288K,  44% used [0x13780000, 0x13ccc3f8, 0x13ccc400, 0x14380000)
No shared spaces configured.
}
Event: 21.088 GC heap before
{Heap before GC invocations=9 (full 0):
 def new generation   total 4928K, used 4928K [0x03780000, 0x03cd0000, 0x08cd0000)
  eden space 4416K, 100% used [0x03780000, 0x03bd0000, 0x03bd0000)
  from space 512K, 100% used [0x03c50000, 0x03cd0000, 0x03cd0000)
  to   space 512K,   0% used [0x03bd0000, 0x03bd0000, 0x03c50000)
 tenured generation   total 10944K, used 7200K [0x08cd0000, 0x09780000, 0x13780000)
   the space 10944K,  65% used [0x08cd0000, 0x093d83a8, 0x093d8400, 0x09780000)
 compacting perm gen  total 12288K, used 5424K [0x13780000, 0x14380000, 0x17780000)
   the space 12288K,  44% used [0x13780000, 0x13ccc3f8, 0x13ccc400, 0x14380000)
No shared spaces configured.
Event: 21.091 GC heap after
Heap after GC invocations=10 (full 0):
 def new generation   total 4928K, used 1K [0x03780000, 0x03cd0000, 0x08cd0000)
  eden space 4416K,   0% used [0x03780000, 0x03780000, 0x03bd0000)
  from space 512K,   0% used [0x03bd0000, 0x03bd06b8, 0x03c50000)
  to   space 512K,   0% used [0x03c50000, 0x03c50000, 0x03cd0000)
 tenured generation   total 10944K, used 7665K [0x08cd0000, 0x09780000, 0x13780000)
   the space 10944K,  70% used [0x08cd0000, 0x0944c550, 0x0944c600, 0x09780000)
 compacting perm gen  total 12288K, used 5424K [0x13780000, 0x14380000, 0x17780000)
   the space 12288K,  44% used [0x13780000, 0x13ccc3f8, 0x13ccc400, 0x14380000)
No shared spaces configured.
}

