# JRE version: Java(TM) SE Runtime Environment (7.0_55-b14) (build 1.7.0_55-b14)
# Java VM: Java HotSpot(TM) Client VM (24.55-b03 mixed mode windows-x86 )
Heap
 def new generation   total 5760K, used 3785K [0x03690000, 0x03cd0000, 0x08be0000)
  eden space 5120K,  73% used [0x03690000, 0x03a427e8, 0x03b90000)
  from space 640K,   0% used [0x03b90000, 0x03b90000, 0x03c30000)
  to   space 640K,   0% used [0x03c30000, 0x03c30000, 0x03cd0000)
 tenured generation   total 12716K, used 7628K [0x08be0000, 0x0984b000, 0x13690000)
   the space 12716K,  59% used [0x08be0000, 0x09353038, 0x09353200, 0x0984b000)
 compacting perm gen  total 12288K, used 5417K [0x13690000, 0x14290000, 0x17690000)
   the space 12288K,  44% used [0x13690000, 0x13bda470, 0x13bda600, 0x14290000)
GC Heap History (10 events):
Event: 7.016 GC heap before
{Heap before GC invocations=5 (full 0):
 def new generation   total 4928K, used 4705K [0x03690000, 0x03be0000, 0x08be0000)
  eden space 4416K,  94% used [0x03690000, 0x03aa86a0, 0x03ae0000)
  from space 512K, 100% used [0x03b60000, 0x03be0000, 0x03be0000)
  to   space 512K,   0% used [0x03ae0000, 0x03ae0000, 0x03b60000)
 tenured generation   total 10944K, used 3561K [0x08be0000, 0x09690000, 0x13690000)
   the space 10944K,  32% used [0x08be0000, 0x08f5a7b8, 0x08f5a800, 0x09690000)
 compacting perm gen  total 12288K, used 5075K [0x13690000, 0x14290000, 0x17690000)
   the space 12288K,  41% used [0x13690000, 0x13b84e00, 0x13b84e00, 0x14290000)
No shared spaces configured.
Event: 7.020 GC heap after
Heap after GC invocations=6 (full 0):
 def new generation   total 4928K, used 512K [0x03690000, 0x03be0000, 0x08be0000)
  eden space 4416K,   0% used [0x03690000, 0x03690000, 0x03ae0000)
  from space 512K, 100% used [0x03ae0000, 0x03b60000, 0x03b60000)
  to   space 512K,   0% used [0x03b60000, 0x03b60000, 0x03be0000)
 tenured generation   total 10944K, used 4187K [0x08be0000, 0x09690000, 0x13690000)
   the space 10944K,  38% used [0x08be0000, 0x08ff6ca0, 0x08ff6e00, 0x09690000)
 compacting perm gen  total 12288K, used 5075K [0x13690000, 0x14290000, 0x17690000)
   the space 12288K,  41% used [0x13690000, 0x13b84e00, 0x13b84e00, 0x14290000)
No shared spaces configured.
}
Event: 7.668 GC heap before
{Heap before GC invocations=6 (full 0):
 def new generation   total 4928K, used 4928K [0x03690000, 0x03be0000, 0x08be0000)
  eden space 4416K, 100% used [0x03690000, 0x03ae0000, 0x03ae0000)
  from space 512K, 100% used [0x03ae0000, 0x03b60000, 0x03b60000)
  to   space 512K,   0% used [0x03b60000, 0x03b60000, 0x03be0000)
 tenured generation   total 10944K, used 4187K [0x08be0000, 0x09690000, 0x13690000)
   the space 10944K,  38% used [0x08be0000, 0x08ff6ca0, 0x08ff6e00, 0x09690000)
 compacting perm gen  total 12288K, used 5124K [0x13690000, 0x14290000, 0x17690000)
   the space 12288K,  41% used [0x13690000, 0x13b91288, 0x13b91400, 0x14290000)
No shared spaces configured.
Event: 7.680 GC heap after
Heap after GC invocations=7 (full 0):
 def new generation   total 4928K, used 512K [0x03690000, 0x03be0000, 0x08be0000)
  eden space 4416K,   0% used [0x03690000, 0x03690000, 0x03ae0000)
  from space 512K, 100% used [0x03b60000, 0x03be0000, 0x03be0000)
  to   space 512K,   0% used [0x03ae0000, 0x03ae0000, 0x03b60000)
 tenured generation   total 10944K, used 6263K [0x08be0000, 0x09690000, 0x13690000)
   the space 10944K,  57% used [0x08be0000, 0x091fdfc8, 0x091fe000, 0x09690000)
 compacting perm gen  total 12288K, used 5124K [0x13690000, 0x14290000, 0x17690000)
   the space 12288K,  41% used [0x13690000, 0x13b91288, 0x13b91400, 0x14290000)
No shared spaces configured.
}
Event: 8.072 GC heap before
{Heap before GC invocations=7 (full 0):
 def new generation   total 4928K, used 4596K [0x03690000, 0x03be0000, 0x08be0000)
  eden space 4416K,  92% used [0x03690000, 0x03a8d2d8, 0x03ae0000)
  from space 512K, 100% used [0x03b60000, 0x03be0000, 0x03be0000)
  to   space 512K,   0% used [0x03ae0000, 0x03ae0000, 0x03b60000)
 tenured generation   total 10944K, used 6263K [0x08be0000, 0x09690000, 0x13690000)
   the space 10944K,  57% used [0x08be0000, 0x091fdfc8, 0x091fe000, 0x09690000)
 compacting perm gen  total 12288K, used 5124K [0x13690000, 0x14290000, 0x17690000)
   the space 12288K,  41% used [0x13690000, 0x13b91298, 0x13b91400, 0x14290000)
No shared spaces configured.
Event: 8.083 GC heap after
Heap after GC invocations=8 (full 0):
 def new generation   total 4928K, used 512K [0x03690000, 0x03be0000, 0x08be0000)
  eden space 4416K,   0% used [0x03690000, 0x03690000, 0x03ae0000)
  from space 512K, 100% used [0x03ae0000, 0x03b60000, 0x03b60000)
  to   space 512K,   0% used [0x03b60000, 0x03b60000, 0x03be0000)
 tenured generation   total 10944K, used 8857K [0x08be0000, 0x09690000, 0x13690000)
   the space 10944K,  80% used [0x08be0000, 0x094867d8, 0x09486800, 0x09690000)
 compacting perm gen  total 12288K, used 5124K [0x13690000, 0x14290000, 0x17690000)
   the space 12288K,  41% used [0x13690000, 0x13b91298, 0x13b91400, 0x14290000)
No shared spaces configured.
}
Event: 8.444 GC heap before
{Heap before GC invocations=8 (full 0):
 def new generation   total 4928K, used 4928K [0x03690000, 0x03be0000, 0x08be0000)
  eden space 4416K, 100% used [0x03690000, 0x03ae0000, 0x03ae0000)
  from space 512K, 100% used [0x03ae0000, 0x03b60000, 0x03b60000)
  to   space 512K,   0% used [0x03b60000, 0x03b60000, 0x03be0000)
 tenured generation   total 10944K, used 8857K [0x08be0000, 0x09690000, 0x13690000)
   the space 10944K,  80% used [0x08be0000, 0x094867d8, 0x09486800, 0x09690000)
 compacting perm gen  total 12288K, used 5318K [0x13690000, 0x14290000, 0x17690000)
   the space 12288K,  43% used [0x13690000, 0x13bc1838, 0x13bc1a00, 0x14290000)
No shared spaces configured.
Event: 8.454 GC heap after
Heap after GC invocations=9 (full 0):
 def new generation   total 4928K, used 512K [0x03690000, 0x03be0000, 0x08be0000)
  eden space 4416K,   0% used [0x03690000, 0x03690000, 0x03ae0000)
  from space 512K, 100% used [0x03b60000, 0x03be0000, 0x03be0000)
  to   space 512K,   0% used [0x03ae0000, 0x03ae0000, 0x03b60000)
 tenured generation   total 10944K, used 10423K [0x08be0000, 0x09690000, 0x13690000)
   the space 10944K,  95% used [0x08be0000, 0x0960dee0, 0x0960e000, 0x09690000)
 compacting perm gen  total 12288K, used 5318K [0x13690000, 0x14290000, 0x17690000)
   the space 12288K,  43% used [0x13690000, 0x13bc1838, 0x13bc1a00, 0x14290000)
No shared spaces configured.
}
Event: 49.220 GC heap before
{Heap before GC invocations=9 (full 0):
 def new generation   total 4928K, used 4928K [0x03690000, 0x03be0000, 0x08be0000)
  eden space 4416K, 100% used [0x03690000, 0x03ae0000, 0x03ae0000)
  from space 512K, 100% used [0x03b60000, 0x03be0000, 0x03be0000)
  to   space 512K,   0% used [0x03ae0000, 0x03ae0000, 0x03b60000)
 tenured generation   total 10944K, used 10423K [0x08be0000, 0x09690000, 0x13690000)
   the space 10944K,  95% used [0x08be0000, 0x0960dee0, 0x0960e000, 0x09690000)
 compacting perm gen  total 12288K, used 5417K [0x13690000, 0x14290000, 0x17690000)
   the space 12288K,  44% used [0x13690000, 0x13bda460, 0x13bda600, 0x14290000)
No shared spaces configured.
Event: 49.269 GC heap after
Heap after GC invocations=10 (full 1):
 def new generation   total 5760K, used 0K [0x03690000, 0x03cd0000, 0x08be0000)
  eden space 5120K,   0% used [0x03690000, 0x03690000, 0x03b90000)
  from space 640K,   0% used [0x03b90000, 0x03b90000, 0x03c30000)
  to   space 640K,   0% used [0x03c30000, 0x03c30000, 0x03cd0000)
 tenured generation   total 12716K, used 7628K [0x08be0000, 0x0984b000, 0x13690000)
   the space 12716K,  59% used [0x08be0000, 0x09353038, 0x09353200, 0x0984b000)
 compacting perm gen  total 12288K, used 5417K [0x13690000, 0x14290000, 0x17690000)
   the space 12288K,  44% used [0x13690000, 0x13bda460, 0x13bda600, 0x14290000)
No shared spaces configured.
}

