# JRE version: Java(TM) SE Runtime Environment (7.0_55-b14) (build 1.7.0_55-b14)
# Java VM: Java HotSpot(TM) Client VM (24.55-b03 mixed mode windows-x86 )
Heap
 def new generation   total 4992K, used 392K [0x03c60000, 0x041c0000, 0x091b0000)
  eden space 4480K,   2% used [0x03c60000, 0x03c81470, 0x040c0000)
  from space 512K,  50% used [0x04140000, 0x04180c80, 0x041c0000)
  to   space 512K,   0% used [0x040c0000, 0x040c0000, 0x04140000)
 tenured generation   total 10944K, used 5390K [0x091b0000, 0x09c60000, 0x13c60000)
   the space 10944K,  49% used [0x091b0000, 0x096f3950, 0x096f3a00, 0x09c60000)
 compacting perm gen  total 12288K, used 5563K [0x13c60000, 0x14860000, 0x17c60000)
   the space 12288K,  45% used [0x13c60000, 0x141cecc8, 0x141cee00, 0x14860000)
GC Heap History (10 events):
Event: 317.170 GC heap before
{Heap before GC invocations=48 (full 2):
 def new generation   total 4992K, used 4480K [0x03c60000, 0x041c0000, 0x091b0000)
  eden space 4480K, 100% used [0x03c60000, 0x040c0000, 0x040c0000)
  from space 512K,   0% used [0x040c0000, 0x040c00f0, 0x04140000)
  to   space 512K,   0% used [0x04140000, 0x04140000, 0x041c0000)
 tenured generation   total 10944K, used 5292K [0x091b0000, 0x09c60000, 0x13c60000)
   the space 10944K,  48% used [0x091b0000, 0x096db0b8, 0x096db200, 0x09c60000)
 compacting perm gen  total 12288K, used 5479K [0x13c60000, 0x14860000, 0x17c60000)
   the space 12288K,  44% used [0x13c60000, 0x141b9e60, 0x141ba000, 0x14860000)
No shared spaces configured.
Event: 317.171 GC heap after
Heap after GC invocations=49 (full 2):
 def new generation   total 4992K, used 0K [0x03c60000, 0x041c0000, 0x091b0000)
  eden space 4480K,   0% used [0x03c60000, 0x03c60000, 0x040c0000)
  from space 512K,   0% used [0x04140000, 0x041400f0, 0x041c0000)
  to   space 512K,   0% used [0x040c0000, 0x040c0000, 0x04140000)
 tenured generation   total 10944K, used 5292K [0x091b0000, 0x09c60000, 0x13c60000)
   the space 10944K,  48% used [0x091b0000, 0x096db0b8, 0x096db200, 0x09c60000)
 compacting perm gen  total 12288K, used 5479K [0x13c60000, 0x14860000, 0x17c60000)
   the space 12288K,  44% used [0x13c60000, 0x141b9e60, 0x141ba000, 0x14860000)
No shared spaces configured.
}
Event: 333.103 GC heap before
{Heap before GC invocations=49 (full 2):
 def new generation   total 4992K, used 4480K [0x03c60000, 0x041c0000, 0x091b0000)
  eden space 4480K, 100% used [0x03c60000, 0x040c0000, 0x040c0000)
  from space 512K,   0% used [0x04140000, 0x041400f0, 0x041c0000)
  to   space 512K,   0% used [0x040c0000, 0x040c0000, 0x04140000)
 tenured generation   total 10944K, used 5292K [0x091b0000, 0x09c60000, 0x13c60000)
   the space 10944K,  48% used [0x091b0000, 0x096db0b8, 0x096db200, 0x09c60000)
 compacting perm gen  total 12288K, used 5479K [0x13c60000, 0x14860000, 0x17c60000)
   the space 12288K,  44% used [0x13c60000, 0x141b9e60, 0x141ba000, 0x14860000)
No shared spaces configured.
Event: 333.103 GC heap after
Heap after GC invocations=50 (full 2):
 def new generation   total 4992K, used 0K [0x03c60000, 0x041c0000, 0x091b0000)
  eden space 4480K,   0% used [0x03c60000, 0x03c60000, 0x040c0000)
  from space 512K,   0% used [0x040c0000, 0x040c00f0, 0x04140000)
  to   space 512K,   0% used [0x04140000, 0x04140000, 0x041c0000)
 tenured generation   total 10944K, used 5292K [0x091b0000, 0x09c60000, 0x13c60000)
   the space 10944K,  48% used [0x091b0000, 0x096db0b8, 0x096db200, 0x09c60000)
 compacting perm gen  total 12288K, used 5479K [0x13c60000, 0x14860000, 0x17c60000)
   the space 12288K,  44% used [0x13c60000, 0x141b9e60, 0x141ba000, 0x14860000)
No shared spaces configured.
}
Event: 349.351 GC heap before
{Heap before GC invocations=50 (full 2):
 def new generation   total 4992K, used 4480K [0x03c60000, 0x041c0000, 0x091b0000)
  eden space 4480K, 100% used [0x03c60000, 0x040c0000, 0x040c0000)
  from space 512K,   0% used [0x040c0000, 0x040c00f0, 0x04140000)
  to   space 512K,   0% used [0x04140000, 0x04140000, 0x041c0000)
 tenured generation   total 10944K, used 5292K [0x091b0000, 0x09c60000, 0x13c60000)
   the space 10944K,  48% used [0x091b0000, 0x096db0b8, 0x096db200, 0x09c60000)
 compacting perm gen  total 12288K, used 5479K [0x13c60000, 0x14860000, 0x17c60000)
   the space 12288K,  44% used [0x13c60000, 0x141b9eb0, 0x141ba000, 0x14860000)
No shared spaces configured.
Event: 349.351 GC heap after
Heap after GC invocations=51 (full 2):
 def new generation   total 4992K, used 98K [0x03c60000, 0x041c0000, 0x091b0000)
  eden space 4480K,   0% used [0x03c60000, 0x03c60000, 0x040c0000)
  from space 512K,  19% used [0x04140000, 0x04158948, 0x041c0000)
  to   space 512K,   0% used [0x040c0000, 0x040c0000, 0x04140000)
 tenured generation   total 10944K, used 5292K [0x091b0000, 0x09c60000, 0x13c60000)
   the space 10944K,  48% used [0x091b0000, 0x096db0b8, 0x096db200, 0x09c60000)
 compacting perm gen  total 12288K, used 5479K [0x13c60000, 0x14860000, 0x17c60000)
   the space 12288K,  44% used [0x13c60000, 0x141b9eb0, 0x141ba000, 0x14860000)
No shared spaces configured.
}
Event: 415.413 GC heap before
{Heap before GC invocations=51 (full 2):
 def new generation   total 4992K, used 4578K [0x03c60000, 0x041c0000, 0x091b0000)
  eden space 4480K, 100% used [0x03c60000, 0x040c0000, 0x040c0000)
  from space 512K,  19% used [0x04140000, 0x04158948, 0x041c0000)
  to   space 512K,   0% used [0x040c0000, 0x040c0000, 0x04140000)
 tenured generation   total 10944K, used 5292K [0x091b0000, 0x09c60000, 0x13c60000)
   the space 10944K,  48% used [0x091b0000, 0x096db0b8, 0x096db200, 0x09c60000)
 compacting perm gen  total 12288K, used 5528K [0x13c60000, 0x14860000, 0x17c60000)
   the space 12288K,  44% used [0x13c60000, 0x141c6260, 0x141c6400, 0x14860000)
No shared spaces configured.
Event: 415.413 GC heap after
Heap after GC invocations=52 (full 2):
 def new generation   total 4992K, used 296K [0x03c60000, 0x041c0000, 0x091b0000)
  eden space 4480K,   0% used [0x03c60000, 0x03c60000, 0x040c0000)
  from space 512K,  57% used [0x040c0000, 0x0410a2d8, 0x04140000)
  to   space 512K,   0% used [0x04140000, 0x04140000, 0x041c0000)
 tenured generation   total 10944K, used 5292K [0x091b0000, 0x09c60000, 0x13c60000)
   the space 10944K,  48% used [0x091b0000, 0x096db0b8, 0x096db200, 0x09c60000)
 compacting perm gen  total 12288K, used 5528K [0x13c60000, 0x14860000, 0x17c60000)
   the space 12288K,  44% used [0x13c60000, 0x141c6260, 0x141c6400, 0x14860000)
No shared spaces configured.
}
Event: 509.787 GC heap before
{Heap before GC invocations=52 (full 2):
 def new generation   total 4992K, used 4776K [0x03c60000, 0x041c0000, 0x091b0000)
  eden space 4480K, 100% used [0x03c60000, 0x040c0000, 0x040c0000)
  from space 512K,  57% used [0x040c0000, 0x0410a2d8, 0x04140000)
  to   space 512K,   0% used [0x04140000, 0x04140000, 0x041c0000)
 tenured generation   total 10944K, used 5292K [0x091b0000, 0x09c60000, 0x13c60000)
   the space 10944K,  48% used [0x091b0000, 0x096db0b8, 0x096db200, 0x09c60000)
 compacting perm gen  total 12288K, used 5563K [0x13c60000, 0x14860000, 0x17c60000)
   the space 12288K,  45% used [0x13c60000, 0x141cecb8, 0x141cee00, 0x14860000)
No shared spaces configured.
Event: 509.788 GC heap after
Heap after GC invocations=53 (full 2):
 def new generation   total 4992K, used 259K [0x03c60000, 0x041c0000, 0x091b0000)
  eden space 4480K,   0% used [0x03c60000, 0x03c60000, 0x040c0000)
  from space 512K,  50% used [0x04140000, 0x04180c80, 0x041c0000)
  to   space 512K,   0% used [0x040c0000, 0x040c0000, 0x04140000)
 tenured generation   total 10944K, used 5390K [0x091b0000, 0x09c60000, 0x13c60000)
   the space 10944K,  49% used [0x091b0000, 0x096f3950, 0x096f3a00, 0x09c60000)
 compacting perm gen  total 12288K, used 5563K [0x13c60000, 0x14860000, 0x17c60000)
   the space 12288K,  45% used [0x13c60000, 0x141cecb8, 0x141cee00, 0x14860000)
No shared spaces configured.
}

