# JRE version: Java(TM) SE Runtime Environment (7.0_55-b14) (build 1.7.0_55-b14)
# Java VM: Java HotSpot(TM) Client VM (24.55-b03 mixed mode windows-x86 )
Heap
 def new generation   total 8192K, used 2264K [0x038d0000, 0x041b0000, 0x08e20000)
  eden space 7296K,  25% used [0x038d0000, 0x03aa5bf8, 0x03ff0000)
  from space 896K,  42% used [0x03ff0000, 0x04050460, 0x040d0000)
  to   space 896K,   0% used [0x040d0000, 0x040d0000, 0x041b0000)
 tenured generation   total 18068K, used 10838K [0x08e20000, 0x09fc5000, 0x138d0000)
   the space 18068K,  59% used [0x08e20000, 0x098b5bc0, 0x098b5c00, 0x09fc5000)
 compacting perm gen  total 12288K, used 5402K [0x138d0000, 0x144d0000, 0x178d0000)
   the space 12288K,  43% used [0x138d0000, 0x13e16b78, 0x13e16c00, 0x144d0000)
GC Heap History (10 events):
Event: 259.810 GC heap before
{Heap before GC invocations=33 (full 4):
 def new generation   total 6848K, used 6144K [0x038d0000, 0x04030000, 0x08e20000)
  eden space 6144K, 100% used [0x038d0000, 0x03ed0000, 0x03ed0000)
  from space 704K,   0% used [0x03ed0000, 0x03ed0000, 0x03f80000)
  to   space 704K,   0% used [0x03f80000, 0x03f80000, 0x04030000)
 tenured generation   total 15088K, used 9051K [0x08e20000, 0x09cdc000, 0x138d0000)
   the space 15088K,  59% used [0x08e20000, 0x096f6ca8, 0x096f6e00, 0x09cdc000)
 compacting perm gen  total 12288K, used 5402K [0x138d0000, 0x144d0000, 0x178d0000)
   the space 12288K,  43% used [0x138d0000, 0x13e16b48, 0x13e16c00, 0x144d0000)
No shared spaces configured.
Event: 259.817 GC heap after
Heap after GC invocations=34 (full 4):
 def new generation   total 6848K, used 704K [0x038d0000, 0x04030000, 0x08e20000)
  eden space 6144K,   0% used [0x038d0000, 0x038d0000, 0x03ed0000)
  from space 704K, 100% used [0x03f80000, 0x04030000, 0x04030000)
  to   space 704K,   0% used [0x03ed0000, 0x03ed0000, 0x03f80000)
 tenured generation   total 15088K, used 10585K [0x08e20000, 0x09cdc000, 0x138d0000)
   the space 15088K,  70% used [0x08e20000, 0x09876508, 0x09876600, 0x09cdc000)
 compacting perm gen  total 12288K, used 5402K [0x138d0000, 0x144d0000, 0x178d0000)
   the space 12288K,  43% used [0x138d0000, 0x13e16b48, 0x13e16c00, 0x144d0000)
No shared spaces configured.
}
Event: 273.008 GC heap before
{Heap before GC invocations=34 (full 4):
 def new generation   total 6848K, used 6848K [0x038d0000, 0x04030000, 0x08e20000)
  eden space 6144K, 100% used [0x038d0000, 0x03ed0000, 0x03ed0000)
  from space 704K, 100% used [0x03f80000, 0x04030000, 0x04030000)
  to   space 704K,   0% used [0x03ed0000, 0x03ed0000, 0x03f80000)
 tenured generation   total 15088K, used 10585K [0x08e20000, 0x09cdc000, 0x138d0000)
   the space 15088K,  70% used [0x08e20000, 0x09876508, 0x09876600, 0x09cdc000)
 compacting perm gen  total 12288K, used 5402K [0x138d0000, 0x144d0000, 0x178d0000)
   the space 12288K,  43% used [0x138d0000, 0x13e16b78, 0x13e16c00, 0x144d0000)
No shared spaces configured.
Event: 273.012 GC heap after
Heap after GC invocations=35 (full 4):
 def new generation   total 6848K, used 572K [0x038d0000, 0x04030000, 0x08e20000)
  eden space 6144K,   0% used [0x038d0000, 0x038d0000, 0x03ed0000)
  from space 704K,  81% used [0x03ed0000, 0x03f5f3c8, 0x03f80000)
  to   space 704K,   0% used [0x03f80000, 0x03f80000, 0x04030000)
 tenured generation   total 15088K, used 11288K [0x08e20000, 0x09cdc000, 0x138d0000)
   the space 15088K,  74% used [0x08e20000, 0x099263f0, 0x09926400, 0x09cdc000)
 compacting perm gen  total 12288K, used 5402K [0x138d0000, 0x144d0000, 0x178d0000)
   the space 12288K,  43% used [0x138d0000, 0x13e16b78, 0x13e16c00, 0x144d0000)
No shared spaces configured.
}
Event: 273.452 GC heap before
{Heap before GC invocations=35 (full 4):
 def new generation   total 6848K, used 6666K [0x038d0000, 0x04030000, 0x08e20000)
  eden space 6144K,  99% used [0x038d0000, 0x03ec3660, 0x03ed0000)
  from space 704K,  81% used [0x03ed0000, 0x03f5f3c8, 0x03f80000)
  to   space 704K,   0% used [0x03f80000, 0x03f80000, 0x04030000)
 tenured generation   total 15088K, used 11288K [0x08e20000, 0x09cdc000, 0x138d0000)
   the space 15088K,  74% used [0x08e20000, 0x099263f0, 0x09926400, 0x09cdc000)
 compacting perm gen  total 12288K, used 5402K [0x138d0000, 0x144d0000, 0x178d0000)
   the space 12288K,  43% used [0x138d0000, 0x13e16b78, 0x13e16c00, 0x144d0000)
No shared spaces configured.
Event: 273.519 GC heap after
Heap after GC invocations=36 (full 5):
 def new generation   total 8192K, used 0K [0x038d0000, 0x041b0000, 0x08e20000)
  eden space 7296K,   0% used [0x038d0000, 0x038d0000, 0x03ff0000)
  from space 896K,   0% used [0x03ff0000, 0x03ff0000, 0x040d0000)
  to   space 896K,   0% used [0x040d0000, 0x040d0000, 0x041b0000)
 tenured generation   total 18068K, used 10838K [0x08e20000, 0x09fc5000, 0x138d0000)
   the space 18068K,  59% used [0x08e20000, 0x098b5bc0, 0x098b5c00, 0x09fc5000)
 compacting perm gen  total 12288K, used 5402K [0x138d0000, 0x144d0000, 0x178d0000)
   the space 12288K,  43% used [0x138d0000, 0x13e16b78, 0x13e16c00, 0x144d0000)
No shared spaces configured.
}
Event: 291.454 GC heap before
{Heap before GC invocations=36 (full 5):
 def new generation   total 8192K, used 7296K [0x038d0000, 0x041b0000, 0x08e20000)
  eden space 7296K, 100% used [0x038d0000, 0x03ff0000, 0x03ff0000)
  from space 896K,   0% used [0x03ff0000, 0x03ff0000, 0x040d0000)
  to   space 896K,   0% used [0x040d0000, 0x040d0000, 0x041b0000)
 tenured generation   total 18068K, used 10838K [0x08e20000, 0x09fc5000, 0x138d0000)
   the space 18068K,  59% used [0x08e20000, 0x098b5bc0, 0x098b5c00, 0x09fc5000)
 compacting perm gen  total 12288K, used 5402K [0x138d0000, 0x144d0000, 0x178d0000)
   the space 12288K,  43% used [0x138d0000, 0x13e16b78, 0x13e16c00, 0x144d0000)
No shared spaces configured.
Event: 291.457 GC heap after
Heap after GC invocations=37 (full 5):
 def new generation   total 8192K, used 383K [0x038d0000, 0x041b0000, 0x08e20000)
  eden space 7296K,   0% used [0x038d0000, 0x038d0000, 0x03ff0000)
  from space 896K,  42% used [0x040d0000, 0x0412ffb0, 0x041b0000)
  to   space 896K,   0% used [0x03ff0000, 0x03ff0000, 0x040d0000)
 tenured generation   total 18068K, used 10838K [0x08e20000, 0x09fc5000, 0x138d0000)
   the space 18068K,  59% used [0x08e20000, 0x098b5bc0, 0x098b5c00, 0x09fc5000)
 compacting perm gen  total 12288K, used 5402K [0x138d0000, 0x144d0000, 0x178d0000)
   the space 12288K,  43% used [0x138d0000, 0x13e16b78, 0x13e16c00, 0x144d0000)
No shared spaces configured.
}
Event: 317.995 GC heap before
{Heap before GC invocations=37 (full 5):
 def new generation   total 8192K, used 7679K [0x038d0000, 0x041b0000, 0x08e20000)
  eden space 7296K, 100% used [0x038d0000, 0x03ff0000, 0x03ff0000)
  from space 896K,  42% used [0x040d0000, 0x0412ffb0, 0x041b0000)
  to   space 896K,   0% used [0x03ff0000, 0x03ff0000, 0x040d0000)
 tenured generation   total 18068K, used 10838K [0x08e20000, 0x09fc5000, 0x138d0000)
   the space 18068K,  59% used [0x08e20000, 0x098b5bc0, 0x098b5c00, 0x09fc5000)
 compacting perm gen  total 12288K, used 5402K [0x138d0000, 0x144d0000, 0x178d0000)
   the space 12288K,  43% used [0x138d0000, 0x13e16b78, 0x13e16c00, 0x144d0000)
No shared spaces configured.
Event: 317.996 GC heap after
Heap after GC invocations=38 (full 5):
 def new generation   total 8192K, used 385K [0x038d0000, 0x041b0000, 0x08e20000)
  eden space 7296K,   0% used [0x038d0000, 0x038d0000, 0x03ff0000)
  from space 896K,  42% used [0x03ff0000, 0x04050460, 0x040d0000)
  to   space 896K,   0% used [0x040d0000, 0x040d0000, 0x041b0000)
 tenured generation   total 18068K, used 10838K [0x08e20000, 0x09fc5000, 0x138d0000)
   the space 18068K,  59% used [0x08e20000, 0x098b5bc0, 0x098b5c00, 0x09fc5000)
 compacting perm gen  total 12288K, used 5402K [0x138d0000, 0x144d0000, 0x178d0000)
   the space 12288K,  43% used [0x138d0000, 0x13e16b78, 0x13e16c00, 0x144d0000)
No shared spaces configured.
}

