# JRE version: Java(TM) SE Runtime Environment (7.0_55-b14) (build 1.7.0_55-b14)
# Java VM: Java HotSpot(TM) Client VM (24.55-b03 mixed mode windows-x86 )
Heap
 def new generation   total 4928K, used 1548K [0x03a50000, 0x03fa0000, 0x08fa0000)
  eden space 4416K,  24% used [0x03a50000, 0x03b5bbe0, 0x03ea0000)
  from space 512K,  93% used [0x03ea0000, 0x03f177c8, 0x03f20000)
  to   space 512K,   0% used [0x03f20000, 0x03f20000, 0x03fa0000)
 tenured generation   total 10944K, used 10009K [0x08fa0000, 0x09a50000, 0x13a50000)
   the space 10944K,  91% used [0x08fa0000, 0x09966570, 0x09966600, 0x09a50000)
 compacting perm gen  total 12288K, used 5418K [0x13a50000, 0x14650000, 0x17a50000)
   the space 12288K,  44% used [0x13a50000, 0x13f9ab80, 0x13f9ac00, 0x14650000)
GC Heap History (10 events):
Event: 5.545 GC heap before
{Heap before GC invocations=7 (full 0):
 def new generation   total 4928K, used 4411K [0x03a50000, 0x03fa0000, 0x08fa0000)
  eden space 4416K,  99% used [0x03a50000, 0x03e9c630, 0x03ea0000)
  from space 512K,   1% used [0x03f20000, 0x03f22820, 0x03fa0000)
  to   space 512K,   0% used [0x03ea0000, 0x03ea0000, 0x03f20000)
 tenured generation   total 10944K, used 3773K [0x08fa0000, 0x09a50000, 0x13a50000)
   the space 10944K,  34% used [0x08fa0000, 0x0934f4f0, 0x0934f600, 0x09a50000)
 compacting perm gen  total 12288K, used 4995K [0x13a50000, 0x14650000, 0x17a50000)
   the space 12288K,  40% used [0x13a50000, 0x13f30e20, 0x13f31000, 0x14650000)
No shared spaces configured.
Event: 5.547 GC heap after
Heap after GC invocations=8 (full 0):
 def new generation   total 4928K, used 460K [0x03a50000, 0x03fa0000, 0x08fa0000)
  eden space 4416K,   0% used [0x03a50000, 0x03a50000, 0x03ea0000)
  from space 512K,  89% used [0x03ea0000, 0x03f132f0, 0x03f20000)
  to   space 512K,   0% used [0x03f20000, 0x03f20000, 0x03fa0000)
 tenured generation   total 10944K, used 3773K [0x08fa0000, 0x09a50000, 0x13a50000)
   the space 10944K,  34% used [0x08fa0000, 0x0934f4f0, 0x0934f600, 0x09a50000)
 compacting perm gen  total 12288K, used 4995K [0x13a50000, 0x14650000, 0x17a50000)
   the space 12288K,  40% used [0x13a50000, 0x13f30e20, 0x13f31000, 0x14650000)
No shared spaces configured.
}
Event: 6.300 GC heap before
{Heap before GC invocations=8 (full 0):
 def new generation   total 4928K, used 4850K [0x03a50000, 0x03fa0000, 0x08fa0000)
  eden space 4416K,  99% used [0x03a50000, 0x03e99758, 0x03ea0000)
  from space 512K,  89% used [0x03ea0000, 0x03f132f0, 0x03f20000)
  to   space 512K,   0% used [0x03f20000, 0x03f20000, 0x03fa0000)
 tenured generation   total 10944K, used 3773K [0x08fa0000, 0x09a50000, 0x13a50000)
   the space 10944K,  34% used [0x08fa0000, 0x0934f4f0, 0x0934f600, 0x09a50000)
 compacting perm gen  total 12288K, used 5114K [0x13a50000, 0x14650000, 0x17a50000)
   the space 12288K,  41% used [0x13a50000, 0x13f4eaa0, 0x13f4ec00, 0x14650000)
No shared spaces configured.
Event: 6.308 GC heap after
Heap after GC invocations=9 (full 0):
 def new generation   total 4928K, used 512K [0x03a50000, 0x03fa0000, 0x08fa0000)
  eden space 4416K,   0% used [0x03a50000, 0x03a50000, 0x03ea0000)
  from space 512K, 100% used [0x03f20000, 0x03fa0000, 0x03fa0000)
  to   space 512K,   0% used [0x03ea0000, 0x03ea0000, 0x03f20000)
 tenured generation   total 10944K, used 5143K [0x08fa0000, 0x09a50000, 0x13a50000)
   the space 10944K,  46% used [0x08fa0000, 0x094a5d50, 0x094a5e00, 0x09a50000)
 compacting perm gen  total 12288K, used 5114K [0x13a50000, 0x14650000, 0x17a50000)
   the space 12288K,  41% used [0x13a50000, 0x13f4eaa0, 0x13f4ec00, 0x14650000)
No shared spaces configured.
}
Event: 6.916 GC heap before
{Heap before GC invocations=9 (full 0):
 def new generation   total 4928K, used 4928K [0x03a50000, 0x03fa0000, 0x08fa0000)
  eden space 4416K, 100% used [0x03a50000, 0x03ea0000, 0x03ea0000)
  from space 512K, 100% used [0x03f20000, 0x03fa0000, 0x03fa0000)
  to   space 512K,   0% used [0x03ea0000, 0x03ea0000, 0x03f20000)
 tenured generation   total 10944K, used 5143K [0x08fa0000, 0x09a50000, 0x13a50000)
   the space 10944K,  46% used [0x08fa0000, 0x094a5d50, 0x094a5e00, 0x09a50000)
 compacting perm gen  total 12288K, used 5152K [0x13a50000, 0x14650000, 0x17a50000)
   the space 12288K,  41% used [0x13a50000, 0x13f583e0, 0x13f58400, 0x14650000)
No shared spaces configured.
Event: 6.930 GC heap after
Heap after GC invocations=10 (full 0):
 def new generation   total 4928K, used 512K [0x03a50000, 0x03fa0000, 0x08fa0000)
  eden space 4416K,   0% used [0x03a50000, 0x03a50000, 0x03ea0000)
  from space 512K, 100% used [0x03ea0000, 0x03f20000, 0x03f20000)
  to   space 512K,   0% used [0x03f20000, 0x03f20000, 0x03fa0000)
 tenured generation   total 10944K, used 8062K [0x08fa0000, 0x09a50000, 0x13a50000)
   the space 10944K,  73% used [0x08fa0000, 0x0977fa38, 0x0977fc00, 0x09a50000)
 compacting perm gen  total 12288K, used 5152K [0x13a50000, 0x14650000, 0x17a50000)
   the space 12288K,  41% used [0x13a50000, 0x13f583e0, 0x13f58400, 0x14650000)
No shared spaces configured.
}
Event: 7.188 GC heap before
{Heap before GC invocations=10 (full 0):
 def new generation   total 4928K, used 4928K [0x03a50000, 0x03fa0000, 0x08fa0000)
  eden space 4416K, 100% used [0x03a50000, 0x03ea0000, 0x03ea0000)
  from space 512K, 100% used [0x03ea0000, 0x03f20000, 0x03f20000)
  to   space 512K,   0% used [0x03f20000, 0x03f20000, 0x03fa0000)
 tenured generation   total 10944K, used 8062K [0x08fa0000, 0x09a50000, 0x13a50000)
   the space 10944K,  73% used [0x08fa0000, 0x0977fa38, 0x0977fc00, 0x09a50000)
 compacting perm gen  total 12288K, used 5386K [0x13a50000, 0x14650000, 0x17a50000)
   the space 12288K,  43% used [0x13a50000, 0x13f92b88, 0x13f92c00, 0x14650000)
No shared spaces configured.
Event: 7.197 GC heap after
Heap after GC invocations=11 (full 0):
 def new generation   total 4928K, used 512K [0x03a50000, 0x03fa0000, 0x08fa0000)
  eden space 4416K,   0% used [0x03a50000, 0x03a50000, 0x03ea0000)
  from space 512K, 100% used [0x03f20000, 0x03fa0000, 0x03fa0000)
  to   space 512K,   0% used [0x03ea0000, 0x03ea0000, 0x03f20000)
 tenured generation   total 10944K, used 9498K [0x08fa0000, 0x09a50000, 0x13a50000)
   the space 10944K,  86% used [0x08fa0000, 0x098e6b20, 0x098e6c00, 0x09a50000)
 compacting perm gen  total 12288K, used 5386K [0x13a50000, 0x14650000, 0x17a50000)
   the space 12288K,  43% used [0x13a50000, 0x13f92b88, 0x13f92c00, 0x14650000)
No shared spaces configured.
}
Event: 50.901 GC heap before
{Heap before GC invocations=11 (full 0):
 def new generation   total 4928K, used 4928K [0x03a50000, 0x03fa0000, 0x08fa0000)
  eden space 4416K, 100% used [0x03a50000, 0x03ea0000, 0x03ea0000)
  from space 512K, 100% used [0x03f20000, 0x03fa0000, 0x03fa0000)
  to   space 512K,   0% used [0x03ea0000, 0x03ea0000, 0x03f20000)
 tenured generation   total 10944K, used 9498K [0x08fa0000, 0x09a50000, 0x13a50000)
   the space 10944K,  86% used [0x08fa0000, 0x098e6b20, 0x098e6c00, 0x09a50000)
 compacting perm gen  total 12288K, used 5418K [0x13a50000, 0x14650000, 0x17a50000)
   the space 12288K,  44% used [0x13a50000, 0x13f9ab80, 0x13f9ac00, 0x14650000)
No shared spaces configured.
Event: 50.906 GC heap after
Heap after GC invocations=12 (full 0):
 def new generation   total 4928K, used 477K [0x03a50000, 0x03fa0000, 0x08fa0000)
  eden space 4416K,   0% used [0x03a50000, 0x03a50000, 0x03ea0000)
  from space 512K,  93% used [0x03ea0000, 0x03f177c8, 0x03f20000)
  to   space 512K,   0% used [0x03f20000, 0x03f20000, 0x03fa0000)
 tenured generation   total 10944K, used 10009K [0x08fa0000, 0x09a50000, 0x13a50000)
   the space 10944K,  91% used [0x08fa0000, 0x09966570, 0x09966600, 0x09a50000)
 compacting perm gen  total 12288K, used 5418K [0x13a50000, 0x14650000, 0x17a50000)
   the space 12288K,  44% used [0x13a50000, 0x13f9ab80, 0x13f9ac00, 0x14650000)
No shared spaces configured.
}

