# JRE version: Java(TM) SE Runtime Environment (7.0_51-b13) (build 1.7.0_51-b13)
# Java VM: Java HotSpot(TM) Client VM (24.51-b03 mixed mode windows-x86 )
Heap
 def new generation   total 4928K, used 2741K [0x03930000, 0x03e80000, 0x08e80000)
  eden space 4416K,  50% used [0x03930000, 0x03b5d498, 0x03d80000)
  from space 512K, 100% used [0x03d80000, 0x03e00000, 0x03e00000)
  to   space 512K,   0% used [0x03e00000, 0x03e00000, 0x03e80000)
 tenured generation   total 10944K, used 1699K [0x08e80000, 0x09930000, 0x13930000)
   the space 10944K,  15% used [0x08e80000, 0x09028fe8, 0x09029000, 0x09930000)
 compacting perm gen  total 12288K, used 4937K [0x13930000, 0x14530000, 0x17930000)
   the space 12288K,  40% used [0x13930000, 0x13e026a8, 0x13e02800, 0x14530000)
GC Heap History (4 events):
Event: 0.806 GC heap before
{Heap before GC invocations=0 (full 0):
 def new generation   total 4928K, used 4416K [0x03930000, 0x03e80000, 0x08e80000)
  eden space 4416K, 100% used [0x03930000, 0x03d80000, 0x03d80000)
  from space 512K,   0% used [0x03d80000, 0x03d80000, 0x03e00000)
  to   space 512K,   0% used [0x03e00000, 0x03e00000, 0x03e80000)
 tenured generation   total 10944K, used 0K [0x08e80000, 0x09930000, 0x13930000)
   the space 10944K,   0% used [0x08e80000, 0x08e80000, 0x08e80200, 0x09930000)
 compacting perm gen  total 12288K, used 3516K [0x13930000, 0x14530000, 0x17930000)
   the space 12288K,  28% used [0x13930000, 0x13c9f330, 0x13c9f400, 0x14530000)
No shared spaces configured.
Event: 0.813 GC heap after
Heap after GC invocations=1 (full 0):
 def new generation   total 4928K, used 512K [0x03930000, 0x03e80000, 0x08e80000)
  eden space 4416K,   0% used [0x03930000, 0x03930000, 0x03d80000)
  from space 512K, 100% used [0x03e00000, 0x03e80000, 0x03e80000)
  to   space 512K,   0% used [0x03d80000, 0x03d80000, 0x03e00000)
 tenured generation   total 10944K, used 632K [0x08e80000, 0x09930000, 0x13930000)
   the space 10944K,   5% used [0x08e80000, 0x08f1e348, 0x08f1e400, 0x09930000)
 compacting perm gen  total 12288K, used 3516K [0x13930000, 0x14530000, 0x17930000)
   the space 12288K,  28% used [0x13930000, 0x13c9f330, 0x13c9f400, 0x14530000)
No shared spaces configured.
}
Event: 1.257 GC heap before
{Heap before GC invocations=1 (full 0):
 def new generation   total 4928K, used 4908K [0x03930000, 0x03e80000, 0x08e80000)
  eden space 4416K,  99% used [0x03930000, 0x03d7b118, 0x03d80000)
  from space 512K, 100% used [0x03e00000, 0x03e80000, 0x03e80000)
  to   space 512K,   0% used [0x03d80000, 0x03d80000, 0x03e00000)
 tenured generation   total 10944K, used 632K [0x08e80000, 0x09930000, 0x13930000)
   the space 10944K,   5% used [0x08e80000, 0x08f1e348, 0x08f1e400, 0x09930000)
 compacting perm gen  total 12288K, used 4576K [0x13930000, 0x14530000, 0x17930000)
   the space 12288K,  37% used [0x13930000, 0x13da8110, 0x13da8200, 0x14530000)
No shared spaces configured.
Event: 1.266 GC heap after
Heap after GC invocations=2 (full 0):
 def new generation   total 4928K, used 512K [0x03930000, 0x03e80000, 0x08e80000)
  eden space 4416K,   0% used [0x03930000, 0x03930000, 0x03d80000)
  from space 512K, 100% used [0x03d80000, 0x03e00000, 0x03e00000)
  to   space 512K,   0% used [0x03e00000, 0x03e00000, 0x03e80000)
 tenured generation   total 10944K, used 1699K [0x08e80000, 0x09930000, 0x13930000)
   the space 10944K,  15% used [0x08e80000, 0x09028fe8, 0x09029000, 0x09930000)
 compacting perm gen  total 12288K, used 4576K [0x13930000, 0x14530000, 0x17930000)
   the space 12288K,  37% used [0x13930000, 0x13da8110, 0x13da8200, 0x14530000)
No shared spaces configured.
}

