# JRE version: Java(TM) SE Runtime Environment (7.0_55-b14) (build 1.7.0_55-b14)
# Java VM: Java HotSpot(TM) Client VM (24.55-b03 mixed mode windows-x86 )
Heap
 def new generation   total 4928K, used 4552K [0x03c60000, 0x041b0000, 0x091b0000)
  eden space 4416K,  91% used [0x03c60000, 0x04052048, 0x040b0000)
  from space 512K, 100% used [0x040b0000, 0x04130000, 0x04130000)
  to   space 512K,   0% used [0x04130000, 0x04130000, 0x041b0000)
 tenured generation   total 10944K, used 7330K [0x091b0000, 0x09c60000, 0x13c60000)
   the space 10944K,  66% used [0x091b0000, 0x098d8838, 0x098d8a00, 0x09c60000)
 compacting perm gen  total 12288K, used 5400K [0x13c60000, 0x14860000, 0x17c60000)
   the space 12288K,  43% used [0x13c60000, 0x141a6138, 0x141a6200, 0x14860000)
GC Heap History (10 events):
Event: 2.501 GC heap before
{Heap before GC invocations=3 (full 0):
 def new generation   total 4928K, used 4920K [0x03c60000, 0x041b0000, 0x091b0000)
  eden space 4416K,  99% used [0x03c60000, 0x040ae028, 0x040b0000)
  from space 512K, 100% used [0x04130000, 0x041b0000, 0x041b0000)
  to   space 512K,   0% used [0x040b0000, 0x040b0000, 0x04130000)
 tenured generation   total 10944K, used 3033K [0x091b0000, 0x09c60000, 0x13c60000)
   the space 10944K,  27% used [0x091b0000, 0x094a6618, 0x094a6800, 0x09c60000)
 compacting perm gen  total 12288K, used 4525K [0x13c60000, 0x14860000, 0x17c60000)
   the space 12288K,  36% used [0x13c60000, 0x140cb7a0, 0x140cb800, 0x14860000)
No shared spaces configured.
Event: 2.505 GC heap after
Heap after GC invocations=4 (full 0):
 def new generation   total 4928K, used 375K [0x03c60000, 0x041b0000, 0x091b0000)
  eden space 4416K,   0% used [0x03c60000, 0x03c60000, 0x040b0000)
  from space 512K,  73% used [0x040b0000, 0x0410def8, 0x04130000)
  to   space 512K,   0% used [0x04130000, 0x04130000, 0x041b0000)
 tenured generation   total 10944K, used 3312K [0x091b0000, 0x09c60000, 0x13c60000)
   the space 10944K,  30% used [0x091b0000, 0x094ec290, 0x094ec400, 0x09c60000)
 compacting perm gen  total 12288K, used 4525K [0x13c60000, 0x14860000, 0x17c60000)
   the space 12288K,  36% used [0x13c60000, 0x140cb7a0, 0x140cb800, 0x14860000)
No shared spaces configured.
}
Event: 4.239 GC heap before
{Heap before GC invocations=4 (full 0):
 def new generation   total 4928K, used 4776K [0x03c60000, 0x041b0000, 0x091b0000)
  eden space 4416K,  99% used [0x03c60000, 0x040ac440, 0x040b0000)
  from space 512K,  73% used [0x040b0000, 0x0410def8, 0x04130000)
  to   space 512K,   0% used [0x04130000, 0x04130000, 0x041b0000)
 tenured generation   total 10944K, used 3312K [0x091b0000, 0x09c60000, 0x13c60000)
   the space 10944K,  30% used [0x091b0000, 0x094ec290, 0x094ec400, 0x09c60000)
 compacting perm gen  total 12288K, used 4879K [0x13c60000, 0x14860000, 0x17c60000)
   the space 12288K,  39% used [0x13c60000, 0x14123e88, 0x14124000, 0x14860000)
No shared spaces configured.
Event: 4.242 GC heap after
Heap after GC invocations=5 (full 0):
 def new generation   total 4928K, used 512K [0x03c60000, 0x041b0000, 0x091b0000)
  eden space 4416K,   0% used [0x03c60000, 0x03c60000, 0x040b0000)
  from space 512K, 100% used [0x04130000, 0x041b0000, 0x041b0000)
  to   space 512K,   0% used [0x040b0000, 0x040b0000, 0x04130000)
 tenured generation   total 10944K, used 3571K [0x091b0000, 0x09c60000, 0x13c60000)
   the space 10944K,  32% used [0x091b0000, 0x0952cd18, 0x0952ce00, 0x09c60000)
 compacting perm gen  total 12288K, used 4879K [0x13c60000, 0x14860000, 0x17c60000)
   the space 12288K,  39% used [0x13c60000, 0x14123e88, 0x14124000, 0x14860000)
No shared spaces configured.
}
Event: 5.233 GC heap before
{Heap before GC invocations=5 (full 0):
 def new generation   total 4928K, used 4928K [0x03c60000, 0x041b0000, 0x091b0000)
  eden space 4416K, 100% used [0x03c60000, 0x040b0000, 0x040b0000)
  from space 512K, 100% used [0x04130000, 0x041b0000, 0x041b0000)
  to   space 512K,   0% used [0x040b0000, 0x040b0000, 0x04130000)
 tenured generation   total 10944K, used 3571K [0x091b0000, 0x09c60000, 0x13c60000)
   the space 10944K,  32% used [0x091b0000, 0x0952cd18, 0x0952ce00, 0x09c60000)
 compacting perm gen  total 12288K, used 5084K [0x13c60000, 0x14860000, 0x17c60000)
   the space 12288K,  41% used [0x13c60000, 0x14157188, 0x14157200, 0x14860000)
No shared spaces configured.
Event: 5.238 GC heap after
Heap after GC invocations=6 (full 0):
 def new generation   total 4928K, used 512K [0x03c60000, 0x041b0000, 0x091b0000)
  eden space 4416K,   0% used [0x03c60000, 0x03c60000, 0x040b0000)
  from space 512K, 100% used [0x040b0000, 0x04130000, 0x04130000)
  to   space 512K,   0% used [0x04130000, 0x04130000, 0x041b0000)
 tenured generation   total 10944K, used 4447K [0x091b0000, 0x09c60000, 0x13c60000)
   the space 10944K,  40% used [0x091b0000, 0x09607c00, 0x09607c00, 0x09c60000)
 compacting perm gen  total 12288K, used 5084K [0x13c60000, 0x14860000, 0x17c60000)
   the space 12288K,  41% used [0x13c60000, 0x14157188, 0x14157200, 0x14860000)
No shared spaces configured.
}
Event: 6.387 GC heap before
{Heap before GC invocations=6 (full 0):
 def new generation   total 4928K, used 4918K [0x03c60000, 0x041b0000, 0x091b0000)
  eden space 4416K,  99% used [0x03c60000, 0x040ad948, 0x040b0000)
  from space 512K, 100% used [0x040b0000, 0x04130000, 0x04130000)
  to   space 512K,   0% used [0x04130000, 0x04130000, 0x041b0000)
 tenured generation   total 10944K, used 4447K [0x091b0000, 0x09c60000, 0x13c60000)
   the space 10944K,  40% used [0x091b0000, 0x09607c00, 0x09607c00, 0x09c60000)
 compacting perm gen  total 12288K, used 5114K [0x13c60000, 0x14860000, 0x17c60000)
   the space 12288K,  41% used [0x13c60000, 0x1415eac0, 0x1415ec00, 0x14860000)
No shared spaces configured.
Event: 6.392 GC heap after
Heap after GC invocations=7 (full 0):
 def new generation   total 4928K, used 512K [0x03c60000, 0x041b0000, 0x091b0000)
  eden space 4416K,   0% used [0x03c60000, 0x03c60000, 0x040b0000)
  from space 512K, 100% used [0x04130000, 0x041b0000, 0x041b0000)
  to   space 512K,   0% used [0x040b0000, 0x040b0000, 0x04130000)
 tenured generation   total 10944K, used 5118K [0x091b0000, 0x09c60000, 0x13c60000)
   the space 10944K,  46% used [0x091b0000, 0x096af890, 0x096afa00, 0x09c60000)
 compacting perm gen  total 12288K, used 5114K [0x13c60000, 0x14860000, 0x17c60000)
   the space 12288K,  41% used [0x13c60000, 0x1415eac0, 0x1415ec00, 0x14860000)
No shared spaces configured.
}
Event: 6.652 GC heap before
{Heap before GC invocations=7 (full 0):
 def new generation   total 4928K, used 4928K [0x03c60000, 0x041b0000, 0x091b0000)
  eden space 4416K, 100% used [0x03c60000, 0x040b0000, 0x040b0000)
  from space 512K, 100% used [0x04130000, 0x041b0000, 0x041b0000)
  to   space 512K,   0% used [0x040b0000, 0x040b0000, 0x04130000)
 tenured generation   total 10944K, used 5118K [0x091b0000, 0x09c60000, 0x13c60000)
   the space 10944K,  46% used [0x091b0000, 0x096af890, 0x096afa00, 0x09c60000)
 compacting perm gen  total 12288K, used 5316K [0x13c60000, 0x14860000, 0x17c60000)
   the space 12288K,  43% used [0x13c60000, 0x141910b8, 0x14191200, 0x14860000)
No shared spaces configured.
Event: 6.665 GC heap after
Heap after GC invocations=8 (full 0):
 def new generation   total 4928K, used 512K [0x03c60000, 0x041b0000, 0x091b0000)
  eden space 4416K,   0% used [0x03c60000, 0x03c60000, 0x040b0000)
  from space 512K, 100% used [0x040b0000, 0x04130000, 0x04130000)
  to   space 512K,   0% used [0x04130000, 0x04130000, 0x041b0000)
 tenured generation   total 10944K, used 7330K [0x091b0000, 0x09c60000, 0x13c60000)
   the space 10944K,  66% used [0x091b0000, 0x098d8838, 0x098d8a00, 0x09c60000)
 compacting perm gen  total 12288K, used 5316K [0x13c60000, 0x14860000, 0x17c60000)
   the space 12288K,  43% used [0x13c60000, 0x141910b8, 0x14191200, 0x14860000)
No shared spaces configured.
}

