# JRE version: Java(TM) SE Runtime Environment (7.0_55-b14) (build 1.7.0_55-b14)
# Java VM: Java HotSpot(TM) Client VM (24.55-b03 mixed mode windows-x86 )
Heap
 def new generation   total 4928K, used 2772K [0x035b0000, 0x03b00000, 0x08b00000)
  eden space 4416K,  62% used [0x035b0000, 0x03864800, 0x03a00000)
  from space 512K,   0% used [0x03a80000, 0x03a80b68, 0x03b00000)
  to   space 512K,   0% used [0x03a00000, 0x03a00000, 0x03a80000)
 tenured generation   total 10944K, used 8058K [0x08b00000, 0x095b0000, 0x135b0000)
   the space 10944K,  73% used [0x08b00000, 0x092de9b8, 0x092dea00, 0x095b0000)
 compacting perm gen  total 12288K, used 5424K [0x135b0000, 0x141b0000, 0x175b0000)
   the space 12288K,  44% used [0x135b0000, 0x13afc3e8, 0x13afc400, 0x141b0000)
GC Heap History (10 events):
Event: 23.927 GC heap before
{Heap before GC invocations=12 (full 0):
 def new generation   total 4928K, used 4417K [0x035b0000, 0x03b00000, 0x08b00000)
  eden space 4416K, 100% used [0x035b0000, 0x03a00000, 0x03a00000)
  from space 512K,   0% used [0x03a00000, 0x03a006f8, 0x03a80000)
  to   space 512K,   0% used [0x03a80000, 0x03a80000, 0x03b00000)
 tenured generation   total 10944K, used 8058K [0x08b00000, 0x095b0000, 0x135b0000)
   the space 10944K,  73% used [0x08b00000, 0x092de9b8, 0x092dea00, 0x095b0000)
 compacting perm gen  total 12288K, used 5424K [0x135b0000, 0x141b0000, 0x175b0000)
   the space 12288K,  44% used [0x135b0000, 0x13afc378, 0x13afc400, 0x141b0000)
No shared spaces configured.
Event: 23.928 GC heap after
Heap after GC invocations=13 (full 0):
 def new generation   total 4928K, used 1K [0x035b0000, 0x03b00000, 0x08b00000)
  eden space 4416K,   0% used [0x035b0000, 0x035b0000, 0x03a00000)
  from space 512K,   0% used [0x03a80000, 0x03a80530, 0x03b00000)
  to   space 512K,   0% used [0x03a00000, 0x03a00000, 0x03a80000)
 tenured generation   total 10944K, used 8058K [0x08b00000, 0x095b0000, 0x135b0000)
   the space 10944K,  73% used [0x08b00000, 0x092de9b8, 0x092dea00, 0x095b0000)
 compacting perm gen  total 12288K, used 5424K [0x135b0000, 0x141b0000, 0x175b0000)
   the space 12288K,  44% used [0x135b0000, 0x13afc378, 0x13afc400, 0x141b0000)
No shared spaces configured.
}
Event: 26.560 GC heap before
{Heap before GC invocations=13 (full 0):
 def new generation   total 4928K, used 4417K [0x035b0000, 0x03b00000, 0x08b00000)
  eden space 4416K, 100% used [0x035b0000, 0x03a00000, 0x03a00000)
  from space 512K,   0% used [0x03a80000, 0x03a80530, 0x03b00000)
  to   space 512K,   0% used [0x03a00000, 0x03a00000, 0x03a80000)
 tenured generation   total 10944K, used 8058K [0x08b00000, 0x095b0000, 0x135b0000)
   the space 10944K,  73% used [0x08b00000, 0x092de9b8, 0x092dea00, 0x095b0000)
 compacting perm gen  total 12288K, used 5424K [0x135b0000, 0x141b0000, 0x175b0000)
   the space 12288K,  44% used [0x135b0000, 0x13afc388, 0x13afc400, 0x141b0000)
No shared spaces configured.
Event: 26.561 GC heap after
Heap after GC invocations=14 (full 0):
 def new generation   total 4928K, used 1K [0x035b0000, 0x03b00000, 0x08b00000)
  eden space 4416K,   0% used [0x035b0000, 0x035b0000, 0x03a00000)
  from space 512K,   0% used [0x03a00000, 0x03a00650, 0x03a80000)
  to   space 512K,   0% used [0x03a80000, 0x03a80000, 0x03b00000)
 tenured generation   total 10944K, used 8058K [0x08b00000, 0x095b0000, 0x135b0000)
   the space 10944K,  73% used [0x08b00000, 0x092de9b8, 0x092dea00, 0x095b0000)
 compacting perm gen  total 12288K, used 5424K [0x135b0000, 0x141b0000, 0x175b0000)
   the space 12288K,  44% used [0x135b0000, 0x13afc388, 0x13afc400, 0x141b0000)
No shared spaces configured.
}
Event: 29.222 GC heap before
{Heap before GC invocations=14 (full 0):
 def new generation   total 4928K, used 4417K [0x035b0000, 0x03b00000, 0x08b00000)
  eden space 4416K, 100% used [0x035b0000, 0x03a00000, 0x03a00000)
  from space 512K,   0% used [0x03a00000, 0x03a00650, 0x03a80000)
  to   space 512K,   0% used [0x03a80000, 0x03a80000, 0x03b00000)
 tenured generation   total 10944K, used 8058K [0x08b00000, 0x095b0000, 0x135b0000)
   the space 10944K,  73% used [0x08b00000, 0x092de9b8, 0x092dea00, 0x095b0000)
 compacting perm gen  total 12288K, used 5424K [0x135b0000, 0x141b0000, 0x175b0000)
   the space 12288K,  44% used [0x135b0000, 0x13afc3e8, 0x13afc400, 0x141b0000)
No shared spaces configured.
Event: 29.223 GC heap after
Heap after GC invocations=15 (full 0):
 def new generation   total 4928K, used 3K [0x035b0000, 0x03b00000, 0x08b00000)
  eden space 4416K,   0% used [0x035b0000, 0x035b0000, 0x03a00000)
  from space 512K,   0% used [0x03a80000, 0x03a80dc8, 0x03b00000)
  to   space 512K,   0% used [0x03a00000, 0x03a00000, 0x03a80000)
 tenured generation   total 10944K, used 8058K [0x08b00000, 0x095b0000, 0x135b0000)
   the space 10944K,  73% used [0x08b00000, 0x092de9b8, 0x092dea00, 0x095b0000)
 compacting perm gen  total 12288K, used 5424K [0x135b0000, 0x141b0000, 0x175b0000)
   the space 12288K,  44% used [0x135b0000, 0x13afc3e8, 0x13afc400, 0x141b0000)
No shared spaces configured.
}
Event: 31.827 GC heap before
{Heap before GC invocations=15 (full 0):
 def new generation   total 4928K, used 4419K [0x035b0000, 0x03b00000, 0x08b00000)
  eden space 4416K, 100% used [0x035b0000, 0x03a00000, 0x03a00000)
  from space 512K,   0% used [0x03a80000, 0x03a80dc8, 0x03b00000)
  to   space 512K,   0% used [0x03a00000, 0x03a00000, 0x03a80000)
 tenured generation   total 10944K, used 8058K [0x08b00000, 0x095b0000, 0x135b0000)
   the space 10944K,  73% used [0x08b00000, 0x092de9b8, 0x092dea00, 0x095b0000)
 compacting perm gen  total 12288K, used 5424K [0x135b0000, 0x141b0000, 0x175b0000)
   the space 12288K,  44% used [0x135b0000, 0x13afc3e8, 0x13afc400, 0x141b0000)
No shared spaces configured.
Event: 31.828 GC heap after
Heap after GC invocations=16 (full 0):
 def new generation   total 4928K, used 2K [0x035b0000, 0x03b00000, 0x08b00000)
  eden space 4416K,   0% used [0x035b0000, 0x035b0000, 0x03a00000)
  from space 512K,   0% used [0x03a00000, 0x03a00b68, 0x03a80000)
  to   space 512K,   0% used [0x03a80000, 0x03a80000, 0x03b00000)
 tenured generation   total 10944K, used 8058K [0x08b00000, 0x095b0000, 0x135b0000)
   the space 10944K,  73% used [0x08b00000, 0x092de9b8, 0x092dea00, 0x095b0000)
 compacting perm gen  total 12288K, used 5424K [0x135b0000, 0x141b0000, 0x175b0000)
   the space 12288K,  44% used [0x135b0000, 0x13afc3e8, 0x13afc400, 0x141b0000)
No shared spaces configured.
}
Event: 34.455 GC heap before
{Heap before GC invocations=16 (full 0):
 def new generation   total 4928K, used 4418K [0x035b0000, 0x03b00000, 0x08b00000)
  eden space 4416K, 100% used [0x035b0000, 0x03a00000, 0x03a00000)
  from space 512K,   0% used [0x03a00000, 0x03a00b68, 0x03a80000)
  to   space 512K,   0% used [0x03a80000, 0x03a80000, 0x03b00000)
 tenured generation   total 10944K, used 8058K [0x08b00000, 0x095b0000, 0x135b0000)
   the space 10944K,  73% used [0x08b00000, 0x092de9b8, 0x092dea00, 0x095b0000)
 compacting perm gen  total 12288K, used 5424K [0x135b0000, 0x141b0000, 0x175b0000)
   the space 12288K,  44% used [0x135b0000, 0x13afc3e8, 0x13afc400, 0x141b0000)
No shared spaces configured.
Event: 34.456 GC heap after
Heap after GC invocations=17 (full 0):
 def new generation   total 4928K, used 2K [0x035b0000, 0x03b00000, 0x08b00000)
  eden space 4416K,   0% used [0x035b0000, 0x035b0000, 0x03a00000)
  from space 512K,   0% used [0x03a80000, 0x03a80b68, 0x03b00000)
  to   space 512K,   0% used [0x03a00000, 0x03a00000, 0x03a80000)
 tenured generation   total 10944K, used 8058K [0x08b00000, 0x095b0000, 0x135b0000)
   the space 10944K,  73% used [0x08b00000, 0x092de9b8, 0x092dea00, 0x095b0000)
 compacting perm gen  total 12288K, used 5424K [0x135b0000, 0x141b0000, 0x175b0000)
   the space 12288K,  44% used [0x135b0000, 0x13afc3e8, 0x13afc400, 0x141b0000)
No shared spaces configured.
}

