# JRE version: Java(TM) SE Runtime Environment (7.0_51-b13) (build 1.7.0_51-b13)
# Java VM: Java HotSpot(TM) Client VM (24.51-b03 mixed mode windows-x86 )
Heap
 def new generation   total 4928K, used 2771K [0x039c0000, 0x03f10000, 0x08f10000)
  eden space 4416K,  51% used [0x039c0000, 0x03bf4e00, 0x03e10000)
  from space 512K, 100% used [0x03e10000, 0x03e90000, 0x03e90000)
  to   space 512K,   0% used [0x03e90000, 0x03e90000, 0x03f10000)
 tenured generation   total 10944K, used 1706K [0x08f10000, 0x099c0000, 0x139c0000)
   the space 10944K,  15% used [0x08f10000, 0x090baa80, 0x090bac00, 0x099c0000)
 compacting perm gen  total 12288K, used 4937K [0x139c0000, 0x145c0000, 0x179c0000)
   the space 12288K,  40% used [0x139c0000, 0x13e92678, 0x13e92800, 0x145c0000)
GC Heap History (4 events):
Event: 4.987 GC heap before
{Heap before GC invocations=0 (full 0):
 def new generation   total 4928K, used 4416K [0x039c0000, 0x03f10000, 0x08f10000)
  eden space 4416K, 100% used [0x039c0000, 0x03e10000, 0x03e10000)
  from space 512K,   0% used [0x03e10000, 0x03e10000, 0x03e90000)
  to   space 512K,   0% used [0x03e90000, 0x03e90000, 0x03f10000)
 tenured generation   total 10944K, used 0K [0x08f10000, 0x099c0000, 0x139c0000)
   the space 10944K,   0% used [0x08f10000, 0x08f10000, 0x08f10200, 0x099c0000)
 compacting perm gen  total 12288K, used 3464K [0x139c0000, 0x145c0000, 0x179c0000)
   the space 12288K,  28% used [0x139c0000, 0x13d22058, 0x13d22200, 0x145c0000)
No shared spaces configured.
Event: 4.994 GC heap after
Heap after GC invocations=1 (full 0):
 def new generation   total 4928K, used 512K [0x039c0000, 0x03f10000, 0x08f10000)
  eden space 4416K,   0% used [0x039c0000, 0x039c0000, 0x03e10000)
  from space 512K, 100% used [0x03e90000, 0x03f10000, 0x03f10000)
  to   space 512K,   0% used [0x03e10000, 0x03e10000, 0x03e90000)
 tenured generation   total 10944K, used 631K [0x08f10000, 0x099c0000, 0x139c0000)
   the space 10944K,   5% used [0x08f10000, 0x08fadfe0, 0x08fae000, 0x099c0000)
 compacting perm gen  total 12288K, used 3464K [0x139c0000, 0x145c0000, 0x179c0000)
   the space 12288K,  28% used [0x139c0000, 0x13d22058, 0x13d22200, 0x145c0000)
No shared spaces configured.
}
Event: 6.641 GC heap before
{Heap before GC invocations=1 (full 0):
 def new generation   total 4928K, used 4928K [0x039c0000, 0x03f10000, 0x08f10000)
  eden space 4416K, 100% used [0x039c0000, 0x03e10000, 0x03e10000)
  from space 512K, 100% used [0x03e90000, 0x03f10000, 0x03f10000)
  to   space 512K,   0% used [0x03e10000, 0x03e10000, 0x03e90000)
 tenured generation   total 10944K, used 631K [0x08f10000, 0x099c0000, 0x139c0000)
   the space 10944K,   5% used [0x08f10000, 0x08fadfe0, 0x08fae000, 0x099c0000)
 compacting perm gen  total 12288K, used 4599K [0x139c0000, 0x145c0000, 0x179c0000)
   the space 12288K,  37% used [0x139c0000, 0x13e3dcb0, 0x13e3de00, 0x145c0000)
No shared spaces configured.
Event: 6.651 GC heap after
Heap after GC invocations=2 (full 0):
 def new generation   total 4928K, used 512K [0x039c0000, 0x03f10000, 0x08f10000)
  eden space 4416K,   0% used [0x039c0000, 0x039c0000, 0x03e10000)
  from space 512K, 100% used [0x03e10000, 0x03e90000, 0x03e90000)
  to   space 512K,   0% used [0x03e90000, 0x03e90000, 0x03f10000)
 tenured generation   total 10944K, used 1706K [0x08f10000, 0x099c0000, 0x139c0000)
   the space 10944K,  15% used [0x08f10000, 0x090baa80, 0x090bac00, 0x099c0000)
 compacting perm gen  total 12288K, used 4599K [0x139c0000, 0x145c0000, 0x179c0000)
   the space 12288K,  37% used [0x139c0000, 0x13e3dcb0, 0x13e3de00, 0x145c0000)
No shared spaces configured.
}

