# JRE version: Java(TM) SE Runtime Environment (7.0_51-b13) (build 1.7.0_51-b13)
# Java VM: Java HotSpot(TM) Client VM (24.51-b03 mixed mode windows-x86 )
Heap
 def new generation   total 4928K, used 2979K [0x03a00000, 0x03f50000, 0x08f50000)
  eden space 4416K,  58% used [0x03a00000, 0x03c84758, 0x03e50000)
  from space 512K,  78% used [0x03ed0000, 0x03f34790, 0x03f50000)
  to   space 512K,   0% used [0x03e50000, 0x03e50000, 0x03ed0000)
 tenured generation   total 10944K, used 2263K [0x08f50000, 0x09a00000, 0x13a00000)
   the space 10944K,  20% used [0x08f50000, 0x09185cf0, 0x09185e00, 0x09a00000)
 compacting perm gen  total 12288K, used 5280K [0x13a00000, 0x14600000, 0x17a00000)
   the space 12288K,  42% used [0x13a00000, 0x13f28250, 0x13f28400, 0x14600000)
GC Heap History (6 events):
Event: 0.732 GC heap before
{Heap before GC invocations=0 (full 0):
 def new generation   total 4928K, used 4416K [0x03a00000, 0x03f50000, 0x08f50000)
  eden space 4416K, 100% used [0x03a00000, 0x03e50000, 0x03e50000)
  from space 512K,   0% used [0x03e50000, 0x03e50000, 0x03ed0000)
  to   space 512K,   0% used [0x03ed0000, 0x03ed0000, 0x03f50000)
 tenured generation   total 10944K, used 0K [0x08f50000, 0x09a00000, 0x13a00000)
   the space 10944K,   0% used [0x08f50000, 0x08f50000, 0x08f50200, 0x09a00000)
 compacting perm gen  total 12288K, used 3439K [0x13a00000, 0x14600000, 0x17a00000)
   the space 12288K,  27% used [0x13a00000, 0x13d5bdf0, 0x13d5be00, 0x14600000)
No shared spaces configured.
Event: 0.738 GC heap after
Heap after GC invocations=1 (full 0):
 def new generation   total 4928K, used 512K [0x03a00000, 0x03f50000, 0x08f50000)
  eden space 4416K,   0% used [0x03a00000, 0x03a00000, 0x03e50000)
  from space 512K, 100% used [0x03ed0000, 0x03f50000, 0x03f50000)
  to   space 512K,   0% used [0x03e50000, 0x03e50000, 0x03ed0000)
 tenured generation   total 10944K, used 637K [0x08f50000, 0x09a00000, 0x13a00000)
   the space 10944K,   5% used [0x08f50000, 0x08fef4e8, 0x08fef600, 0x09a00000)
 compacting perm gen  total 12288K, used 3439K [0x13a00000, 0x14600000, 0x17a00000)
   the space 12288K,  27% used [0x13a00000, 0x13d5bdf0, 0x13d5be00, 0x14600000)
No shared spaces configured.
}
Event: 1.386 GC heap before
{Heap before GC invocations=1 (full 0):
 def new generation   total 4928K, used 4889K [0x03a00000, 0x03f50000, 0x08f50000)
  eden space 4416K,  99% used [0x03a00000, 0x03e46768, 0x03e50000)
  from space 512K, 100% used [0x03ed0000, 0x03f50000, 0x03f50000)
  to   space 512K,   0% used [0x03e50000, 0x03e50000, 0x03ed0000)
 tenured generation   total 10944K, used 637K [0x08f50000, 0x09a00000, 0x13a00000)
   the space 10944K,   5% used [0x08f50000, 0x08fef4e8, 0x08fef600, 0x09a00000)
 compacting perm gen  total 12288K, used 4615K [0x13a00000, 0x14600000, 0x17a00000)
   the space 12288K,  37% used [0x13a00000, 0x13e81df0, 0x13e81e00, 0x14600000)
No shared spaces configured.
Event: 1.394 GC heap after
Heap after GC invocations=2 (full 0):
 def new generation   total 4928K, used 512K [0x03a00000, 0x03f50000, 0x08f50000)
  eden space 4416K,   0% used [0x03a00000, 0x03a00000, 0x03e50000)
  from space 512K, 100% used [0x03e50000, 0x03ed0000, 0x03ed0000)
  to   space 512K,   0% used [0x03ed0000, 0x03ed0000, 0x03f50000)
 tenured generation   total 10944K, used 1960K [0x08f50000, 0x09a00000, 0x13a00000)
   the space 10944K,  17% used [0x08f50000, 0x0913a0a8, 0x0913a200, 0x09a00000)
 compacting perm gen  total 12288K, used 4615K [0x13a00000, 0x14600000, 0x17a00000)
   the space 12288K,  37% used [0x13a00000, 0x13e81df0, 0x13e81e00, 0x14600000)
No shared spaces configured.
}
Event: 6.885 GC heap before
{Heap before GC invocations=2 (full 0):
 def new generation   total 4928K, used 4928K [0x03a00000, 0x03f50000, 0x08f50000)
  eden space 4416K, 100% used [0x03a00000, 0x03e50000, 0x03e50000)
  from space 512K, 100% used [0x03e50000, 0x03ed0000, 0x03ed0000)
  to   space 512K,   0% used [0x03ed0000, 0x03ed0000, 0x03f50000)
 tenured generation   total 10944K, used 1960K [0x08f50000, 0x09a00000, 0x13a00000)
   the space 10944K,  17% used [0x08f50000, 0x0913a0a8, 0x0913a200, 0x09a00000)
 compacting perm gen  total 12288K, used 4903K [0x13a00000, 0x14600000, 0x17a00000)
   the space 12288K,  39% used [0x13a00000, 0x13ec9ee0, 0x13eca000, 0x14600000)
No shared spaces configured.
Event: 6.890 GC heap after
Heap after GC invocations=3 (full 0):
 def new generation   total 4928K, used 401K [0x03a00000, 0x03f50000, 0x08f50000)
  eden space 4416K,   0% used [0x03a00000, 0x03a00000, 0x03e50000)
  from space 512K,  78% used [0x03ed0000, 0x03f34790, 0x03f50000)
  to   space 512K,   0% used [0x03e50000, 0x03e50000, 0x03ed0000)
 tenured generation   total 10944K, used 2263K [0x08f50000, 0x09a00000, 0x13a00000)
   the space 10944K,  20% used [0x08f50000, 0x09185cf0, 0x09185e00, 0x09a00000)
 compacting perm gen  total 12288K, used 4903K [0x13a00000, 0x14600000, 0x17a00000)
   the space 12288K,  39% used [0x13a00000, 0x13ec9ee0, 0x13eca000, 0x14600000)
No shared spaces configured.
}

