# JRE version: Java(TM) SE Runtime Environment (7.0_55-b14) (build 1.7.0_55-b14)
# Java VM: Java HotSpot(TM) Client VM (24.55-b03 mixed mode windows-x86 )
Heap
 def new generation   total 4928K, used 1595K [0x03d60000, 0x042b0000, 0x092b0000)
  eden space 4416K,  34% used [0x03d60000, 0x03ee0570, 0x041b0000)
  from space 512K,  11% used [0x04230000, 0x0423e700, 0x042b0000)
  to   space 512K,   0% used [0x041b0000, 0x041b0000, 0x04230000)
 tenured generation   total 10944K, used 9084K [0x092b0000, 0x09d60000, 0x13d60000)
   the space 10944K,  83% used [0x092b0000, 0x09b8f0a0, 0x09b8f200, 0x09d60000)
 compacting perm gen  total 12288K, used 5801K [0x13d60000, 0x14960000, 0x17d60000)
   the space 12288K,  47% used [0x13d60000, 0x1430a6b8, 0x1430a800, 0x14960000)
GC Heap History (10 events):
Event: 124.923 GC heap before
{Heap before GC invocations=18 (full 0):
 def new generation   total 4928K, used 4462K [0x03d60000, 0x042b0000, 0x092b0000)
  eden space 4416K,  89% used [0x03d60000, 0x0413baf8, 0x041b0000)
  from space 512K, 100% used [0x041b0000, 0x04230000, 0x04230000)
  to   space 512K,   0% used [0x04230000, 0x04230000, 0x042b0000)
 tenured generation   total 10944K, used 6177K [0x092b0000, 0x09d60000, 0x13d60000)
   the space 10944K,  56% used [0x092b0000, 0x098b8500, 0x098b8600, 0x09d60000)
 compacting perm gen  total 12288K, used 5801K [0x13d60000, 0x14960000, 0x17d60000)
   the space 12288K,  47% used [0x13d60000, 0x1430a6b8, 0x1430a800, 0x14960000)
No shared spaces configured.
Event: 124.936 GC heap after
Heap after GC invocations=19 (full 0):
 def new generation   total 4928K, used 512K [0x03d60000, 0x042b0000, 0x092b0000)
  eden space 4416K,   0% used [0x03d60000, 0x03d60000, 0x041b0000)
  from space 512K, 100% used [0x04230000, 0x042b0000, 0x042b0000)
  to   space 512K,   0% used [0x041b0000, 0x041b0000, 0x04230000)
 tenured generation   total 10944K, used 8580K [0x092b0000, 0x09d60000, 0x13d60000)
   the space 10944K,  78% used [0x092b0000, 0x09b113c0, 0x09b11400, 0x09d60000)
 compacting perm gen  total 12288K, used 5801K [0x13d60000, 0x14960000, 0x17d60000)
   the space 12288K,  47% used [0x13d60000, 0x1430a6b8, 0x1430a800, 0x14960000)
No shared spaces configured.
}
Event: 130.395 GC heap before
{Heap before GC invocations=19 (full 0):
 def new generation   total 4928K, used 4928K [0x03d60000, 0x042b0000, 0x092b0000)
  eden space 4416K, 100% used [0x03d60000, 0x041b0000, 0x041b0000)
  from space 512K, 100% used [0x04230000, 0x042b0000, 0x042b0000)
  to   space 512K,   0% used [0x041b0000, 0x041b0000, 0x04230000)
 tenured generation   total 10944K, used 8580K [0x092b0000, 0x09d60000, 0x13d60000)
   the space 10944K,  78% used [0x092b0000, 0x09b113c0, 0x09b11400, 0x09d60000)
 compacting perm gen  total 12288K, used 5801K [0x13d60000, 0x14960000, 0x17d60000)
   the space 12288K,  47% used [0x13d60000, 0x1430a6b8, 0x1430a800, 0x14960000)
No shared spaces configured.
Event: 130.398 GC heap after
Heap after GC invocations=20 (full 0):
 def new generation   total 4928K, used 49K [0x03d60000, 0x042b0000, 0x092b0000)
  eden space 4416K,   0% used [0x03d60000, 0x03d60000, 0x041b0000)
  from space 512K,   9% used [0x041b0000, 0x041bc640, 0x04230000)
  to   space 512K,   0% used [0x04230000, 0x04230000, 0x042b0000)
 tenured generation   total 10944K, used 9084K [0x092b0000, 0x09d60000, 0x13d60000)
   the space 10944K,  83% used [0x092b0000, 0x09b8f0a0, 0x09b8f200, 0x09d60000)
 compacting perm gen  total 12288K, used 5801K [0x13d60000, 0x14960000, 0x17d60000)
   the space 12288K,  47% used [0x13d60000, 0x1430a6b8, 0x1430a800, 0x14960000)
No shared spaces configured.
}
Event: 138.115 GC heap before
{Heap before GC invocations=20 (full 0):
 def new generation   total 4928K, used 4465K [0x03d60000, 0x042b0000, 0x092b0000)
  eden space 4416K, 100% used [0x03d60000, 0x041b0000, 0x041b0000)
  from space 512K,   9% used [0x041b0000, 0x041bc640, 0x04230000)
  to   space 512K,   0% used [0x04230000, 0x04230000, 0x042b0000)
 tenured generation   total 10944K, used 9084K [0x092b0000, 0x09d60000, 0x13d60000)
   the space 10944K,  83% used [0x092b0000, 0x09b8f0a0, 0x09b8f200, 0x09d60000)
 compacting perm gen  total 12288K, used 5801K [0x13d60000, 0x14960000, 0x17d60000)
   the space 12288K,  47% used [0x13d60000, 0x1430a6b8, 0x1430a800, 0x14960000)
No shared spaces configured.
Event: 138.116 GC heap after
Heap after GC invocations=21 (full 0):
 def new generation   total 4928K, used 38K [0x03d60000, 0x042b0000, 0x092b0000)
  eden space 4416K,   0% used [0x03d60000, 0x03d60000, 0x041b0000)
  from space 512K,   7% used [0x04230000, 0x04239ab0, 0x042b0000)
  to   space 512K,   0% used [0x041b0000, 0x041b0000, 0x04230000)
 tenured generation   total 10944K, used 9084K [0x092b0000, 0x09d60000, 0x13d60000)
   the space 10944K,  83% used [0x092b0000, 0x09b8f0a0, 0x09b8f200, 0x09d60000)
 compacting perm gen  total 12288K, used 5801K [0x13d60000, 0x14960000, 0x17d60000)
   the space 12288K,  47% used [0x13d60000, 0x1430a6b8, 0x1430a800, 0x14960000)
No shared spaces configured.
}
Event: 145.916 GC heap before
{Heap before GC invocations=21 (full 0):
 def new generation   total 4928K, used 4454K [0x03d60000, 0x042b0000, 0x092b0000)
  eden space 4416K, 100% used [0x03d60000, 0x041b0000, 0x041b0000)
  from space 512K,   7% used [0x04230000, 0x04239ab0, 0x042b0000)
  to   space 512K,   0% used [0x041b0000, 0x041b0000, 0x04230000)
 tenured generation   total 10944K, used 9084K [0x092b0000, 0x09d60000, 0x13d60000)
   the space 10944K,  83% used [0x092b0000, 0x09b8f0a0, 0x09b8f200, 0x09d60000)
 compacting perm gen  total 12288K, used 5801K [0x13d60000, 0x14960000, 0x17d60000)
   the space 12288K,  47% used [0x13d60000, 0x1430a6b8, 0x1430a800, 0x14960000)
No shared spaces configured.
Event: 145.917 GC heap after
Heap after GC invocations=22 (full 0):
 def new generation   total 4928K, used 38K [0x03d60000, 0x042b0000, 0x092b0000)
  eden space 4416K,   0% used [0x03d60000, 0x03d60000, 0x041b0000)
  from space 512K,   7% used [0x041b0000, 0x041b9ab0, 0x04230000)
  to   space 512K,   0% used [0x04230000, 0x04230000, 0x042b0000)
 tenured generation   total 10944K, used 9084K [0x092b0000, 0x09d60000, 0x13d60000)
   the space 10944K,  83% used [0x092b0000, 0x09b8f0a0, 0x09b8f200, 0x09d60000)
 compacting perm gen  total 12288K, used 5801K [0x13d60000, 0x14960000, 0x17d60000)
   the space 12288K,  47% used [0x13d60000, 0x1430a6b8, 0x1430a800, 0x14960000)
No shared spaces configured.
}
Event: 153.818 GC heap before
{Heap before GC invocations=22 (full 0):
 def new generation   total 4928K, used 4454K [0x03d60000, 0x042b0000, 0x092b0000)
  eden space 4416K, 100% used [0x03d60000, 0x041b0000, 0x041b0000)
  from space 512K,   7% used [0x041b0000, 0x041b9ab0, 0x04230000)
  to   space 512K,   0% used [0x04230000, 0x04230000, 0x042b0000)
 tenured generation   total 10944K, used 9084K [0x092b0000, 0x09d60000, 0x13d60000)
   the space 10944K,  83% used [0x092b0000, 0x09b8f0a0, 0x09b8f200, 0x09d60000)
 compacting perm gen  total 12288K, used 5801K [0x13d60000, 0x14960000, 0x17d60000)
   the space 12288K,  47% used [0x13d60000, 0x1430a6b8, 0x1430a800, 0x14960000)
No shared spaces configured.
Event: 153.819 GC heap after
Heap after GC invocations=23 (full 0):
 def new generation   total 4928K, used 57K [0x03d60000, 0x042b0000, 0x092b0000)
  eden space 4416K,   0% used [0x03d60000, 0x03d60000, 0x041b0000)
  from space 512K,  11% used [0x04230000, 0x0423e700, 0x042b0000)
  to   space 512K,   0% used [0x041b0000, 0x041b0000, 0x04230000)
 tenured generation   total 10944K, used 9084K [0x092b0000, 0x09d60000, 0x13d60000)
   the space 10944K,  83% used [0x092b0000, 0x09b8f0a0, 0x09b8f200, 0x09d60000)
 compacting perm gen  total 12288K, used 5801K [0x13d60000, 0x14960000, 0x17d60000)
   the space 12288K,  47% used [0x13d60000, 0x1430a6b8, 0x1430a800, 0x14960000)
No shared spaces configured.
}

