# JRE version: Java(TM) SE Runtime Environment (7.0_51-b13) (build 1.7.0_51-b13)
# Java VM: Java HotSpot(TM) Client VM (24.51-b03 mixed mode windows-x86 )
Heap
 def new generation   total 4928K, used 2943K [0x03c00000, 0x04150000, 0x09150000)
  eden space 4416K,  57% used [0x03c00000, 0x03e7bf70, 0x04050000)
  from space 512K,  78% used [0x040d0000, 0x04133f28, 0x04150000)
  to   space 512K,   0% used [0x04050000, 0x04050000, 0x040d0000)
 tenured generation   total 10944K, used 2245K [0x09150000, 0x09c00000, 0x13c00000)
   the space 10944K,  20% used [0x09150000, 0x09381780, 0x09381800, 0x09c00000)
 compacting perm gen  total 12288K, used 5279K [0x13c00000, 0x14800000, 0x17c00000)
   the space 12288K,  42% used [0x13c00000, 0x14127e70, 0x14128000, 0x14800000)
GC Heap History (6 events):
Event: 2.039 GC heap before
{Heap before GC invocations=0 (full 0):
 def new generation   total 4928K, used 4416K [0x03c00000, 0x04150000, 0x09150000)
  eden space 4416K, 100% used [0x03c00000, 0x04050000, 0x04050000)
  from space 512K,   0% used [0x04050000, 0x04050000, 0x040d0000)
  to   space 512K,   0% used [0x040d0000, 0x040d0000, 0x04150000)
 tenured generation   total 10944K, used 0K [0x09150000, 0x09c00000, 0x13c00000)
   the space 10944K,   0% used [0x09150000, 0x09150000, 0x09150200, 0x09c00000)
 compacting perm gen  total 12288K, used 3445K [0x13c00000, 0x14800000, 0x17c00000)
   the space 12288K,  28% used [0x13c00000, 0x13f5d710, 0x13f5d800, 0x14800000)
No shared spaces configured.
Event: 2.046 GC heap after
Heap after GC invocations=1 (full 0):
 def new generation   total 4928K, used 512K [0x03c00000, 0x04150000, 0x09150000)
  eden space 4416K,   0% used [0x03c00000, 0x03c00000, 0x04050000)
  from space 512K, 100% used [0x040d0000, 0x04150000, 0x04150000)
  to   space 512K,   0% used [0x04050000, 0x04050000, 0x040d0000)
 tenured generation   total 10944K, used 620K [0x09150000, 0x09c00000, 0x13c00000)
   the space 10944K,   5% used [0x09150000, 0x091eb2e8, 0x091eb400, 0x09c00000)
 compacting perm gen  total 12288K, used 3445K [0x13c00000, 0x14800000, 0x17c00000)
   the space 12288K,  28% used [0x13c00000, 0x13f5d710, 0x13f5d800, 0x14800000)
No shared spaces configured.
}
Event: 2.658 GC heap before
{Heap before GC invocations=1 (full 0):
 def new generation   total 4928K, used 4926K [0x03c00000, 0x04150000, 0x09150000)
  eden space 4416K,  99% used [0x03c00000, 0x0404f870, 0x04050000)
  from space 512K, 100% used [0x040d0000, 0x04150000, 0x04150000)
  to   space 512K,   0% used [0x04050000, 0x04050000, 0x040d0000)
 tenured generation   total 10944K, used 620K [0x09150000, 0x09c00000, 0x13c00000)
   the space 10944K,   5% used [0x09150000, 0x091eb2e8, 0x091eb400, 0x09c00000)
 compacting perm gen  total 12288K, used 4638K [0x13c00000, 0x14800000, 0x17c00000)
   the space 12288K,  37% used [0x13c00000, 0x140879d8, 0x14087a00, 0x14800000)
No shared spaces configured.
Event: 2.666 GC heap after
Heap after GC invocations=2 (full 0):
 def new generation   total 4928K, used 512K [0x03c00000, 0x04150000, 0x09150000)
  eden space 4416K,   0% used [0x03c00000, 0x03c00000, 0x04050000)
  from space 512K, 100% used [0x04050000, 0x040d0000, 0x040d0000)
  to   space 512K,   0% used [0x040d0000, 0x040d0000, 0x04150000)
 tenured generation   total 10944K, used 1938K [0x09150000, 0x09c00000, 0x13c00000)
   the space 10944K,  17% used [0x09150000, 0x09334858, 0x09334a00, 0x09c00000)
 compacting perm gen  total 12288K, used 4638K [0x13c00000, 0x14800000, 0x17c00000)
   the space 12288K,  37% used [0x13c00000, 0x140879d8, 0x14087a00, 0x14800000)
No shared spaces configured.
}
Event: 7.963 GC heap before
{Heap before GC invocations=2 (full 0):
 def new generation   total 4928K, used 4928K [0x03c00000, 0x04150000, 0x09150000)
  eden space 4416K, 100% used [0x03c00000, 0x04050000, 0x04050000)
  from space 512K, 100% used [0x04050000, 0x040d0000, 0x040d0000)
  to   space 512K,   0% used [0x040d0000, 0x040d0000, 0x04150000)
 tenured generation   total 10944K, used 1938K [0x09150000, 0x09c00000, 0x13c00000)
   the space 10944K,  17% used [0x09150000, 0x09334858, 0x09334a00, 0x09c00000)
 compacting perm gen  total 12288K, used 4911K [0x13c00000, 0x14800000, 0x17c00000)
   the space 12288K,  39% used [0x13c00000, 0x140cbc58, 0x140cbe00, 0x14800000)
No shared spaces configured.
Event: 7.968 GC heap after
Heap after GC invocations=3 (full 0):
 def new generation   total 4928K, used 399K [0x03c00000, 0x04150000, 0x09150000)
  eden space 4416K,   0% used [0x03c00000, 0x03c00000, 0x04050000)
  from space 512K,  78% used [0x040d0000, 0x04133f28, 0x04150000)
  to   space 512K,   0% used [0x04050000, 0x04050000, 0x040d0000)
 tenured generation   total 10944K, used 2245K [0x09150000, 0x09c00000, 0x13c00000)
   the space 10944K,  20% used [0x09150000, 0x09381780, 0x09381800, 0x09c00000)
 compacting perm gen  total 12288K, used 4911K [0x13c00000, 0x14800000, 0x17c00000)
   the space 12288K,  39% used [0x13c00000, 0x140cbc58, 0x140cbe00, 0x14800000)
No shared spaces configured.
}

