# JRE version: Java(TM) SE Runtime Environment (7.0_51-b13) (build 1.7.0_51-b13)
# Java VM: Java HotSpot(TM) Client VM (24.51-b03 mixed mode windows-x86 )
Heap
 def new generation   total 4928K, used 2652K [0x03900000, 0x03e50000, 0x08e50000)
  eden space 4416K,  48% used [0x03900000, 0x03b17378, 0x03d50000)
  from space 512K, 100% used [0x03d50000, 0x03dd0000, 0x03dd0000)
  to   space 512K,   0% used [0x03dd0000, 0x03dd0000, 0x03e50000)
 tenured generation   total 10944K, used 1699K [0x08e50000, 0x09900000, 0x13900000)
   the space 10944K,  15% used [0x08e50000, 0x08ff8fe8, 0x08ff9000, 0x09900000)
 compacting perm gen  total 12288K, used 4914K [0x13900000, 0x14500000, 0x17900000)
   the space 12288K,  39% used [0x13900000, 0x13dccad0, 0x13dccc00, 0x14500000)
GC Heap History (4 events):
Event: 0.811 GC heap before
{Heap before GC invocations=0 (full 0):
 def new generation   total 4928K, used 4416K [0x03900000, 0x03e50000, 0x08e50000)
  eden space 4416K, 100% used [0x03900000, 0x03d50000, 0x03d50000)
  from space 512K,   0% used [0x03d50000, 0x03d50000, 0x03dd0000)
  to   space 512K,   0% used [0x03dd0000, 0x03dd0000, 0x03e50000)
 tenured generation   total 10944K, used 0K [0x08e50000, 0x09900000, 0x13900000)
   the space 10944K,   0% used [0x08e50000, 0x08e50000, 0x08e50200, 0x09900000)
 compacting perm gen  total 12288K, used 3516K [0x13900000, 0x14500000, 0x17900000)
   the space 12288K,  28% used [0x13900000, 0x13c6f368, 0x13c6f400, 0x14500000)
No shared spaces configured.
Event: 0.817 GC heap after
Heap after GC invocations=1 (full 0):
 def new generation   total 4928K, used 512K [0x03900000, 0x03e50000, 0x08e50000)
  eden space 4416K,   0% used [0x03900000, 0x03900000, 0x03d50000)
  from space 512K, 100% used [0x03dd0000, 0x03e50000, 0x03e50000)
  to   space 512K,   0% used [0x03d50000, 0x03d50000, 0x03dd0000)
 tenured generation   total 10944K, used 632K [0x08e50000, 0x09900000, 0x13900000)
   the space 10944K,   5% used [0x08e50000, 0x08eee348, 0x08eee400, 0x09900000)
 compacting perm gen  total 12288K, used 3516K [0x13900000, 0x14500000, 0x17900000)
   the space 12288K,  28% used [0x13900000, 0x13c6f368, 0x13c6f400, 0x14500000)
No shared spaces configured.
}
Event: 1.236 GC heap before
{Heap before GC invocations=1 (full 0):
 def new generation   total 4928K, used 4908K [0x03900000, 0x03e50000, 0x08e50000)
  eden space 4416K,  99% used [0x03900000, 0x03d4b110, 0x03d50000)
  from space 512K, 100% used [0x03dd0000, 0x03e50000, 0x03e50000)
  to   space 512K,   0% used [0x03d50000, 0x03d50000, 0x03dd0000)
 tenured generation   total 10944K, used 632K [0x08e50000, 0x09900000, 0x13900000)
   the space 10944K,   5% used [0x08e50000, 0x08eee348, 0x08eee400, 0x09900000)
 compacting perm gen  total 12288K, used 4576K [0x13900000, 0x14500000, 0x17900000)
   the space 12288K,  37% used [0x13900000, 0x13d78148, 0x13d78200, 0x14500000)
No shared spaces configured.
Event: 1.246 GC heap after
Heap after GC invocations=2 (full 0):
 def new generation   total 4928K, used 512K [0x03900000, 0x03e50000, 0x08e50000)
  eden space 4416K,   0% used [0x03900000, 0x03900000, 0x03d50000)
  from space 512K, 100% used [0x03d50000, 0x03dd0000, 0x03dd0000)
  to   space 512K,   0% used [0x03dd0000, 0x03dd0000, 0x03e50000)
 tenured generation   total 10944K, used 1699K [0x08e50000, 0x09900000, 0x13900000)
   the space 10944K,  15% used [0x08e50000, 0x08ff8fe8, 0x08ff9000, 0x09900000)
 compacting perm gen  total 12288K, used 4576K [0x13900000, 0x14500000, 0x17900000)
   the space 12288K,  37% used [0x13900000, 0x13d78148, 0x13d78200, 0x14500000)
No shared spaces configured.
}

