# JRE version: Java(TM) SE Runtime Environment (7.0_55-b14) (build 1.7.0_55-b14)
# Java VM: Java HotSpot(TM) Client VM (24.55-b03 mixed mode windows-x86 )
Heap
 def new generation   total 4928K, used 602K [0x03b90000, 0x040e0000, 0x090e0000)
  eden space 4416K,   2% used [0x03b90000, 0x03ba6b30, 0x03fe0000)
  from space 512K, 100% used [0x03fe0000, 0x04060000, 0x04060000)
  to   space 512K,   0% used [0x04060000, 0x04060000, 0x040e0000)
 tenured generation   total 10944K, used 10498K [0x090e0000, 0x09b90000, 0x13b90000)
   the space 10944K,  95% used [0x090e0000, 0x09b20ba0, 0x09b20c00, 0x09b90000)
 compacting perm gen  total 12288K, used 5400K [0x13b90000, 0x14790000, 0x17b90000)
   the space 12288K,  43% used [0x13b90000, 0x140d6028, 0x140d6200, 0x14790000)
GC Heap History (10 events):
Event: 4.766 GC heap before
{Heap before GC invocations=7 (full 0):
 def new generation   total 4928K, used 4410K [0x03b90000, 0x040e0000, 0x090e0000)
  eden space 4416K,  99% used [0x03b90000, 0x03fdc2a8, 0x03fe0000)
  from space 512K,   1% used [0x04060000, 0x04062820, 0x040e0000)
  to   space 512K,   0% used [0x03fe0000, 0x03fe0000, 0x04060000)
 tenured generation   total 10944K, used 3801K [0x090e0000, 0x09b90000, 0x13b90000)
   the space 10944K,  34% used [0x090e0000, 0x094967e0, 0x09496800, 0x09b90000)
 compacting perm gen  total 12288K, used 4992K [0x13b90000, 0x14790000, 0x17b90000)
   the space 12288K,  40% used [0x13b90000, 0x140700e8, 0x14070200, 0x14790000)
No shared spaces configured.
Event: 4.768 GC heap after
Heap after GC invocations=8 (full 0):
 def new generation   total 4928K, used 460K [0x03b90000, 0x040e0000, 0x090e0000)
  eden space 4416K,   0% used [0x03b90000, 0x03b90000, 0x03fe0000)
  from space 512K,  89% used [0x03fe0000, 0x040532f0, 0x04060000)
  to   space 512K,   0% used [0x04060000, 0x04060000, 0x040e0000)
 tenured generation   total 10944K, used 3801K [0x090e0000, 0x09b90000, 0x13b90000)
   the space 10944K,  34% used [0x090e0000, 0x094967e0, 0x09496800, 0x09b90000)
 compacting perm gen  total 12288K, used 4992K [0x13b90000, 0x14790000, 0x17b90000)
   the space 12288K,  40% used [0x13b90000, 0x140700e8, 0x14070200, 0x14790000)
No shared spaces configured.
}
Event: 5.711 GC heap before
{Heap before GC invocations=8 (full 0):
 def new generation   total 4928K, used 4628K [0x03b90000, 0x040e0000, 0x090e0000)
  eden space 4416K,  94% used [0x03b90000, 0x03fa1e40, 0x03fe0000)
  from space 512K,  89% used [0x03fe0000, 0x040532f0, 0x04060000)
  to   space 512K,   0% used [0x04060000, 0x04060000, 0x040e0000)
 tenured generation   total 10944K, used 3801K [0x090e0000, 0x09b90000, 0x13b90000)
   the space 10944K,  34% used [0x090e0000, 0x094967e0, 0x09496800, 0x09b90000)
 compacting perm gen  total 12288K, used 5111K [0x13b90000, 0x14790000, 0x17b90000)
   the space 12288K,  41% used [0x13b90000, 0x1408dda8, 0x1408de00, 0x14790000)
No shared spaces configured.
Event: 5.718 GC heap after
Heap after GC invocations=9 (full 0):
 def new generation   total 4928K, used 512K [0x03b90000, 0x040e0000, 0x090e0000)
  eden space 4416K,   0% used [0x03b90000, 0x03b90000, 0x03fe0000)
  from space 512K, 100% used [0x04060000, 0x040e0000, 0x040e0000)
  to   space 512K,   0% used [0x03fe0000, 0x03fe0000, 0x04060000)
 tenured generation   total 10944K, used 4935K [0x090e0000, 0x09b90000, 0x13b90000)
   the space 10944K,  45% used [0x090e0000, 0x095b1d90, 0x095b1e00, 0x09b90000)
 compacting perm gen  total 12288K, used 5111K [0x13b90000, 0x14790000, 0x17b90000)
   the space 12288K,  41% used [0x13b90000, 0x1408dda8, 0x1408de00, 0x14790000)
No shared spaces configured.
}
Event: 6.287 GC heap before
{Heap before GC invocations=9 (full 0):
 def new generation   total 4928K, used 4727K [0x03b90000, 0x040e0000, 0x090e0000)
  eden space 4416K,  95% used [0x03b90000, 0x03fadf98, 0x03fe0000)
  from space 512K, 100% used [0x04060000, 0x040e0000, 0x040e0000)
  to   space 512K,   0% used [0x03fe0000, 0x03fe0000, 0x04060000)
 tenured generation   total 10944K, used 4935K [0x090e0000, 0x09b90000, 0x13b90000)
   the space 10944K,  45% used [0x090e0000, 0x095b1d90, 0x095b1e00, 0x09b90000)
 compacting perm gen  total 12288K, used 5149K [0x13b90000, 0x14790000, 0x17b90000)
   the space 12288K,  41% used [0x13b90000, 0x140976f8, 0x14097800, 0x14790000)
No shared spaces configured.
Event: 6.302 GC heap after
Heap after GC invocations=10 (full 0):
 def new generation   total 4928K, used 512K [0x03b90000, 0x040e0000, 0x090e0000)
  eden space 4416K,   0% used [0x03b90000, 0x03b90000, 0x03fe0000)
  from space 512K, 100% used [0x03fe0000, 0x04060000, 0x04060000)
  to   space 512K,   0% used [0x04060000, 0x04060000, 0x040e0000)
 tenured generation   total 10944K, used 7350K [0x090e0000, 0x09b90000, 0x13b90000)
   the space 10944K,  67% used [0x090e0000, 0x0980d820, 0x0980da00, 0x09b90000)
 compacting perm gen  total 12288K, used 5149K [0x13b90000, 0x14790000, 0x17b90000)
   the space 12288K,  41% used [0x13b90000, 0x140976f8, 0x14097800, 0x14790000)
No shared spaces configured.
}
Event: 6.920 GC heap before
{Heap before GC invocations=10 (full 0):
 def new generation   total 4928K, used 4928K [0x03b90000, 0x040e0000, 0x090e0000)
  eden space 4416K, 100% used [0x03b90000, 0x03fe0000, 0x03fe0000)
  from space 512K, 100% used [0x03fe0000, 0x04060000, 0x04060000)
  to   space 512K,   0% used [0x04060000, 0x04060000, 0x040e0000)
 tenured generation   total 10944K, used 7350K [0x090e0000, 0x09b90000, 0x13b90000)
   the space 10944K,  67% used [0x090e0000, 0x0980d820, 0x0980da00, 0x09b90000)
 compacting perm gen  total 12288K, used 5156K [0x13b90000, 0x14790000, 0x17b90000)
   the space 12288K,  41% used [0x13b90000, 0x140991f8, 0x14099200, 0x14790000)
No shared spaces configured.
Event: 6.928 GC heap after
Heap after GC invocations=11 (full 0):
 def new generation   total 4928K, used 512K [0x03b90000, 0x040e0000, 0x090e0000)
  eden space 4416K,   0% used [0x03b90000, 0x03b90000, 0x03fe0000)
  from space 512K, 100% used [0x04060000, 0x040e0000, 0x040e0000)
  to   space 512K,   0% used [0x03fe0000, 0x03fe0000, 0x04060000)
 tenured generation   total 10944K, used 9483K [0x090e0000, 0x09b90000, 0x13b90000)
   the space 10944K,  86% used [0x090e0000, 0x09a22cc0, 0x09a22e00, 0x09b90000)
 compacting perm gen  total 12288K, used 5156K [0x13b90000, 0x14790000, 0x17b90000)
   the space 12288K,  41% used [0x13b90000, 0x140991f8, 0x14099200, 0x14790000)
No shared spaces configured.
}
Event: 36.270 GC heap before
{Heap before GC invocations=11 (full 0):
 def new generation   total 4928K, used 4910K [0x03b90000, 0x040e0000, 0x090e0000)
  eden space 4416K,  99% used [0x03b90000, 0x03fdba28, 0x03fe0000)
  from space 512K, 100% used [0x04060000, 0x040e0000, 0x040e0000)
  to   space 512K,   0% used [0x03fe0000, 0x03fe0000, 0x04060000)
 tenured generation   total 10944K, used 9483K [0x090e0000, 0x09b90000, 0x13b90000)
   the space 10944K,  86% used [0x090e0000, 0x09a22cc0, 0x09a22e00, 0x09b90000)
 compacting perm gen  total 12288K, used 5400K [0x13b90000, 0x14790000, 0x17b90000)
   the space 12288K,  43% used [0x13b90000, 0x140d6018, 0x140d6200, 0x14790000)
No shared spaces configured.
Event: 36.278 GC heap after
Heap after GC invocations=12 (full 0):
 def new generation   total 4928K, used 512K [0x03b90000, 0x040e0000, 0x090e0000)
  eden space 4416K,   0% used [0x03b90000, 0x03b90000, 0x03fe0000)
  from space 512K, 100% used [0x03fe0000, 0x04060000, 0x04060000)
  to   space 512K,   0% used [0x04060000, 0x04060000, 0x040e0000)
 tenured generation   total 10944K, used 10498K [0x090e0000, 0x09b90000, 0x13b90000)
   the space 10944K,  95% used [0x090e0000, 0x09b20ba0, 0x09b20c00, 0x09b90000)
 compacting perm gen  total 12288K, used 5400K [0x13b90000, 0x14790000, 0x17b90000)
   the space 12288K,  43% used [0x13b90000, 0x140d6018, 0x140d6200, 0x14790000)
No shared spaces configured.
}

