# JRE version: Java(TM) SE Runtime Environment (7.0_55-b14) (build 1.7.0_55-b14)
# Java VM: Java HotSpot(TM) Client VM (24.55-b03 mixed mode windows-x86 )
Heap
 def new generation   total 4928K, used 3445K [0x03940000, 0x03e90000, 0x08e90000)
  eden space 4416K,  77% used [0x03940000, 0x03c9c7a8, 0x03d90000)
  from space 512K,   0% used [0x03e10000, 0x03e10d28, 0x03e90000)
  to   space 512K,   0% used [0x03d90000, 0x03d90000, 0x03e10000)
 tenured generation   total 10944K, used 10375K [0x08e90000, 0x09940000, 0x13940000)
   the space 10944K,  94% used [0x08e90000, 0x098b1f58, 0x098b2000, 0x09940000)
 compacting perm gen  total 12288K, used 5418K [0x13940000, 0x14540000, 0x17940000)
   the space 12288K,  44% used [0x13940000, 0x13e8aba0, 0x13e8ac00, 0x14540000)
GC Heap History (10 events):
Event: 6.623 GC heap before
{Heap before GC invocations=8 (full 0):
 def new generation   total 4928K, used 4863K [0x03940000, 0x03e90000, 0x08e90000)
  eden space 4416K,  99% used [0x03940000, 0x03d8ca50, 0x03d90000)
  from space 512K,  89% used [0x03d90000, 0x03e032f0, 0x03e10000)
  to   space 512K,   0% used [0x03e10000, 0x03e10000, 0x03e90000)
 tenured generation   total 10944K, used 3775K [0x08e90000, 0x09940000, 0x13940000)
   the space 10944K,  34% used [0x08e90000, 0x0923fc80, 0x0923fe00, 0x09940000)
 compacting perm gen  total 12288K, used 5114K [0x13940000, 0x14540000, 0x17940000)
   the space 12288K,  41% used [0x13940000, 0x13e3eaa0, 0x13e3ec00, 0x14540000)
No shared spaces configured.
Event: 6.631 GC heap after
Heap after GC invocations=9 (full 0):
 def new generation   total 4928K, used 512K [0x03940000, 0x03e90000, 0x08e90000)
  eden space 4416K,   0% used [0x03940000, 0x03940000, 0x03d90000)
  from space 512K, 100% used [0x03e10000, 0x03e90000, 0x03e90000)
  to   space 512K,   0% used [0x03d90000, 0x03d90000, 0x03e10000)
 tenured generation   total 10944K, used 5145K [0x08e90000, 0x09940000, 0x13940000)
   the space 10944K,  47% used [0x08e90000, 0x09396460, 0x09396600, 0x09940000)
 compacting perm gen  total 12288K, used 5114K [0x13940000, 0x14540000, 0x17940000)
   the space 12288K,  41% used [0x13940000, 0x13e3eaa0, 0x13e3ec00, 0x14540000)
No shared spaces configured.
}
Event: 7.224 GC heap before
{Heap before GC invocations=9 (full 0):
 def new generation   total 4928K, used 4928K [0x03940000, 0x03e90000, 0x08e90000)
  eden space 4416K, 100% used [0x03940000, 0x03d90000, 0x03d90000)
  from space 512K, 100% used [0x03e10000, 0x03e90000, 0x03e90000)
  to   space 512K,   0% used [0x03d90000, 0x03d90000, 0x03e10000)
 tenured generation   total 10944K, used 5145K [0x08e90000, 0x09940000, 0x13940000)
   the space 10944K,  47% used [0x08e90000, 0x09396460, 0x09396600, 0x09940000)
 compacting perm gen  total 12288K, used 5152K [0x13940000, 0x14540000, 0x17940000)
   the space 12288K,  41% used [0x13940000, 0x13e483e0, 0x13e48400, 0x14540000)
No shared spaces configured.
Event: 7.236 GC heap after
Heap after GC invocations=10 (full 0):
 def new generation   total 4928K, used 512K [0x03940000, 0x03e90000, 0x08e90000)
  eden space 4416K,   0% used [0x03940000, 0x03940000, 0x03d90000)
  from space 512K, 100% used [0x03d90000, 0x03e10000, 0x03e10000)
  to   space 512K,   0% used [0x03e10000, 0x03e10000, 0x03e90000)
 tenured generation   total 10944K, used 8064K [0x08e90000, 0x09940000, 0x13940000)
   the space 10944K,  73% used [0x08e90000, 0x09670010, 0x09670200, 0x09940000)
 compacting perm gen  total 12288K, used 5152K [0x13940000, 0x14540000, 0x17940000)
   the space 12288K,  41% used [0x13940000, 0x13e483e0, 0x13e48400, 0x14540000)
No shared spaces configured.
}
Event: 7.491 GC heap before
{Heap before GC invocations=10 (full 0):
 def new generation   total 4928K, used 4928K [0x03940000, 0x03e90000, 0x08e90000)
  eden space 4416K, 100% used [0x03940000, 0x03d90000, 0x03d90000)
  from space 512K, 100% used [0x03d90000, 0x03e10000, 0x03e10000)
  to   space 512K,   0% used [0x03e10000, 0x03e10000, 0x03e90000)
 tenured generation   total 10944K, used 8064K [0x08e90000, 0x09940000, 0x13940000)
   the space 10944K,  73% used [0x08e90000, 0x09670010, 0x09670200, 0x09940000)
 compacting perm gen  total 12288K, used 5386K [0x13940000, 0x14540000, 0x17940000)
   the space 12288K,  43% used [0x13940000, 0x13e82b88, 0x13e82c00, 0x14540000)
No shared spaces configured.
Event: 7.500 GC heap after
Heap after GC invocations=11 (full 0):
 def new generation   total 4928K, used 512K [0x03940000, 0x03e90000, 0x08e90000)
  eden space 4416K,   0% used [0x03940000, 0x03940000, 0x03d90000)
  from space 512K, 100% used [0x03e10000, 0x03e90000, 0x03e90000)
  to   space 512K,   0% used [0x03d90000, 0x03d90000, 0x03e10000)
 tenured generation   total 10944K, used 9500K [0x08e90000, 0x09940000, 0x13940000)
   the space 10944K,  86% used [0x08e90000, 0x097d72d0, 0x097d7400, 0x09940000)
 compacting perm gen  total 12288K, used 5386K [0x13940000, 0x14540000, 0x17940000)
   the space 12288K,  43% used [0x13940000, 0x13e82b88, 0x13e82c00, 0x14540000)
No shared spaces configured.
}
Event: 52.919 GC heap before
{Heap before GC invocations=11 (full 0):
 def new generation   total 4928K, used 4928K [0x03940000, 0x03e90000, 0x08e90000)
  eden space 4416K, 100% used [0x03940000, 0x03d90000, 0x03d90000)
  from space 512K, 100% used [0x03e10000, 0x03e90000, 0x03e90000)
  to   space 512K,   0% used [0x03d90000, 0x03d90000, 0x03e10000)
 tenured generation   total 10944K, used 9500K [0x08e90000, 0x09940000, 0x13940000)
   the space 10944K,  86% used [0x08e90000, 0x097d72d0, 0x097d7400, 0x09940000)
 compacting perm gen  total 12288K, used 5418K [0x13940000, 0x14540000, 0x17940000)
   the space 12288K,  44% used [0x13940000, 0x13e8ab90, 0x13e8ac00, 0x14540000)
No shared spaces configured.
Event: 52.925 GC heap after
Heap after GC invocations=12 (full 0):
 def new generation   total 4928K, used 383K [0x03940000, 0x03e90000, 0x08e90000)
  eden space 4416K,   0% used [0x03940000, 0x03940000, 0x03d90000)
  from space 512K,  74% used [0x03d90000, 0x03defd00, 0x03e10000)
  to   space 512K,   0% used [0x03e10000, 0x03e10000, 0x03e90000)
 tenured generation   total 10944K, used 10011K [0x08e90000, 0x09940000, 0x13940000)
   the space 10944K,  91% used [0x08e90000, 0x09856c80, 0x09856e00, 0x09940000)
 compacting perm gen  total 12288K, used 5418K [0x13940000, 0x14540000, 0x17940000)
   the space 12288K,  44% used [0x13940000, 0x13e8ab90, 0x13e8ac00, 0x14540000)
No shared spaces configured.
}
Event: 104.809 GC heap before
{Heap before GC invocations=12 (full 0):
 def new generation   total 4928K, used 4799K [0x03940000, 0x03e90000, 0x08e90000)
  eden space 4416K, 100% used [0x03940000, 0x03d90000, 0x03d90000)
  from space 512K,  74% used [0x03d90000, 0x03defd00, 0x03e10000)
  to   space 512K,   0% used [0x03e10000, 0x03e10000, 0x03e90000)
 tenured generation   total 10944K, used 10011K [0x08e90000, 0x09940000, 0x13940000)
   the space 10944K,  91% used [0x08e90000, 0x09856c80, 0x09856e00, 0x09940000)
 compacting perm gen  total 12288K, used 5418K [0x13940000, 0x14540000, 0x17940000)
   the space 12288K,  44% used [0x13940000, 0x13e8aba0, 0x13e8ac00, 0x14540000)
No shared spaces configured.
Event: 104.812 GC heap after
Heap after GC invocations=13 (full 0):
 def new generation   total 4928K, used 3K [0x03940000, 0x03e90000, 0x08e90000)
  eden space 4416K,   0% used [0x03940000, 0x03940000, 0x03d90000)
  from space 512K,   0% used [0x03e10000, 0x03e10d28, 0x03e90000)
  to   space 512K,   0% used [0x03d90000, 0x03d90000, 0x03e10000)
 tenured generation   total 10944K, used 10375K [0x08e90000, 0x09940000, 0x13940000)
   the space 10944K,  94% used [0x08e90000, 0x098b1f58, 0x098b2000, 0x09940000)
 compacting perm gen  total 12288K, used 5418K [0x13940000, 0x14540000, 0x17940000)
   the space 12288K,  44% used [0x13940000, 0x13e8aba0, 0x13e8ac00, 0x14540000)
No shared spaces configured.
}

