# JRE version: Java(TM) SE Runtime Environment (7.0_55-b14) (build 1.7.0_55-b14)
# Java VM: Java HotSpot(TM) Client VM (24.55-b03 mixed mode windows-x86 )
Heap
 def new generation   total 4928K, used 2170K [0x03570000, 0x03ac0000, 0x08ac0000)
  eden space 4416K,  49% used [0x03570000, 0x0378e480, 0x039c0000)
  from space 512K,   0% used [0x03a40000, 0x03a40690, 0x03ac0000)
  to   space 512K,   0% used [0x039c0000, 0x039c0000, 0x03a40000)
 tenured generation   total 10944K, used 8166K [0x08ac0000, 0x09570000, 0x13570000)
   the space 10944K,  74% used [0x08ac0000, 0x092b9878, 0x092b9a00, 0x09570000)
 compacting perm gen  total 12288K, used 5436K [0x13570000, 0x14170000, 0x17570000)
   the space 12288K,  44% used [0x13570000, 0x13abf328, 0x13abf400, 0x14170000)
GC Heap History (10 events):
Event: 10.335 GC heap before
{Heap before GC invocations=6 (full 0):
 def new generation   total 4928K, used 4928K [0x03570000, 0x03ac0000, 0x08ac0000)
  eden space 4416K, 100% used [0x03570000, 0x039c0000, 0x039c0000)
  from space 512K, 100% used [0x039c0000, 0x03a40000, 0x03a40000)
  to   space 512K,   0% used [0x03a40000, 0x03a40000, 0x03ac0000)
 tenured generation   total 10944K, used 4067K [0x08ac0000, 0x09570000, 0x13570000)
   the space 10944K,  37% used [0x08ac0000, 0x08eb8d48, 0x08eb8e00, 0x09570000)
 compacting perm gen  total 12288K, used 5124K [0x13570000, 0x14170000, 0x17570000)
   the space 12288K,  41% used [0x13570000, 0x13a71330, 0x13a71400, 0x14170000)
No shared spaces configured.
Event: 10.339 GC heap after
Heap after GC invocations=7 (full 0):
 def new generation   total 4928K, used 512K [0x03570000, 0x03ac0000, 0x08ac0000)
  eden space 4416K,   0% used [0x03570000, 0x03570000, 0x039c0000)
  from space 512K, 100% used [0x03a40000, 0x03ac0000, 0x03ac0000)
  to   space 512K,   0% used [0x039c0000, 0x039c0000, 0x03a40000)
 tenured generation   total 10944K, used 4699K [0x08ac0000, 0x09570000, 0x13570000)
   the space 10944K,  42% used [0x08ac0000, 0x08f56f80, 0x08f57000, 0x09570000)
 compacting perm gen  total 12288K, used 5124K [0x13570000, 0x14170000, 0x17570000)
   the space 12288K,  41% used [0x13570000, 0x13a71330, 0x13a71400, 0x14170000)
No shared spaces configured.
}
Event: 10.602 GC heap before
{Heap before GC invocations=7 (full 0):
 def new generation   total 4928K, used 4928K [0x03570000, 0x03ac0000, 0x08ac0000)
  eden space 4416K, 100% used [0x03570000, 0x039c0000, 0x039c0000)
  from space 512K, 100% used [0x03a40000, 0x03ac0000, 0x03ac0000)
  to   space 512K,   0% used [0x039c0000, 0x039c0000, 0x03a40000)
 tenured generation   total 10944K, used 4699K [0x08ac0000, 0x09570000, 0x13570000)
   the space 10944K,  42% used [0x08ac0000, 0x08f56f80, 0x08f57000, 0x09570000)
 compacting perm gen  total 12288K, used 5339K [0x13570000, 0x14170000, 0x17570000)
   the space 12288K,  43% used [0x13570000, 0x13aa6cf8, 0x13aa6e00, 0x14170000)
No shared spaces configured.
Event: 10.616 GC heap after
Heap after GC invocations=8 (full 0):
 def new generation   total 4928K, used 511K [0x03570000, 0x03ac0000, 0x08ac0000)
  eden space 4416K,   0% used [0x03570000, 0x03570000, 0x039c0000)
  from space 512K,  99% used [0x039c0000, 0x03a3fff8, 0x03a40000)
  to   space 512K,   0% used [0x03a40000, 0x03a40000, 0x03ac0000)
 tenured generation   total 10944K, used 7267K [0x08ac0000, 0x09570000, 0x13570000)
   the space 10944K,  66% used [0x08ac0000, 0x091d8c80, 0x091d8e00, 0x09570000)
 compacting perm gen  total 12288K, used 5339K [0x13570000, 0x14170000, 0x17570000)
   the space 12288K,  43% used [0x13570000, 0x13aa6cf8, 0x13aa6e00, 0x14170000)
No shared spaces configured.
}
Event: 12.246 GC heap before
{Heap before GC invocations=8 (full 0):
 def new generation   total 4928K, used 4927K [0x03570000, 0x03ac0000, 0x08ac0000)
  eden space 4416K, 100% used [0x03570000, 0x039c0000, 0x039c0000)
  from space 512K,  99% used [0x039c0000, 0x03a3fff8, 0x03a40000)
  to   space 512K,   0% used [0x03a40000, 0x03a40000, 0x03ac0000)
 tenured generation   total 10944K, used 7267K [0x08ac0000, 0x09570000, 0x13570000)
   the space 10944K,  66% used [0x08ac0000, 0x091d8c80, 0x091d8e00, 0x09570000)
 compacting perm gen  total 12288K, used 5436K [0x13570000, 0x14170000, 0x17570000)
   the space 12288K,  44% used [0x13570000, 0x13abf318, 0x13abf400, 0x14170000)
No shared spaces configured.
Event: 12.250 GC heap after
Heap after GC invocations=9 (full 0):
 def new generation   total 4928K, used 460K [0x03570000, 0x03ac0000, 0x08ac0000)
  eden space 4416K,   0% used [0x03570000, 0x03570000, 0x039c0000)
  from space 512K,  89% used [0x03a40000, 0x03ab3280, 0x03ac0000)
  to   space 512K,   0% used [0x039c0000, 0x039c0000, 0x03a40000)
 tenured generation   total 10944K, used 7761K [0x08ac0000, 0x09570000, 0x13570000)
   the space 10944K,  70% used [0x08ac0000, 0x092547a0, 0x09254800, 0x09570000)
 compacting perm gen  total 12288K, used 5436K [0x13570000, 0x14170000, 0x17570000)
   the space 12288K,  44% used [0x13570000, 0x13abf318, 0x13abf400, 0x14170000)
No shared spaces configured.
}
Event: 14.849 GC heap before
{Heap before GC invocations=9 (full 0):
 def new generation   total 4928K, used 4876K [0x03570000, 0x03ac0000, 0x08ac0000)
  eden space 4416K, 100% used [0x03570000, 0x039c0000, 0x039c0000)
  from space 512K,  89% used [0x03a40000, 0x03ab3280, 0x03ac0000)
  to   space 512K,   0% used [0x039c0000, 0x039c0000, 0x03a40000)
 tenured generation   total 10944K, used 7761K [0x08ac0000, 0x09570000, 0x13570000)
   the space 10944K,  70% used [0x08ac0000, 0x092547a0, 0x09254800, 0x09570000)
 compacting perm gen  total 12288K, used 5436K [0x13570000, 0x14170000, 0x17570000)
   the space 12288K,  44% used [0x13570000, 0x13abf328, 0x13abf400, 0x14170000)
No shared spaces configured.
Event: 14.852 GC heap after
Heap after GC invocations=10 (full 0):
 def new generation   total 4928K, used 1K [0x03570000, 0x03ac0000, 0x08ac0000)
  eden space 4416K,   0% used [0x03570000, 0x03570000, 0x039c0000)
  from space 512K,   0% used [0x039c0000, 0x039c0798, 0x03a40000)
  to   space 512K,   0% used [0x03a40000, 0x03a40000, 0x03ac0000)
 tenured generation   total 10944K, used 8166K [0x08ac0000, 0x09570000, 0x13570000)
   the space 10944K,  74% used [0x08ac0000, 0x092b9878, 0x092b9a00, 0x09570000)
 compacting perm gen  total 12288K, used 5436K [0x13570000, 0x14170000, 0x17570000)
   the space 12288K,  44% used [0x13570000, 0x13abf328, 0x13abf400, 0x14170000)
No shared spaces configured.
}
Event: 17.489 GC heap before
{Heap before GC invocations=10 (full 0):
 def new generation   total 4928K, used 4417K [0x03570000, 0x03ac0000, 0x08ac0000)
  eden space 4416K, 100% used [0x03570000, 0x039c0000, 0x039c0000)
  from space 512K,   0% used [0x039c0000, 0x039c0798, 0x03a40000)
  to   space 512K,   0% used [0x03a40000, 0x03a40000, 0x03ac0000)
 tenured generation   total 10944K, used 8166K [0x08ac0000, 0x09570000, 0x13570000)
   the space 10944K,  74% used [0x08ac0000, 0x092b9878, 0x092b9a00, 0x09570000)
 compacting perm gen  total 12288K, used 5436K [0x13570000, 0x14170000, 0x17570000)
   the space 12288K,  44% used [0x13570000, 0x13abf328, 0x13abf400, 0x14170000)
No shared spaces configured.
Event: 17.490 GC heap after
Heap after GC invocations=11 (full 0):
 def new generation   total 4928K, used 1K [0x03570000, 0x03ac0000, 0x08ac0000)
  eden space 4416K,   0% used [0x03570000, 0x03570000, 0x039c0000)
  from space 512K,   0% used [0x03a40000, 0x03a40690, 0x03ac0000)
  to   space 512K,   0% used [0x039c0000, 0x039c0000, 0x03a40000)
 tenured generation   total 10944K, used 8166K [0x08ac0000, 0x09570000, 0x13570000)
   the space 10944K,  74% used [0x08ac0000, 0x092b9878, 0x092b9a00, 0x09570000)
 compacting perm gen  total 12288K, used 5436K [0x13570000, 0x14170000, 0x17570000)
   the space 12288K,  44% used [0x13570000, 0x13abf328, 0x13abf400, 0x14170000)
No shared spaces configured.
}

