# JRE version: Java(TM) SE Runtime Environment (7.0_55-b14) (build 1.7.0_55-b14)
# Java VM: Java HotSpot(TM) Client VM (24.55-b03 mixed mode windows-x86 )
Heap
 def new generation   total 4928K, used 1303K [0x03c60000, 0x041b0000, 0x091b0000)
  eden space 4416K,  22% used [0x03c60000, 0x03d538d8, 0x040b0000)
  from space 512K,  64% used [0x04130000, 0x04182588, 0x041b0000)
  to   space 512K,   0% used [0x040b0000, 0x040b0000, 0x04130000)
 tenured generation   total 10944K, used 7768K [0x091b0000, 0x09c60000, 0x13c60000)
   the space 10944K,  70% used [0x091b0000, 0x099463e8, 0x09946400, 0x09c60000)
 compacting perm gen  total 12288K, used 5421K [0x13c60000, 0x14860000, 0x17c60000)
   the space 12288K,  44% used [0x13c60000, 0x141ab720, 0x141ab800, 0x14860000)
GC Heap History (10 events):
Event: 11.384 GC heap before
{Heap before GC invocations=10 (full 0):
 def new generation   total 4928K, used 4915K [0x03c60000, 0x041b0000, 0x091b0000)
  eden space 4416K,  99% used [0x03c60000, 0x040acc88, 0x040b0000)
  from space 512K, 100% used [0x040b0000, 0x04130000, 0x04130000)
  to   space 512K,   0% used [0x04130000, 0x04130000, 0x041b0000)
 tenured generation   total 10944K, used 5599K [0x091b0000, 0x09c60000, 0x13c60000)
   the space 10944K,  51% used [0x091b0000, 0x09727dc8, 0x09727e00, 0x09c60000)
 compacting perm gen  total 12288K, used 5398K [0x13c60000, 0x14860000, 0x17c60000)
   the space 12288K,  43% used [0x13c60000, 0x141a5ba0, 0x141a5c00, 0x14860000)
No shared spaces configured.
Event: 11.394 GC heap after
Heap after GC invocations=11 (full 0):
 def new generation   total 4928K, used 512K [0x03c60000, 0x041b0000, 0x091b0000)
  eden space 4416K,   0% used [0x03c60000, 0x03c60000, 0x040b0000)
  from space 512K, 100% used [0x04130000, 0x041b0000, 0x041b0000)
  to   space 512K,   0% used [0x040b0000, 0x040b0000, 0x04130000)
 tenured generation   total 10944K, used 7323K [0x091b0000, 0x09c60000, 0x13c60000)
   the space 10944K,  66% used [0x091b0000, 0x098d6cb8, 0x098d6e00, 0x09c60000)
 compacting perm gen  total 12288K, used 5398K [0x13c60000, 0x14860000, 0x17c60000)
   the space 12288K,  43% used [0x13c60000, 0x141a5ba0, 0x141a5c00, 0x14860000)
No shared spaces configured.
}
Event: 101.119 GC heap before
{Heap before GC invocations=11 (full 0):
 def new generation   total 4928K, used 4928K [0x03c60000, 0x041b0000, 0x091b0000)
  eden space 4416K, 100% used [0x03c60000, 0x040b0000, 0x040b0000)
  from space 512K, 100% used [0x04130000, 0x041b0000, 0x041b0000)
  to   space 512K,   0% used [0x040b0000, 0x040b0000, 0x04130000)
 tenured generation   total 10944K, used 7323K [0x091b0000, 0x09c60000, 0x13c60000)
   the space 10944K,  66% used [0x091b0000, 0x098d6cb8, 0x098d6e00, 0x09c60000)
 compacting perm gen  total 12288K, used 5421K [0x13c60000, 0x14860000, 0x17c60000)
   the space 12288K,  44% used [0x13c60000, 0x141ab660, 0x141ab800, 0x14860000)
No shared spaces configured.
Event: 101.123 GC heap after
Heap after GC invocations=12 (full 0):
 def new generation   total 4928K, used 134K [0x03c60000, 0x041b0000, 0x091b0000)
  eden space 4416K,   0% used [0x03c60000, 0x03c60000, 0x040b0000)
  from space 512K,  26% used [0x040b0000, 0x040d1978, 0x04130000)
  to   space 512K,   0% used [0x04130000, 0x04130000, 0x041b0000)
 tenured generation   total 10944K, used 7768K [0x091b0000, 0x09c60000, 0x13c60000)
   the space 10944K,  70% used [0x091b0000, 0x099463e8, 0x09946400, 0x09c60000)
 compacting perm gen  total 12288K, used 5421K [0x13c60000, 0x14860000, 0x17c60000)
   the space 12288K,  44% used [0x13c60000, 0x141ab660, 0x141ab800, 0x14860000)
No shared spaces configured.
}
Event: 117.331 GC heap before
{Heap before GC invocations=12 (full 0):
 def new generation   total 4928K, used 4550K [0x03c60000, 0x041b0000, 0x091b0000)
  eden space 4416K, 100% used [0x03c60000, 0x040b0000, 0x040b0000)
  from space 512K,  26% used [0x040b0000, 0x040d1978, 0x04130000)
  to   space 512K,   0% used [0x04130000, 0x04130000, 0x041b0000)
 tenured generation   total 10944K, used 7768K [0x091b0000, 0x09c60000, 0x13c60000)
   the space 10944K,  70% used [0x091b0000, 0x099463e8, 0x09946400, 0x09c60000)
 compacting perm gen  total 12288K, used 5421K [0x13c60000, 0x14860000, 0x17c60000)
   the space 12288K,  44% used [0x13c60000, 0x141ab680, 0x141ab800, 0x14860000)
No shared spaces configured.
Event: 117.332 GC heap after
Heap after GC invocations=13 (full 0):
 def new generation   total 4928K, used 131K [0x03c60000, 0x041b0000, 0x091b0000)
  eden space 4416K,   0% used [0x03c60000, 0x03c60000, 0x040b0000)
  from space 512K,  25% used [0x04130000, 0x04150db8, 0x041b0000)
  to   space 512K,   0% used [0x040b0000, 0x040b0000, 0x04130000)
 tenured generation   total 10944K, used 7768K [0x091b0000, 0x09c60000, 0x13c60000)
   the space 10944K,  70% used [0x091b0000, 0x099463e8, 0x09946400, 0x09c60000)
 compacting perm gen  total 12288K, used 5421K [0x13c60000, 0x14860000, 0x17c60000)
   the space 12288K,  44% used [0x13c60000, 0x141ab680, 0x141ab800, 0x14860000)
No shared spaces configured.
}
Event: 133.496 GC heap before
{Heap before GC invocations=13 (full 0):
 def new generation   total 4928K, used 4547K [0x03c60000, 0x041b0000, 0x091b0000)
  eden space 4416K, 100% used [0x03c60000, 0x040b0000, 0x040b0000)
  from space 512K,  25% used [0x04130000, 0x04150db8, 0x041b0000)
  to   space 512K,   0% used [0x040b0000, 0x040b0000, 0x04130000)
 tenured generation   total 10944K, used 7768K [0x091b0000, 0x09c60000, 0x13c60000)
   the space 10944K,  70% used [0x091b0000, 0x099463e8, 0x09946400, 0x09c60000)
 compacting perm gen  total 12288K, used 5421K [0x13c60000, 0x14860000, 0x17c60000)
   the space 12288K,  44% used [0x13c60000, 0x141ab690, 0x141ab800, 0x14860000)
No shared spaces configured.
Event: 133.497 GC heap after
Heap after GC invocations=14 (full 0):
 def new generation   total 4928K, used 131K [0x03c60000, 0x041b0000, 0x091b0000)
  eden space 4416K,   0% used [0x03c60000, 0x03c60000, 0x040b0000)
  from space 512K,  25% used [0x040b0000, 0x040d0ef0, 0x04130000)
  to   space 512K,   0% used [0x04130000, 0x04130000, 0x041b0000)
 tenured generation   total 10944K, used 7768K [0x091b0000, 0x09c60000, 0x13c60000)
   the space 10944K,  70% used [0x091b0000, 0x099463e8, 0x09946400, 0x09c60000)
 compacting perm gen  total 12288K, used 5421K [0x13c60000, 0x14860000, 0x17c60000)
   the space 12288K,  44% used [0x13c60000, 0x141ab690, 0x141ab800, 0x14860000)
No shared spaces configured.
}
Event: 147.658 GC heap before
{Heap before GC invocations=14 (full 0):
 def new generation   total 4928K, used 4546K [0x03c60000, 0x041b0000, 0x091b0000)
  eden space 4416K,  99% used [0x03c60000, 0x040af9c8, 0x040b0000)
  from space 512K,  25% used [0x040b0000, 0x040d0ef0, 0x04130000)
  to   space 512K,   0% used [0x04130000, 0x04130000, 0x041b0000)
 tenured generation   total 10944K, used 7768K [0x091b0000, 0x09c60000, 0x13c60000)
   the space 10944K,  70% used [0x091b0000, 0x099463e8, 0x09946400, 0x09c60000)
 compacting perm gen  total 12288K, used 5421K [0x13c60000, 0x14860000, 0x17c60000)
   the space 12288K,  44% used [0x13c60000, 0x141ab6d0, 0x141ab800, 0x14860000)
No shared spaces configured.
Event: 147.659 GC heap after
Heap after GC invocations=15 (full 0):
 def new generation   total 4928K, used 329K [0x03c60000, 0x041b0000, 0x091b0000)
  eden space 4416K,   0% used [0x03c60000, 0x03c60000, 0x040b0000)
  from space 512K,  64% used [0x04130000, 0x04182588, 0x041b0000)
  to   space 512K,   0% used [0x040b0000, 0x040b0000, 0x04130000)
 tenured generation   total 10944K, used 7768K [0x091b0000, 0x09c60000, 0x13c60000)
   the space 10944K,  70% used [0x091b0000, 0x099463e8, 0x09946400, 0x09c60000)
 compacting perm gen  total 12288K, used 5421K [0x13c60000, 0x14860000, 0x17c60000)
   the space 12288K,  44% used [0x13c60000, 0x141ab6d0, 0x141ab800, 0x14860000)
No shared spaces configured.
}

