# JRE version: Java(TM) SE Runtime Environment (7.0_55-b14) (build 1.7.0_55-b14)
# Java VM: Java HotSpot(TM) Client VM (24.55-b03 mixed mode windows-x86 )
Heap
 def new generation   total 4992K, used 4026K [0x03990000, 0x03ef0000, 0x08ee0000)
  eden space 4480K,  84% used [0x03990000, 0x03d41810, 0x03df0000)
  from space 512K,  47% used [0x03e70000, 0x03ead0e8, 0x03ef0000)
  to   space 512K,   0% used [0x03df0000, 0x03df0000, 0x03e70000)
 tenured generation   total 10944K, used 5563K [0x08ee0000, 0x09990000, 0x13990000)
   the space 10944K,  50% used [0x08ee0000, 0x0944eda8, 0x0944ee00, 0x09990000)
 compacting perm gen  total 12288K, used 5851K [0x13990000, 0x14590000, 0x17990000)
   the space 12288K,  47% used [0x13990000, 0x13f46f70, 0x13f47000, 0x14590000)
GC Heap History (10 events):
Event: 173.164 GC heap before
{Heap before GC invocations=26 (full 1):
 def new generation   total 4992K, used 4782K [0x03990000, 0x03ef0000, 0x08ee0000)
  eden space 4480K, 100% used [0x03990000, 0x03df0000, 0x03df0000)
  from space 512K,  59% used [0x03df0000, 0x03e3bb20, 0x03e70000)
  to   space 512K,   0% used [0x03e70000, 0x03e70000, 0x03ef0000)
 tenured generation   total 10944K, used 5461K [0x08ee0000, 0x09990000, 0x13990000)
   the space 10944K,  49% used [0x08ee0000, 0x09435550, 0x09435600, 0x09990000)
 compacting perm gen  total 12288K, used 5851K [0x13990000, 0x14590000, 0x17990000)
   the space 12288K,  47% used [0x13990000, 0x13f46f70, 0x13f47000, 0x14590000)
No shared spaces configured.
Event: 173.166 GC heap after
Heap after GC invocations=27 (full 1):
 def new generation   total 4992K, used 191K [0x03990000, 0x03ef0000, 0x08ee0000)
  eden space 4480K,   0% used [0x03990000, 0x03990000, 0x03df0000)
  from space 512K,  37% used [0x03e70000, 0x03e9ff68, 0x03ef0000)
  to   space 512K,   0% used [0x03df0000, 0x03df0000, 0x03e70000)
 tenured generation   total 10944K, used 5563K [0x08ee0000, 0x09990000, 0x13990000)
   the space 10944K,  50% used [0x08ee0000, 0x0944eda8, 0x0944ee00, 0x09990000)
 compacting perm gen  total 12288K, used 5851K [0x13990000, 0x14590000, 0x17990000)
   the space 12288K,  47% used [0x13990000, 0x13f46f70, 0x13f47000, 0x14590000)
No shared spaces configured.
}
Event: 176.406 GC heap before
{Heap before GC invocations=27 (full 1):
 def new generation   total 4992K, used 4671K [0x03990000, 0x03ef0000, 0x08ee0000)
  eden space 4480K, 100% used [0x03990000, 0x03df0000, 0x03df0000)
  from space 512K,  37% used [0x03e70000, 0x03e9ff68, 0x03ef0000)
  to   space 512K,   0% used [0x03df0000, 0x03df0000, 0x03e70000)
 tenured generation   total 10944K, used 5563K [0x08ee0000, 0x09990000, 0x13990000)
   the space 10944K,  50% used [0x08ee0000, 0x0944eda8, 0x0944ee00, 0x09990000)
 compacting perm gen  total 12288K, used 5851K [0x13990000, 0x14590000, 0x17990000)
   the space 12288K,  47% used [0x13990000, 0x13f46f70, 0x13f47000, 0x14590000)
No shared spaces configured.
Event: 176.407 GC heap after
Heap after GC invocations=28 (full 1):
 def new generation   total 4992K, used 202K [0x03990000, 0x03ef0000, 0x08ee0000)
  eden space 4480K,   0% used [0x03990000, 0x03990000, 0x03df0000)
  from space 512K,  39% used [0x03df0000, 0x03e22ab8, 0x03e70000)
  to   space 512K,   0% used [0x03e70000, 0x03e70000, 0x03ef0000)
 tenured generation   total 10944K, used 5563K [0x08ee0000, 0x09990000, 0x13990000)
   the space 10944K,  50% used [0x08ee0000, 0x0944eda8, 0x0944ee00, 0x09990000)
 compacting perm gen  total 12288K, used 5851K [0x13990000, 0x14590000, 0x17990000)
   the space 12288K,  47% used [0x13990000, 0x13f46f70, 0x13f47000, 0x14590000)
No shared spaces configured.
}
Event: 179.633 GC heap before
{Heap before GC invocations=28 (full 1):
 def new generation   total 4992K, used 4682K [0x03990000, 0x03ef0000, 0x08ee0000)
  eden space 4480K, 100% used [0x03990000, 0x03df0000, 0x03df0000)
  from space 512K,  39% used [0x03df0000, 0x03e22ab8, 0x03e70000)
  to   space 512K,   0% used [0x03e70000, 0x03e70000, 0x03ef0000)
 tenured generation   total 10944K, used 5563K [0x08ee0000, 0x09990000, 0x13990000)
   the space 10944K,  50% used [0x08ee0000, 0x0944eda8, 0x0944ee00, 0x09990000)
 compacting perm gen  total 12288K, used 5851K [0x13990000, 0x14590000, 0x17990000)
   the space 12288K,  47% used [0x13990000, 0x13f46f70, 0x13f47000, 0x14590000)
No shared spaces configured.
Event: 179.634 GC heap after
Heap after GC invocations=29 (full 1):
 def new generation   total 4992K, used 203K [0x03990000, 0x03ef0000, 0x08ee0000)
  eden space 4480K,   0% used [0x03990000, 0x03990000, 0x03df0000)
  from space 512K,  39% used [0x03e70000, 0x03ea2cb0, 0x03ef0000)
  to   space 512K,   0% used [0x03df0000, 0x03df0000, 0x03e70000)
 tenured generation   total 10944K, used 5563K [0x08ee0000, 0x09990000, 0x13990000)
   the space 10944K,  50% used [0x08ee0000, 0x0944eda8, 0x0944ee00, 0x09990000)
 compacting perm gen  total 12288K, used 5851K [0x13990000, 0x14590000, 0x17990000)
   the space 12288K,  47% used [0x13990000, 0x13f46f70, 0x13f47000, 0x14590000)
No shared spaces configured.
}
Event: 182.531 GC heap before
{Heap before GC invocations=29 (full 1):
 def new generation   total 4992K, used 4683K [0x03990000, 0x03ef0000, 0x08ee0000)
  eden space 4480K, 100% used [0x03990000, 0x03df0000, 0x03df0000)
  from space 512K,  39% used [0x03e70000, 0x03ea2cb0, 0x03ef0000)
  to   space 512K,   0% used [0x03df0000, 0x03df0000, 0x03e70000)
 tenured generation   total 10944K, used 5563K [0x08ee0000, 0x09990000, 0x13990000)
   the space 10944K,  50% used [0x08ee0000, 0x0944eda8, 0x0944ee00, 0x09990000)
 compacting perm gen  total 12288K, used 5851K [0x13990000, 0x14590000, 0x17990000)
   the space 12288K,  47% used [0x13990000, 0x13f46f70, 0x13f47000, 0x14590000)
No shared spaces configured.
Event: 182.532 GC heap after
Heap after GC invocations=30 (full 1):
 def new generation   total 4992K, used 224K [0x03990000, 0x03ef0000, 0x08ee0000)
  eden space 4480K,   0% used [0x03990000, 0x03990000, 0x03df0000)
  from space 512K,  43% used [0x03df0000, 0x03e280b8, 0x03e70000)
  to   space 512K,   0% used [0x03e70000, 0x03e70000, 0x03ef0000)
 tenured generation   total 10944K, used 5563K [0x08ee0000, 0x09990000, 0x13990000)
   the space 10944K,  50% used [0x08ee0000, 0x0944eda8, 0x0944ee00, 0x09990000)
 compacting perm gen  total 12288K, used 5851K [0x13990000, 0x14590000, 0x17990000)
   the space 12288K,  47% used [0x13990000, 0x13f46f70, 0x13f47000, 0x14590000)
No shared spaces configured.
}
Event: 185.563 GC heap before
{Heap before GC invocations=30 (full 1):
 def new generation   total 4992K, used 4704K [0x03990000, 0x03ef0000, 0x08ee0000)
  eden space 4480K, 100% used [0x03990000, 0x03df0000, 0x03df0000)
  from space 512K,  43% used [0x03df0000, 0x03e280b8, 0x03e70000)
  to   space 512K,   0% used [0x03e70000, 0x03e70000, 0x03ef0000)
 tenured generation   total 10944K, used 5563K [0x08ee0000, 0x09990000, 0x13990000)
   the space 10944K,  50% used [0x08ee0000, 0x0944eda8, 0x0944ee00, 0x09990000)
 compacting perm gen  total 12288K, used 5851K [0x13990000, 0x14590000, 0x17990000)
   the space 12288K,  47% used [0x13990000, 0x13f46f70, 0x13f47000, 0x14590000)
No shared spaces configured.
Event: 185.564 GC heap after
Heap after GC invocations=31 (full 1):
 def new generation   total 4992K, used 244K [0x03990000, 0x03ef0000, 0x08ee0000)
  eden space 4480K,   0% used [0x03990000, 0x03990000, 0x03df0000)
  from space 512K,  47% used [0x03e70000, 0x03ead0e8, 0x03ef0000)
  to   space 512K,   0% used [0x03df0000, 0x03df0000, 0x03e70000)
 tenured generation   total 10944K, used 5563K [0x08ee0000, 0x09990000, 0x13990000)
   the space 10944K,  50% used [0x08ee0000, 0x0944eda8, 0x0944ee00, 0x09990000)
 compacting perm gen  total 12288K, used 5851K [0x13990000, 0x14590000, 0x17990000)
   the space 12288K,  47% used [0x13990000, 0x13f46f70, 0x13f47000, 0x14590000)
No shared spaces configured.
}

